[2018-05-26 12:00:14,210] [ERROR] Non-ASCII character '\xe9' in file D:\nginx\nginx-1.14.0\AiTeDeLian-master\IT_show\show\models.py on line 7, but no encoding declared; see http://python.org/dev/peps/pep-0263/ for details (models.py, line 7)
[2018-05-26 12:05:48,897] [ERROR] Non-ASCII character '\xe5' in file D:\nginx\nginx-1.14.0\AiTeDeLian-master\IT_show\show\admin.py on line 8, but no encoding declared; see http://python.org/dev/peps/pep-0263/ for details (admin.py, line 8)
[2018-06-04 16:27:18,989] [INFO] "GET /admin HTTP/1.0" 301 0
[2018-06-04 16:28:19,143] [INFO] "GET /admin/ HTTP/1.0" 302 0
[2018-06-04 16:28:19,782] [INFO] "GET /admin/login/?next=/admin/ HTTP/1.0" 200 1652
[2018-06-04 16:28:19,848] [INFO] "GET /static/admin/css/base.css HTTP/1.0" 200 16066
[2018-06-04 16:28:19,883] [INFO] "GET /static/admin/css/login.css HTTP/1.0" 200 1203
[2018-06-04 16:28:19,901] [INFO] "GET /static/admin/css/fonts.css HTTP/1.0" 200 423
[2018-06-04 16:28:52,145] [INFO] "GET /admin HTTP/1.0" 301 0
[2018-06-04 16:28:52,331] [INFO] "GET /admin/ HTTP/1.0" 302 0
[2018-06-04 16:29:52,437] [INFO] "GET /admin/login/?next=/admin/ HTTP/1.0" 200 1652
[2018-06-04 16:29:52,561] [INFO] "GET /static/admin/css/base.css HTTP/1.0" 200 16066
[2018-06-04 16:29:52,654] [INFO] "GET /static/admin/css/login.css HTTP/1.0" 200 1203
[2018-06-04 16:29:52,779] [INFO] "GET /static/admin/css/fonts.css HTTP/1.0" 200 423
[2018-06-04 18:24:40,903] [WARNING] Not Found: /
[2018-06-04 18:24:40,907] [WARNING] "GET / HTTP/1.1" 404 2123
[2018-06-04 18:24:41,019] [WARNING] Not Found: /favicon.ico
[2018-06-04 18:24:41,022] [WARNING] "GET /favicon.ico HTTP/1.1" 404 2174
[2018-06-04 18:24:45,398] [INFO] "GET /admin HTTP/1.1" 301 0
[2018-06-04 18:24:45,772] [INFO] "GET /admin/ HTTP/1.1" 302 0
[2018-06-04 18:24:45,980] [INFO] "GET /admin/login/?next=/admin/ HTTP/1.1" 200 1652
[2018-06-04 18:24:46,009] [INFO] "GET /static/admin/css/base.css HTTP/1.1" 200 16066
[2018-06-04 18:24:46,307] [INFO] "GET /static/admin/css/login.css HTTP/1.1" 200 1203
[2018-06-04 18:24:46,346] [INFO] "GET /static/admin/css/fonts.css HTTP/1.1" 200 423
[2018-06-04 18:24:46,692] [INFO] "GET /static/admin/fonts/Roboto-Regular-webfont.woff HTTP/1.1" 200 80304
[2018-06-04 18:24:46,699] [INFO] "GET /static/admin/fonts/Roboto-Light-webfont.woff HTTP/1.1" 200 81348
[2018-06-04 18:25:08,811] [WARNING] Not Found: /
[2018-06-04 18:25:08,814] [WARNING] "GET / HTTP/1.1" 404 2123
[2018-06-04 18:25:08,924] [WARNING] Not Found: /favicon.ico
[2018-06-04 18:25:08,926] [WARNING] "GET /favicon.ico HTTP/1.1" 404 2174
[2018-06-04 18:25:28,055] [WARNING] Not Found: /
[2018-06-04 18:25:28,058] [WARNING] "GET / HTTP/1.1" 404 2129
[2018-06-04 18:25:28,269] [WARNING] Not Found: /favicon.ico
[2018-06-04 18:25:28,272] [WARNING] "GET /favicon.ico HTTP/1.1" 404 2180
[2018-06-04 18:25:30,777] [INFO] "GET /admin HTTP/1.1" 301 0
[2018-06-04 18:25:30,793] [INFO] "GET /admin/ HTTP/1.1" 302 0
[2018-06-04 18:25:30,838] [INFO] "GET /admin/login/?next=/admin/ HTTP/1.1" 200 1652
[2018-06-04 18:25:30,861] [INFO] "GET /static/admin/css/base.css HTTP/1.1" 200 16066
[2018-06-04 18:25:30,871] [INFO] "GET /static/admin/css/login.css HTTP/1.1" 200 1203
[2018-06-04 18:25:31,230] [INFO] "GET /static/admin/css/fonts.css HTTP/1.1" 200 423
[2018-06-04 18:25:31,268] [INFO] "GET /static/admin/fonts/Roboto-Regular-webfont.woff HTTP/1.1" 200 80304
[2018-06-04 18:25:31,278] [INFO] "GET /static/admin/fonts/Roboto-Light-webfont.woff HTTP/1.1" 200 81348
[2018-06-04 18:32:20,829] [WARNING] Not Found: /
[2018-06-04 18:32:20,949] [WARNING] Not Found: /favicon.ico
[2018-06-04 18:38:32,892] [WARNING] Not Found: /
[2018-06-04 18:38:33,030] [WARNING] Not Found: /favicon.ico
[2018-06-04 18:50:36,180] [WARNING] Not Found: /
[2018-06-04 18:50:36,296] [WARNING] Not Found: /favicon.ico
[2018-06-04 19:46:33,399] [WARNING] Not Found: /static/admin/css/dashboard.css
[2018-06-04 19:46:38,135] [WARNING] Not Found: /static/admin/css/changelists.css
[2018-06-04 19:46:46,815] [WARNING] Not Found: /static/admin/css/dashboard.css
[2018-06-04 19:46:49,294] [WARNING] Not Found: /static/admin/css/changelists.css
[2018-06-04 19:46:51,953] [WARNING] Not Found: /static/admin/css/dashboard.css
[2018-06-04 19:47:10,689] [WARNING] Not Found: /static/admin/css/forms.css
[2018-06-04 19:47:14,390] [WARNING] Not Found: /static/admin/css/dashboard.css
[2018-06-04 19:47:16,914] [WARNING] Not Found: /static/admin/css/forms.css
[2018-06-04 19:47:18,561] [WARNING] Not Found: /static/admin/css/dashboard.css
[2018-06-04 19:47:21,506] [WARNING] Not Found: /static/admin/css/changelists.css
[2018-06-04 19:47:25,421] [WARNING] Not Found: /static/admin/css/forms.css
[2018-06-04 19:51:18,032] [WARNING] Not Found: /static/admin/css/changelists.css
[2018-06-04 19:51:20,596] [WARNING] Not Found: /static/admin/css/dashboard.css
[2018-06-04 19:51:21,899] [WARNING] Not Found: /static/admin/css/changelists.css
[2018-06-04 19:54:15,699] [WARNING] Not Found: /static/admin/css/changelists.css
[2018-06-04 19:54:16,744] [WARNING] Not Found: /static/admin/css/changelists.css
[2018-06-04 19:54:17,688] [WARNING] Not Found: /static/admin/css/changelists.css
[2018-06-04 19:55:20,208] [WARNING] Not Found: /static/admin/css/changelists.css
[2018-06-04 19:56:09,635] [WARNING] Not Found: /static/admin/css/changelists.css
[2018-06-04 19:57:28,364] [WARNING] Not Found: /static/admin/css/changelists.css
[2018-06-04 19:57:28,373] [WARNING] Not Found: /static/admin/js/admin/RelatedObjectLookups.js
[2018-06-04 19:57:28,381] [WARNING] Not Found: /static/admin/js/jquery.init.js
[2018-06-04 19:57:28,390] [WARNING] Not Found: /static/admin/js/core.js
[2018-06-04 19:57:28,399] [WARNING] Not Found: /static/admin/js/actions.js
[2018-06-04 19:57:28,492] [WARNING] Not Found: /static/admin/js/core.js
[2018-06-04 19:57:29,536] [WARNING] Not Found: /static/admin/js/vendor/jquery/jquery.js
[2018-06-04 19:57:29,562] [WARNING] Not Found: /static/admin/js/prepopulate.js
[2018-06-04 19:57:29,562] [WARNING] Not Found: /static/admin/js/vendor/xregexp/xregexp.js
[2018-06-04 19:57:29,566] [WARNING] Not Found: /static/admin/js/jquery.init.js
[2018-06-04 19:57:29,581] [WARNING] Not Found: /static/admin/js/urlify.js
[2018-06-04 19:57:29,584] [WARNING] Not Found: /static/admin/img/search.svg
[2018-06-04 19:57:29,585] [WARNING] Not Found: /static/admin/js/admin/RelatedObjectLookups.js
[2018-06-04 19:57:29,605] [WARNING] Not Found: /static/admin/js/actions.js
[2018-06-04 19:57:29,900] [WARNING] Not Found: /static/admin/js/prepopulate.js
[2018-06-04 19:57:29,921] [WARNING] Not Found: /static/admin/js/vendor/xregexp/xregexp.js
[2018-06-04 19:57:29,956] [WARNING] Not Found: /static/admin/img/tooltag-add.svg
[2018-06-04 19:57:29,981] [WARNING] Not Found: /static/admin/fonts/Roboto-Light-webfont.woff
[2018-06-04 19:57:29,981] [WARNING] Not Found: /static/admin/fonts/Roboto-Regular-webfont.woff
[2018-06-04 19:57:29,988] [WARNING] Not Found: /static/admin/fonts/Roboto-Bold-webfont.woff
[2018-06-04 20:10:11,023] [WARNING] Not Found: /static/admin/js/jquery.init.js
[2018-06-04 20:10:11,145] [WARNING] Not Found: /static/admin/js/admin/RelatedObjectLookups.js
[2018-06-04 20:10:11,236] [WARNING] Not Found: /static/admin/js/actions.js
[2018-06-04 20:10:11,275] [WARNING] Not Found: /static/admin/js/urlify.js
[2018-06-04 20:10:11,640] [WARNING] Not Found: /static/admin/js/vendor/xregexp/xregexp.js
[2018-06-04 20:10:12,189] [WARNING] Not Found: /static/admin/js/vendor/jquery/jquery.js
[2018-06-04 20:10:12,208] [WARNING] Not Found: /static/admin/js/prepopulate.js
[2018-06-04 20:10:12,289] [WARNING] Not Found: /static/admin/js/core.js
[2018-06-04 20:10:12,557] [WARNING] Not Found: /static/admin/css/changelists.css
[2018-06-04 20:10:12,626] [WARNING] Not Found: /static/admin/img/search.svg
[2018-06-04 20:10:12,635] [WARNING] Not Found: /static/admin/js/core.js
[2018-06-04 20:10:12,670] [WARNING] Not Found: /static/admin/js/vendor/jquery/jquery.js
[2018-06-04 20:10:12,688] [WARNING] Not Found: /static/admin/js/jquery.init.js
[2018-06-04 20:10:12,722] [WARNING] Not Found: /static/admin/js/admin/RelatedObjectLookups.js
[2018-06-04 20:10:12,755] [WARNING] Not Found: /static/admin/js/actions.js
[2018-06-04 20:10:12,779] [WARNING] Not Found: /static/admin/js/urlify.js
[2018-06-04 20:10:12,806] [WARNING] Not Found: /static/admin/js/prepopulate.js
[2018-06-04 20:10:12,840] [WARNING] Not Found: /static/admin/js/vendor/xregexp/xregexp.js
[2018-06-04 20:10:12,867] [WARNING] Not Found: /static/admin/img/tooltag-add.svg
[2018-06-04 20:10:12,868] [WARNING] Not Found: /static/admin/fonts/Roboto-Regular-webfont.woff
[2018-06-04 20:10:12,876] [WARNING] Not Found: /static/admin/fonts/Roboto-Light-webfont.woff
[2018-06-04 20:10:12,877] [WARNING] Not Found: /static/admin/fonts/Roboto-Bold-webfont.woff
[2018-06-04 20:12:50,669] [WARNING] Not Found: /static/admin/css/changelists.css
[2018-06-04 20:12:50,680] [WARNING] Not Found: /static/admin/js/core.js
[2018-06-04 20:12:50,682] [WARNING] Not Found: /static/admin/js/admin/RelatedObjectLookups.js
[2018-06-04 20:12:50,689] [WARNING] Not Found: /static/admin/js/vendor/jquery/jquery.js
[2018-06-04 20:12:50,693] [WARNING] Not Found: /static/admin/js/actions.js
[2018-06-04 20:12:50,702] [WARNING] Not Found: /static/admin/js/urlify.js
[2018-06-04 20:12:50,710] [WARNING] Not Found: /static/admin/js/jquery.init.js
[2018-06-04 20:12:50,711] [WARNING] Not Found: /static/admin/js/prepopulate.js
[2018-06-04 20:12:50,721] [WARNING] Not Found: /static/admin/js/vendor/xregexp/xregexp.js
[2018-06-04 20:12:50,740] [WARNING] Not Found: /static/admin/img/search.svg
[2018-06-04 20:12:50,761] [WARNING] Not Found: /static/admin/js/core.js
[2018-06-04 20:12:50,791] [WARNING] Not Found: /static/admin/js/vendor/jquery/jquery.js
[2018-06-04 20:12:50,832] [WARNING] Not Found: /static/admin/js/jquery.init.js
[2018-06-04 20:12:50,852] [WARNING] Not Found: /static/admin/js/admin/RelatedObjectLookups.js
[2018-06-04 20:12:50,891] [WARNING] Not Found: /static/admin/js/actions.js
[2018-06-04 20:12:50,921] [WARNING] Not Found: /static/admin/js/urlify.js
[2018-06-04 20:12:50,953] [WARNING] Not Found: /static/admin/js/prepopulate.js
[2018-06-04 20:12:50,979] [WARNING] Not Found: /static/admin/js/vendor/xregexp/xregexp.js
[2018-06-04 20:12:51,012] [WARNING] Not Found: /static/admin/img/tooltag-add.svg
[2018-06-04 20:12:51,012] [WARNING] Not Found: /static/admin/fonts/Roboto-Light-webfont.woff
[2018-06-04 20:12:51,021] [WARNING] Not Found: /static/admin/fonts/Roboto-Bold-webfont.woff
[2018-06-04 20:12:51,021] [WARNING] Not Found: /static/admin/fonts/Roboto-Regular-webfont.woff
[2018-06-04 20:13:36,196] [WARNING] Not Found: /
[2018-06-04 20:13:36,317] [WARNING] Not Found: /favicon.ico
[2018-06-04 20:13:46,728] [WARNING] Not Found: /static/admin/css/changelists.css
[2018-06-04 20:13:47,016] [WARNING] Not Found: /static/admin/js/actions.js
[2018-06-04 20:13:47,391] [WARNING] Not Found: /static/admin/js/prepopulate.js
[2018-06-04 20:13:47,799] [WARNING] Not Found: /static/admin/js/urlify.js
[2018-06-04 20:13:47,952] [WARNING] Not Found: /static/admin/js/admin/RelatedObjectLookups.js
[2018-06-04 20:13:47,977] [WARNING] Not Found: /static/admin/js/vendor/jquery/jquery.js
[2018-06-04 20:13:48,003] [WARNING] Not Found: /static/admin/js/vendor/xregexp/xregexp.js
[2018-06-04 20:13:48,022] [WARNING] Not Found: /static/admin/js/core.js
[2018-06-04 20:13:48,086] [WARNING] Not Found: /static/admin/img/search.svg
[2018-06-04 20:13:48,086] [WARNING] Not Found: /static/admin/js/core.js
[2018-06-04 20:13:48,119] [WARNING] Not Found: /static/admin/js/vendor/jquery/jquery.js
[2018-06-04 20:13:48,437] [WARNING] Not Found: /static/admin/js/jquery.init.js
[2018-06-04 20:13:48,509] [WARNING] Not Found: /static/admin/js/admin/RelatedObjectLookups.js
[2018-06-04 20:13:48,544] [WARNING] Not Found: /static/admin/js/actions.js
[2018-06-04 20:13:48,568] [WARNING] Not Found: /static/admin/js/urlify.js
[2018-06-04 20:13:48,602] [WARNING] Not Found: /static/admin/js/prepopulate.js
[2018-06-04 20:13:48,640] [WARNING] Not Found: /static/admin/js/vendor/xregexp/xregexp.js
[2018-06-04 20:13:48,674] [WARNING] Not Found: /static/admin/fonts/Roboto-Bold-webfont.woff
[2018-06-04 20:13:48,674] [WARNING] Not Found: /static/admin/img/tooltag-add.svg
[2018-06-04 20:13:48,682] [WARNING] Not Found: /static/admin/fonts/Roboto-Light-webfont.woff
[2018-06-04 20:13:48,684] [WARNING] Not Found: /static/admin/fonts/Roboto-Regular-webfont.woff
[2018-06-04 20:14:41,602] [WARNING] Not Found: /static/admin/css/changelists.css
[2018-06-04 20:17:58,866] [WARNING] Not Found: /static/admin/js/core.js
[2018-06-04 20:17:58,870] [WARNING] Not Found: /static/admin/js/admin/RelatedObjectLookups.js
[2018-06-04 20:17:58,876] [WARNING] Not Found: /static/admin/js/vendor/jquery/jquery.js
[2018-06-04 20:17:58,879] [WARNING] Not Found: /static/admin/js/jquery.init.js
[2018-06-04 20:17:58,888] [WARNING] Not Found: /static/admin/css/changelists.css
[2018-06-04 20:17:58,943] [WARNING] Not Found: /static/admin/js/prepopulate.js
[2018-06-04 20:17:58,943] [WARNING] Not Found: /static/admin/js/actions.js
[2018-06-04 20:17:58,952] [WARNING] Not Found: /static/admin/js/urlify.js
[2018-06-04 20:17:58,952] [WARNING] Not Found: /static/admin/js/vendor/xregexp/xregexp.js
[2018-06-04 20:17:59,011] [WARNING] Not Found: /static/admin/js/core.js
[2018-06-04 20:17:59,020] [WARNING] Not Found: /static/admin/img/search.svg
[2018-06-04 20:17:59,078] [WARNING] Not Found: /static/admin/js/vendor/jquery/jquery.js
[2018-06-04 20:17:59,135] [WARNING] Not Found: /static/admin/js/jquery.init.js
[2018-06-04 20:17:59,172] [WARNING] Not Found: /static/admin/js/admin/RelatedObjectLookups.js
[2018-06-04 20:17:59,222] [WARNING] Not Found: /static/admin/js/actions.js
[2018-06-04 20:17:59,268] [WARNING] Not Found: /static/admin/js/urlify.js
[2018-06-04 20:17:59,323] [WARNING] Not Found: /static/admin/js/prepopulate.js
[2018-06-04 20:17:59,382] [WARNING] Not Found: /static/admin/js/vendor/xregexp/xregexp.js
[2018-06-04 20:17:59,451] [WARNING] Not Found: /static/admin/img/tooltag-add.svg
[2018-06-04 20:17:59,460] [WARNING] Not Found: /static/admin/fonts/Roboto-Bold-webfont.woff
[2018-06-04 20:17:59,468] [WARNING] Not Found: /static/admin/fonts/Roboto-Light-webfont.woff
[2018-06-04 20:17:59,476] [WARNING] Not Found: /static/admin/fonts/Roboto-Regular-webfont.woff
[2018-06-04 20:18:07,337] [WARNING] Not Found: /static/admin/css/changelists.css
[2018-06-04 20:18:56,539] [WARNING] Not Found: /static/admin/css/changelists.css
[2018-06-04 20:18:57,754] [WARNING] Not Found: /static/admin/css/changelists.css
[2018-06-04 20:18:59,577] [WARNING] Not Found: /static/admin/css/changelists.css
[2018-06-04 20:18:59,590] [WARNING] Not Found: /static/admin/js/core.js
[2018-06-04 20:18:59,600] [WARNING] Not Found: /static/admin/js/jquery.init.js
[2018-06-04 20:18:59,602] [WARNING] Not Found: /static/admin/js/admin/RelatedObjectLookups.js
[2018-06-04 20:18:59,608] [WARNING] Not Found: /static/admin/js/vendor/jquery/jquery.js
[2018-06-04 20:18:59,642] [WARNING] Not Found: /static/admin/js/urlify.js
.js
[2018-06-04 20:18:59,642] [WARNING] Not Found: /static/admin/js/actions.js
[2018-06-04 20:18:59,652] [WARNING] Not Found: /static/admin/js/vendor/xregexp/xregexp.js
[2018-06-04 20:18:59,686] [WARNING] Not Found: /static/admin/js/core.js
[2018-06-04 20:18:59,691] [WARNING] Not Found: /static/admin/img/search.svg
[2018-06-04 20:18:59,721] [WARNING] Not Found: /static/admin/js/vendor/jquery/jquery.js
[2018-06-04 20:18:59,766] [WARNING] Not Found: /static/admin/js/jquery.init.js
[2018-06-04 20:18:59,803] [WARNING] Not Found: /static/admin/js/admin/RelatedObjectLookups.js
[2018-06-04 20:18:59,845] [WARNING] Not Found: /static/admin/js/actions.js
[2018-06-04 20:18:59,892] [WARNING] Not Found: /static/admin/js/urlify.js
[2018-06-04 20:18:59,951] [WARNING] Not Found: /static/admin/js/prepopulate.js
[2018-06-04 20:18:59,993] [WARNING] Not Found: /static/admin/js/vendor/xregexp/xregexp.js
[2018-06-04 20:19:00,040] [WARNING] Not Found: /static/admin/img/tooltag-add.svg
[2018-06-04 20:19:00,052] [WARNING] Not Found: /static/admin/fonts/Roboto-Regular-webfont.woff
[2018-06-04 20:19:00,061] [WARNING] Not Found: /static/admin/fonts/Roboto-Bold-webfont.woff
[2018-06-04 20:19:00,069] [WARNING] Not Found: /static/admin/fonts/Roboto-Light-webfont.woff
[2018-06-04 20:19:19,081] [WARNING] Not Found: /static/admin/css/changelists.css
[2018-06-04 20:20:20,586] [WARNING] Not Found: /static/admin/css/changelists.css
[2018-06-04 20:20:23,907] [WARNING] Not Found: /static/admin/css/changelists.css
[2018-06-04 20:20:23,916] [WARNING] Not Found: /static/admin/js/core.js
[2018-06-04 20:20:23,926] [WARNING] Not Found: /static/admin/js/vendor/jquery/jquery.js
[2018-06-04 20:20:23,935] [WARNING] Not Found: /static/admin/js/admin/RelatedObjectLookups.js
[2018-06-04 20:20:23,935] [WARNING] Not Found: /static/admin/js/jquery.init.js
[2018-06-04 20:20:23,949] [WARNING] Not Found: /static/admin/js/actions.js
[2018-06-04 20:20:23,969] [WARNING] Not Found: /static/admin/js/urlify.js
[2018-06-04 20:20:23,970] [WARNING] Not Found: /static/admin/js/prepopulate.js
[2018-06-04 20:20:23,978] [WARNING] Not Found: /static/admin/js/vendor/xregexp/xregexp.js
[2018-06-04 20:20:23,999] [WARNING] Not Found: /static/admin/js/core.js
[2018-06-04 20:20:24,007] [WARNING] Not Found: /static/admin/img/search.svg
[2018-06-04 20:20:24,022] [WARNING] Not Found: /static/admin/js/vendor/jquery/jquery.js
[2018-06-04 20:20:24,071] [WARNING] Not Found: /static/admin/js/jquery.init.js
[2018-06-04 20:20:24,108] [WARNING] Not Found: /static/admin/js/admin/RelatedObjectLookups.js
[2018-06-04 20:20:24,147] [WARNING] Not Found: /static/admin/js/actions.js
[2018-06-04 20:20:24,170] [WARNING] Not Found: /static/admin/js/urlify.js
[2018-06-04 20:20:24,195] [WARNING] Not Found: /static/admin/js/prepopulate.js
[2018-06-04 20:20:24,221] [WARNING] Not Found: /static/admin/js/vendor/xregexp/xregexp.js
[2018-06-04 20:20:24,257] [WARNING] Not Found: /static/admin/img/tooltag-add.svg
font.woff
[2018-06-04 20:20:24,267] [WARNING] Not Found: /static/admin/fonts/Roboto-Light-webfont.woff
[2018-06-04 20:20:24,282] [WARNING] Not Found: /static/admin/fonts/Roboto-Regular-webfont.woff
[2018-06-04 20:20:37,455] [WARNING] Not Found: /static/admin/css/changelists.css
[2018-06-04 20:20:37,469] [WARNING] Not Found: /static/admin/js/vendor/jquery/jquery.js
[2018-06-04 20:20:37,478] [WARNING] Not Found: /static/admin/js/jquery.init.js
[2018-06-04 20:20:37,484] [WARNING] Not Found: /static/admin/js/core.js
[2018-06-04 20:20:37,485] [WARNING] Not Found: /static/admin/js/admin/RelatedObjectLookups.js
[2018-06-04 20:20:37,492] [WARNING] Not Found: /static/admin/js/actions.js
[2018-06-04 20:20:37,503] [WARNING] Not Found: /static/admin/js/prepopulate.js
[2018-06-04 20:20:37,514] [WARNING] Not Found: /static/admin/js/urlify.js
[2018-06-04 20:20:37,518] [WARNING] Not Found: /static/admin/js/vendor/xregexp/xregexp.js
[2018-06-04 20:20:37,548] [WARNING] Not Found: /static/admin/js/core.js
[2018-06-04 20:20:37,548] [WARNING] Not Found: /static/admin/img/search.svg
[2018-06-04 20:20:37,576] [WARNING] Not Found: /static/admin/js/vendor/jquery/jquery.js
[2018-06-04 20:20:37,609] [WARNING] Not Found: /static/admin/js/jquery.init.js
[2018-06-04 20:20:37,636] [WARNING] Not Found: /static/admin/js/admin/RelatedObjectLookups.js
[2018-06-04 20:20:37,676] [WARNING] Not Found: /static/admin/js/actions.js
[2018-06-04 20:20:37,710] [WARNING] Not Found: /static/admin/js/urlify.js
[2018-06-04 20:20:37,746] [WARNING] Not Found: /static/admin/js/prepopulate.js
[2018-06-04 20:20:37,779] [WARNING] Not Found: /static/admin/js/vendor/xregexp/xregexp.js
[2018-06-04 20:20:37,814] [WARNING] Not Found: /static/admin/img/tooltag-add.svg
[2018-06-04 20:20:37,814] [WARNING] Not Found: /static/admin/fonts/Roboto-Bold-webfont.woff
[2018-06-04 20:20:37,823] [WARNING] Not Found: /static/admin/fonts/Roboto-Light-webfont.woff
[2018-06-04 20:20:37,831] [WARNING] Not Found: /static/admin/fonts/Roboto-Regular-webfont.woff
[2018-06-04 20:20:39,839] [WARNING] Not Found: /static/admin/css/changelists.css
[2018-06-04 20:20:41,620] [WARNING] Not Found: /static/admin/css/changelists.css
[2018-06-04 20:21:22,149] [WARNING] Not Found: /static/admin/js/jquery.init.js
[2018-06-04 20:21:22,149] [WARNING] Not Found: /static/admin/js/vendor/jquery/jquery.js
[2018-06-04 20:21:22,156] [WARNING] Not Found: /static/admin/js/actions.js
[2018-06-04 20:21:22,157] [WARNING] Not Found: /static/admin/css/changelists.css
[2018-06-04 20:21:22,165] [WARNING] Not Found: /static/admin/js/core.js
[2018-06-04 20:21:22,175] [WARNING] Not Found: /static/admin/js/admin/RelatedObjectLookups.js
[2018-06-04 20:21:22,191] [WARNING] Not Found: /static/admin/js/urlify.js
[2018-06-04 20:21:22,192] [WARNING] Not Found: /static/admin/js/prepopulate.js
[2018-06-04 20:21:22,195] [WARNING] Not Found: /static/admin/js/vendor/xregexp/xregexp.js
[2018-06-04 20:21:22,204] [WARNING] Not Found: /static/admin/js/vendor/jquery/jquery.js
[2018-06-04 20:21:22,224] [WARNING] Not Found: /static/admin/img/search.svg
[2018-06-04 20:21:22,236] [WARNING] Not Found: /static/admin/js/jquery.init.js
[2018-06-04 20:21:22,284] [WARNING] Not Found: /static/admin/js/admin/RelatedObjectLookups.js
[2018-06-04 20:21:22,309] [WARNING] Not Found: /static/admin/js/actions.js
[2018-06-04 20:21:22,341] [WARNING] Not Found: /static/admin/js/urlify.js
[2018-06-04 20:21:22,376] [WARNING] Not Found: /static/admin/js/prepopulate.js
[2018-06-04 20:21:22,395] [WARNING] Not Found: /static/admin/js/vendor/xregexp/xregexp.js
[2018-06-04 20:21:22,428] [WARNING] Not Found: /static/admin/img/tooltag-add.svg
[2018-06-04 20:21:22,430] [WARNING] Not Found: /static/admin/fonts/Roboto-Light-webfont.woff
[2018-06-04 20:21:22,436] [WARNING] Not Found: /static/admin/fonts/Roboto-Bold-webfont.woff
[2018-06-04 20:21:22,448] [WARNING] Not Found: /static/admin/fonts/Roboto-Regular-webfont.woff
[2018-06-04 20:22:51,374] [WARNING] Not Found: /static/admin/css/changelists.css
[2018-06-04 20:22:51,400] [WARNING] Not Found: /static/admin/js/core.js
[2018-06-04 20:22:51,408] [WARNING] Not Found: /static/admin/js/vendor/jquery/jquery.js
[2018-06-04 20:22:51,408] [WARNING] Not Found: /static/admin/js/jquery.init.js
[2018-06-04 20:22:51,416] [WARNING] Not Found: /static/admin/js/admin/RelatedObjectLookups.js
[2018-06-04 20:22:51,418] [WARNING] Not Found: /static/admin/js/actions.js
[2018-06-04 20:22:51,449] [WARNING] Not Found: /static/admin/js/vendor/xregexp/xregexp.js
[2018-06-04 20:22:51,449] [WARNING] Not Found: /static/admin/js/prepopulate.js
[2018-06-04 20:22:51,450] [WARNING] Not Found: /static/admin/js/urlify.js
[2018-06-04 20:22:51,458] [WARNING] Not Found: /static/admin/js/core.js
[2018-06-04 20:22:51,494] [WARNING] Not Found: /static/admin/js/vendor/jquery/jquery.js
[2018-06-04 20:22:51,545] [WARNING] Not Found: /static/admin/js/jquery.init.js
[2018-06-04 20:22:51,585] [WARNING] Not Found: /static/admin/js/admin/RelatedObjectLookups.js
[2018-06-04 20:22:51,623] [WARNING] Not Found: /static/admin/js/actions.js
[2018-06-04 20:22:51,668] [WARNING] Not Found: /static/admin/js/urlify.js
[2018-06-04 20:22:51,690] [WARNING] Not Found: /static/admin/js/prepopulate.js
[2018-06-04 20:22:51,733] [WARNING] Not Found: /static/admin/js/vendor/xregexp/xregexp.js
[2018-06-04 20:22:51,773] [WARNING] Not Found: /static/admin/img/tooltag-add.svg
[2018-06-04 20:22:51,775] [WARNING] Not Found: /static/admin/fonts/Roboto-Light-webfont.woff
[2018-06-04 20:22:51,781] [WARNING] Not Found: /static/admin/fonts/Roboto-Bold-webfont.woff
[2018-06-04 20:22:51,799] [WARNING] Not Found: /static/admin/fonts/Roboto-Regular-webfont.woff
[2018-06-04 20:22:59,443] [WARNING] Not Found: /static/admin/css/changelists.css
[2018-06-04 20:23:01,612] [WARNING] Not Found: /static/admin/css/changelists.css
[2018-06-04 20:24:44,754] [WARNING] Not Found: /static/admin/css/changelists.css
[2018-06-06 07:58:07,226] [WARNING] Not Found: /
[2018-06-06 07:58:12,344] [WARNING] Not Found: /s
[2018-06-06 07:58:32,507] [WARNING] Not Found: /
[2018-06-06 07:58:32,675] [WARNING] Not Found: /favicon.ico
[2018-06-06 12:21:06,168] [WARNING] Not Found: /adminj
[2018-06-06 16:22:36,268] [WARNING] Not Found: /admin/safdafd
[2018-06-06 16:24:52,967] [WARNING] Not Found: /admin/safdafd
[2018-06-06 16:24:53,175] [WARNING] Not Found: /admin/404/css/fourtofour.css
[2018-06-06 16:24:53,212] [WARNING] Not Found: /admin/404/css/d.css
[2018-06-06 16:24:53,270] [WARNING] Not Found: /admin/404/img/sor.png
[2018-06-06 16:24:53,286] [WARNING] Not Found: /admin/404/img/logo1.png
[2018-06-06 16:24:53,340] [WARNING] Not Found: /admin/404/img/banqiu.png
[2018-06-06 16:24:54,686] [WARNING] Not Found: /admin/404/js/jquery-3.3.1.min.js
[2018-06-06 16:24:54,797] [WARNING] Not Found: /admin/404/js/fourtofour.js
[2018-06-06 16:24:54,799] [WARNING] Not Found: /admin/404/img/raawa.png
[2018-06-06 16:24:54,869] [WARNING] Not Found: /admin/404/img/shia.png
[2018-06-06 16:24:55,481] [WARNING] Not Found: /admin/404/img/four.png
[2018-06-06 16:25:10,244] [WARNING] Not Found: /admin/safdafd
[2018-06-06 16:25:10,500] [WARNING] Not Found: /admin/404/css/fourtofour.css
[2018-06-06 16:25:10,514] [WARNING] Not Found: /admin/404/js/jquery-3.3.1.min.js
[2018-06-06 16:25:10,516] [WARNING] Not Found: /admin/404/css/d.css
[2018-06-06 16:25:10,530] [WARNING] Not Found: /admin/404/js/fourtofour.js
[2018-06-06 16:25:10,542] [WARNING] Not Found: /admin/404/img/four.png
[2018-06-06 16:25:10,543] [WARNING] Not Found: /admin/404/img/raawa.png
[2018-06-06 16:25:10,547] [WARNING] Not Found: /admin/404/img/sor.png
[2018-06-06 16:25:10,557] [WARNING] Not Found: /admin/404/img/banqiu.png
[2018-06-06 16:25:10,557] [WARNING] Not Found: /admin/404/img/logo1.png
[2018-06-06 16:25:10,577] [WARNING] Not Found: /admin/404/img/shia.png
[2018-06-06 16:29:04,035] [WARNING] Not Found: /admin/123123
[2018-06-06 16:29:04,285] [WARNING] Not Found: /admin/404/css/fourtofour.css
[2018-06-06 16:29:04,313] [WARNING] Not Found: /admin/404/css/d.css
[2018-06-06 16:29:04,314] [WARNING] Not Found: /admin/404/js/jquery-3.3.1.min.js
[2018-06-06 16:29:04,321] [WARNING] Not Found: /admin/404/js/fourtofour.js
[2018-06-06 16:29:04,356] [WARNING] Not Found: /admin/404/img/logo1.png
[2018-06-06 16:29:04,359] [WARNING] Not Found: /admin/404/img/sor.png
[2018-06-06 16:29:04,361] [WARNING] Not Found: /admin/404/img/raawa.png
[2018-06-06 16:29:04,366] [WARNING] Not Found: /admin/404/img/banqiu.png
[2018-06-06 16:29:04,383] [WARNING] Not Found: /admin/404/img/four.png
[2018-06-06 16:29:04,387] [WARNING] Not Found: /admin/404/img/shia.png
[2018-06-06 16:31:08,162] [WARNING] Not Found: /admin/123123
[2018-06-06 16:31:08,412] [WARNING] Not Found: /admin/404/css/fourtofour.css
[2018-06-06 16:31:08,446] [WARNING] Not Found: /admin/404/css/d.css
[2018-06-06 16:31:08,458] [WARNING] Not Found: /admin/404/js/jquery-3.3.1.min.js
[2018-06-06 16:31:08,460] [WARNING] Not Found: /admin/404/js/fourtofour.js
[2018-06-06 16:31:08,486] [WARNING] Not Found: /admin/404/img/raawa.png
[2018-06-06 16:31:08,486] [WARNING] Not Found: /admin/404/img/logo1.png
[2018-06-06 16:31:08,486] [WARNING] Not Found: /admin/404/img/banqiu.png
[2018-06-06 16:31:08,499] [WARNING] Not Found: /admin/404/img/sor.png
[2018-06-06 16:31:08,500] [WARNING] Not Found: /admin/404/img/four.png
[2018-06-06 16:31:08,573] [WARNING] Not Found: /admin/404/img/shia.png
[2018-06-06 16:31:08,945] [WARNING] Not Found: /admin/404/js/fourtofour.js
[2018-06-06 16:31:40,818] [WARNING] Not Found: /admin/123123
[2018-06-06 16:31:41,055] [WARNING] Not Found: /admin/404/css/fourtofour.css
[2018-06-06 16:31:41,069] [WARNING] Not Found: /admin/404/css/d.css
[2018-06-06 16:31:41,085] [WARNING] Not Found: /admin/404/js/jquery-3.3.1.min.js
[2018-06-06 16:31:41,086] [WARNING] Not Found: /admin/404/js/fourtofour.js
[2018-06-06 16:31:41,106] [WARNING] Not Found: /admin/404/img/sor.png
[2018-06-06 16:31:41,107] [WARNING] Not Found: /admin/404/img/logo1.png
[2018-06-06 16:31:41,116] [WARNING] Not Found: /admin/404/img/raawa.png
[2018-06-06 16:31:41,120] [WARNING] Not Found: /admin/404/img/banqiu.png
[2018-06-06 16:31:41,133] [WARNING] Not Found: /admin/404/img/four.png
[2018-06-06 16:31:41,134] [WARNING] Not Found: /admin/404/img/shia.png
[2018-06-06 16:31:41,548] [WARNING] Not Found: /admin/404/css/fourtofour.css
[2018-06-06 16:31:41,564] [WARNING] Not Found: /admin/404/css/d.css
[2018-06-06 16:31:41,565] [WARNING] Not Found: /admin/404/js/jquery-3.3.1.min.js
[2018-06-06 16:31:41,601] [WARNING] Not Found: /admin/404/img/logo1.png
[2018-06-06 16:31:41,603] [WARNING] Not Found: /admin/404/img/shia.png
[2018-06-06 16:31:41,615] [WARNING] Not Found: /admin/404/img/raawa.png
[2018-06-06 16:31:41,616] [WARNING] Not Found: /admin/404/img/sor.png
[2018-06-06 16:31:41,666] [WARNING] Not Found: /admin/404/js/fourtofour.js
[2018-06-06 16:31:42,569] [WARNING] Not Found: /admin/404/img/four.png
[2018-06-06 16:31:42,575] [WARNING] Not Found: /admin/404/img/banqiu.png
[2018-06-06 16:32:43,584] [WARNING] Not Found: /admin/404/img/logo1.png
[2018-06-06 16:32:43,764] [WARNING] Not Found: /admin/404/img/404/css/fourtofour.css
[2018-06-06 16:32:43,781] [WARNING] Not Found: /admin/404/img/404/css/d.css
[2018-06-06 16:32:43,819] [WARNING] Not Found: /admin/404/img/404/img/logo1.png
[2018-06-06 16:32:43,821] [WARNING] Not Found: /admin/404/img/404/img/raawa.png
[2018-06-06 16:32:43,835] [WARNING] Not Found: /admin/404/img/404/js/fourtofour.js
[2018-06-06 16:32:43,835] [WARNING] Not Found: /admin/404/img/404/img/banqiu.png
[2018-06-06 16:32:43,844] [WARNING] Not Found: /admin/404/img/404/js/jquery-3.3.1.min.js
[2018-06-06 16:32:43,850] [WARNING] Not Found: /admin/404/img/404/img/sor.png
[2018-06-06 16:32:44,142] [WARNING] Not Found: /admin/404/img/404/img/four.png
[2018-06-06 16:32:44,158] [WARNING] Not Found: /admin/404/img/404/img/shia.png
[2018-06-06 16:32:44,200] [WARNING] Not Found: /admin/404/img/404/css/d.css
[2018-06-06 16:32:44,200] [WARNING] Not Found: /admin/404/img/404/css/fourtofour.css
[2018-06-06 16:32:44,207] [WARNING] Not Found: /admin/404/img/404/js/jquery-3.3.1.min.js
[2018-06-06 16:32:44,401] [WARNING] Not Found: /admin/404/img/404/img/logo1.png
[2018-06-06 16:32:44,417] [WARNING] Not Found: /admin/404/img/404/img/banqiu.png
[2018-06-06 16:32:44,417] [WARNING] Not Found: /admin/404/img/404/img/raawa.png
[2018-06-06 16:32:44,431] [WARNING] Not Found: /admin/404/img/404/img/sor.png
[2018-06-06 16:32:44,486] [WARNING] Not Found: /admin/404/img/404/js/fourtofour.js
[2018-06-06 16:32:56,001] [WARNING] Not Found: /admin/404/img/raawa.png
[2018-06-06 16:32:56,202] [WARNING] Not Found: /admin/404/img/404/css/d.css
[2018-06-06 16:32:56,203] [WARNING] Not Found: /admin/404/img/404/js/jquery-3.3.1.min.js
[2018-06-06 16:32:56,216] [WARNING] Not Found: /admin/404/img/404/css/fourtofour.css
[2018-06-06 16:32:56,218] [WARNING] Not Found: /admin/404/img/404/js/fourtofour.js
[2018-06-06 16:32:56,277] [WARNING] Not Found: /admin/404/img/404/img/sor.png
[2018-06-06 16:32:56,293] [WARNING] Not Found: /admin/404/img/404/img/logo1.png
[2018-06-06 16:32:56,295] [WARNING] Not Found: /admin/404/img/404/img/raawa.png
[2018-06-06 16:32:56,307] [WARNING] Not Found: /admin/404/img/404/img/banqiu.png
[2018-06-06 16:32:56,310] [WARNING] Not Found: /admin/404/img/404/img/four.png
[2018-06-06 16:32:56,322] [WARNING] Not Found: /admin/404/img/404/img/shia.png
[2018-06-06 16:32:56,695] [WARNING] Not Found: /admin/404/img/404/css/fourtofour.css
[2018-06-06 16:32:56,711] [WARNING] Not Found: /admin/404/img/404/css/d.css
[2018-06-06 16:32:56,715] [WARNING] Not Found: /admin/404/img/404/js/jquery-3.3.1.min.js
[2018-06-06 16:32:56,755] [WARNING] Not Found: /admin/404/img/404/img/sor.png
[2018-06-06 16:32:56,756] [WARNING] Not Found: /admin/404/img/404/img/logo1.png
[2018-06-06 16:32:56,789] [WARNING] Not Found: /admin/404/img/404/img/raawa.png
[2018-06-06 16:32:56,789] [WARNING] Not Found: /admin/404/img/404/img/banqiu.png
[2018-06-06 16:32:56,790] [WARNING] Not Found: /admin/404/img/404/img/four.png
[2018-06-06 16:32:56,819] [WARNING] Not Found: /admin/404/img/404/img/shia.png
[2018-06-06 16:32:56,861] [WARNING] Not Found: /admin/404/img/404/js/fourtofour.js
[2018-06-06 16:36:10,317] [WARNING] Not Found: /admin/123123
[2018-06-06 16:36:10,515] [WARNING] Not Found: /admin/404/css/fourtofour.css
[2018-06-06 16:36:10,525] [WARNING] Not Found: /admin/404/css/d.css
[2018-06-06 16:36:10,530] [WARNING] Not Found: /admin/404/js/fourtofour.js
[2018-06-06 16:36:10,540] [WARNING] Not Found: /admin/404/js/jquery-3.3.1.min.js
[2018-06-06 16:36:10,582] [WARNING] Not Found: /admin/404/img/logo1.png
[2018-06-06 16:36:10,582] [WARNING] Not Found: /admin/404/img/sor.png
[2018-06-06 16:36:10,599] [WARNING] Not Found: /admin/404/img/raawa.png
[2018-06-06 16:36:10,609] [WARNING] Not Found: /admin/404/img/banqiu.png
[2018-06-06 16:36:10,627] [WARNING] Not Found: /admin/404/img/shia.png
[2018-06-06 16:36:10,627] [WARNING] Not Found: /admin/404/img/four.png
[2018-06-06 16:36:11,021] [WARNING] Not Found: /admin/404/js/fourtofour.js
[2018-06-06 16:36:25,411] [WARNING] Not Found: /admin/123123
[2018-06-06 16:36:25,557] [WARNING] Not Found: /admin/404/css/fourtofour.css
[2018-06-06 16:36:25,573] [WARNING] Not Found: /admin/404/css/d.css
[2018-06-06 16:36:25,576] [WARNING] Not Found: /admin/404/js/jquery-3.3.1.min.js
[2018-06-06 16:36:25,588] [WARNING] Not Found: /admin/404/img/four.png
[2018-06-06 16:36:25,590] [WARNING] Not Found: /admin/404/img/logo1.png
[2018-06-06 16:36:25,614] [WARNING] Not Found: /admin/404/img/raawa.png
[2018-06-06 16:36:25,658] [WARNING] Not Found: /admin/404/img/shia.png
[2018-06-06 16:36:25,663] [WARNING] Not Found: /admin/404/img/sor.png
[2018-06-06 16:36:25,672] [WARNING] Not Found: /admin/404/img/banqiu.png
[2018-06-06 16:36:25,678] [WARNING] Not Found: /admin/404/js/fourtofour.js
[2018-06-06 16:36:28,833] [WARNING] Not Found: /admin/404/css/fourtofour.css
[2018-06-06 16:36:28,845] [WARNING] Not Found: /admin/404/css/d.css
[2018-06-06 16:36:33,447] [WARNING] Not Found: /admin/123123
[2018-06-06 16:36:33,506] [WARNING] Not Found: /admin/404/css/fourtofour.css
[2018-06-06 16:36:33,521] [WARNING] Not Found: /admin/404/css/d.css
[2018-06-06 16:36:33,533] [WARNING] Not Found: /admin/404/js/jquery-3.3.1.min.js
[2018-06-06 16:36:33,548] [WARNING] Not Found: /admin/404/js/fourtofour.js
[2018-06-06 16:36:33,549] [WARNING] Not Found: /admin/404/img/logo1.png
[2018-06-06 16:36:33,556] [WARNING] Not Found: /admin/404/img/banqiu.png
[2018-06-06 16:36:33,561] [WARNING] Not Found: /admin/404/img/raawa.png
[2018-06-06 16:36:33,564] [WARNING] Not Found: /admin/404/img/four.png
[2018-06-06 16:36:33,570] [WARNING] Not Found: /admin/404/img/sor.png
[2018-06-06 16:36:33,579] [WARNING] Not Found: /admin/404/img/shia.png
[2018-06-06 16:36:49,483] [WARNING] Not Found: /admin/admin/123123
[2018-06-06 16:36:49,525] [WARNING] Not Found: /admin/admin/404/css/fourtofour.css
[2018-06-06 16:36:49,526] [WARNING] Not Found: /admin/admin/404/css/d.css
[2018-06-06 16:36:49,546] [WARNING] Not Found: /admin/admin/404/js/jquery-3.3.1.min.js
[2018-06-06 16:36:49,576] [WARNING] Not Found: /admin/admin/404/js/fourtofour.js
[2018-06-06 16:36:49,577] [WARNING] Not Found: /admin/admin/404/img/logo1.png
[2018-06-06 16:36:49,591] [WARNING] Not Found: /admin/admin/404/img/sor.png
[2018-06-06 16:36:49,595] [WARNING] Not Found: /admin/admin/404/img/raawa.png
[2018-06-06 16:36:49,606] [WARNING] Not Found: /admin/admin/404/img/shia.png
[2018-06-06 16:36:49,608] [WARNING] Not Found: /admin/admin/404/img/banqiu.png
[2018-06-06 16:36:49,644] [WARNING] Not Found: /admin/admin/404/img/four.png
[2018-06-06 16:42:35,104] [WARNING] Not Found: /admin/admin/123123
[2018-06-06 18:35:07,823] [WARNING] Not Found: /admin/1321
[2018-06-06 18:35:16,191] [WARNING] Not Found: /admin/1321
[2018-06-06 21:18:06,244] [ERROR] Internal Server Error: /admin/show/comment/
Traceback (most recent call last):
  File "C:\Users\Administrator\AppData\Local\Programs\Python\Python36\lib\site-packages\django\db\models\options.py", line 617, in get_field
    return self.fields_map[field_name]
KeyError: 'image_tag'

During handling of the above exception, another exception occurred:

Traceback (most recent call last):
  File "C:\Users\Administrator\AppData\Local\Programs\Python\Python36\lib\site-packages\django\contrib\admin\utils.py", line 283, in lookup_field
    f = _get_non_gfk_field(opts, name)
  File "C:\Users\Administrator\AppData\Local\Programs\Python\Python36\lib\site-packages\django\contrib\admin\utils.py", line 317, in _get_non_gfk_field
    field = opts.get_field(name)
  File "C:\Users\Administrator\AppData\Local\Programs\Python\Python36\lib\site-packages\django\db\models\options.py", line 619, in get_field
    raise FieldDoesNotExist("%s has no field named '%s'" % (self.object_name, field_name))
django.core.exceptions.FieldDoesNotExist: Comment has no field named 'image_tag'

During handling of the above exception, another exception occurred:

Traceback (most recent call last):
  File "C:\Users\Administrator\AppData\Local\Programs\Python\Python36\lib\site-packages\django\core\handlers\exception.py", line 41, in inner
    response = get_response(request)
  File "C:\Users\Administrator\AppData\Local\Programs\Python\Python36\lib\site-packages\django\core\handlers\base.py", line 217, in _get_response
    response = self.process_exception_by_middleware(e, request)
  File "C:\Users\Administrator\AppData\Local\Programs\Python\Python36\lib\site-packages\django\core\handlers\base.py", line 215, in _get_response
    response = response.render()
  File "C:\Users\Administrator\AppData\Local\Programs\Python\Python36\lib\site-packages\django\template\response.py", line 107, in render
    self.content = self.rendered_content
  File "C:\Users\Administrator\AppData\Local\Programs\Python\Python36\lib\site-packages\django\template\response.py", line 84, in rendered_content
    content = template.render(context, self._request)
  File "C:\Users\Administrator\AppData\Local\Programs\Python\Python36\lib\site-packages\django\template\backends\django.py", line 66, in render
    return self.template.render(context)
  File "C:\Users\Administrator\AppData\Local\Programs\Python\Python36\lib\site-packages\django\template\base.py", line 207, in render
    return self._render(context)
  File "C:\Users\Administrator\AppData\Local\Programs\Python\Python36\lib\site-packages\django\template\base.py", line 199, in _render
    return self.nodelist.render(context)
  File "C:\Users\Administrator\AppData\Local\Programs\Python\Python36\lib\site-packages\django\template\base.py", line 990, in render
    bit = node.render_annotated(context)
  File "C:\Users\Administrator\AppData\Local\Programs\Python\Python36\lib\site-packages\django\template\base.py", line 957, in render_annotated
    return self.render(context)
  File "C:\Users\Administrator\AppData\Local\Programs\Python\Python36\lib\site-packages\django\template\loader_tags.py", line 177, in render
    return compiled_parent._render(context)
  File "C:\Users\Administrator\AppData\Local\Programs\Python\Python36\lib\site-packages\django\template\base.py", line 199, in _render
    return self.nodelist.render(context)
  File "C:\Users\Administrator\AppData\Local\Programs\Python\Python36\lib\site-packages\django\template\base.py", line 990, in render
    bit = node.render_annotated(context)
  File "C:\Users\Administrator\AppData\Local\Programs\Python\Python36\lib\site-packages\django\template\base.py", line 957, in render_annotated
    return self.render(context)
  File "C:\Users\Administrator\AppData\Local\Programs\Python\Python36\lib\site-packages\django\template\loader_tags.py", line 177, in render
    return compiled_parent._render(context)
  File "C:\Users\Administrator\AppData\Local\Programs\Python\Python36\lib\site-packages\django\template\base.py", line 199, in _render
    return self.nodelist.render(context)
  File "C:\Users\Administrator\AppData\Local\Programs\Python\Python36\lib\site-packages\django\template\base.py", line 990, in render
    bit = node.render_annotated(context)
  File "C:\Users\Administrator\AppData\Local\Programs\Python\Python36\lib\site-packages\django\template\base.py", line 957, in render_annotated
    return self.render(context)
  File "C:\Users\Administrator\AppData\Local\Programs\Python\Python36\lib\site-packages\django\template\loader_tags.py", line 72, in render
    result = block.nodelist.render(context)
  File "C:\Users\Administrator\AppData\Local\Programs\Python\Python36\lib\site-packages\django\template\base.py", line 990, in render
    bit = node.render_annotated(context)
  File "C:\Users\Administrator\AppData\Local\Programs\Python\Python36\lib\site-packages\django\template\base.py", line 957, in render_annotated
    return self.render(context)
  File "C:\Users\Administrator\AppData\Local\Programs\Python\Python36\lib\site-packages\django\template\loader_tags.py", line 72, in render
    result = block.nodelist.render(context)
  File "C:\Users\Administrator\AppData\Local\Programs\Python\Python36\lib\site-packages\django\template\base.py", line 990, in render
    bit = node.render_annotated(context)
  File "C:\Users\Administrator\AppData\Local\Programs\Python\Python36\lib\site-packages\django\template\base.py", line 957, in render_annotated
    return self.render(context)
  File "C:\Users\Administrator\AppData\Local\Programs\Python\Python36\lib\site-packages\django\template\library.py", line 225, in render
    _dict = self.func(*resolved_args, **resolved_kwargs)
  File "C:\Users\Administrator\AppData\Local\Programs\Python\Python36\lib\site-packages\django\contrib\admin\templatetags\admin_list.py", line 340, in result_list
    'results': list(results(cl))}
  File "C:\Users\Administrator\AppData\Local\Programs\Python\Python36\lib\site-packages\django\contrib\admin\templatetags\admin_list.py", line 316, in results
    yield ResultList(None, items_for_result(cl, res, None))
  File "C:\Users\Administrator\AppData\Local\Programs\Python\Python36\lib\site-packages\django\contrib\admin\templatetags\admin_list.py", line 307, in __init__
    super(ResultList, self).__init__(*items)
  File "C:\Users\Administrator\AppData\Local\Programs\Python\Python36\lib\site-packages\django\contrib\admin\templatetags\admin_list.py", line 218, in items_for_result
    f, attr, value = lookup_field(field_name, result, cl.model_admin)
  File "C:\Users\Administrator\AppData\Local\Programs\Python\Python36\lib\site-packages\django\contrib\admin\utils.py", line 299, in lookup_field
    value = attr()
  File ".\show\models.py", line 113, in image_tag
    return mark_safe('<img width=50px src="%s%s" />' % (IT_show.settings.MEDIA_URL,self.head.pic))
AttributeError: 'NoneType' object has no attribute 'pic'
[2018-06-06 21:18:48,528] [ERROR] Internal Server Error: /admin/show/comment/
Traceback (most recent call last):
  File "C:\Users\Administrator\AppData\Local\Programs\Python\Python36\lib\site-packages\django\db\models\options.py", line 617, in get_field
    return self.fields_map[field_name]
KeyError: 'image_tag'

During handling of the above exception, another exception occurred:

Traceback (most recent call last):
  File "C:\Users\Administrator\AppData\Local\Programs\Python\Python36\lib\site-packages\django\contrib\admin\utils.py", line 283, in lookup_field
    f = _get_non_gfk_field(opts, name)
  File "C:\Users\Administrator\AppData\Local\Programs\Python\Python36\lib\site-packages\django\contrib\admin\utils.py", line 317, in _get_non_gfk_field
    field = opts.get_field(name)
  File "C:\Users\Administrator\AppData\Local\Programs\Python\Python36\lib\site-packages\django\db\models\options.py", line 619, in get_field
    raise FieldDoesNotExist("%s has no field named '%s'" % (self.object_name, field_name))
django.core.exceptions.FieldDoesNotExist: Comment has no field named 'image_tag'

During handling of the above exception, another exception occurred:

Traceback (most recent call last):
  File "C:\Users\Administrator\AppData\Local\Programs\Python\Python36\lib\site-packages\django\core\handlers\exception.py", line 41, in inner
    response = get_response(request)
  File "C:\Users\Administrator\AppData\Local\Programs\Python\Python36\lib\site-packages\django\core\handlers\base.py", line 217, in _get_response
    response = self.process_exception_by_middleware(e, request)
  File "C:\Users\Administrator\AppData\Local\Programs\Python\Python36\lib\site-packages\django\core\handlers\base.py", line 215, in _get_response
    response = response.render()
  File "C:\Users\Administrator\AppData\Local\Programs\Python\Python36\lib\site-packages\django\template\response.py", line 107, in render
    self.content = self.rendered_content
  File "C:\Users\Administrator\AppData\Local\Programs\Python\Python36\lib\site-packages\django\template\response.py", line 84, in rendered_content
    content = template.render(context, self._request)
  File "C:\Users\Administrator\AppData\Local\Programs\Python\Python36\lib\site-packages\django\template\backends\django.py", line 66, in render
    return self.template.render(context)
  File "C:\Users\Administrator\AppData\Local\Programs\Python\Python36\lib\site-packages\django\template\base.py", line 207, in render
    return self._render(context)
  File "C:\Users\Administrator\AppData\Local\Programs\Python\Python36\lib\site-packages\django\template\base.py", line 199, in _render
    return self.nodelist.render(context)
  File "C:\Users\Administrator\AppData\Local\Programs\Python\Python36\lib\site-packages\django\template\base.py", line 990, in render
    bit = node.render_annotated(context)
  File "C:\Users\Administrator\AppData\Local\Programs\Python\Python36\lib\site-packages\django\template\base.py", line 957, in render_annotated
    return self.render(context)
  File "C:\Users\Administrator\AppData\Local\Programs\Python\Python36\lib\site-packages\django\template\loader_tags.py", line 177, in render
    return compiled_parent._render(context)
  File "C:\Users\Administrator\AppData\Local\Programs\Python\Python36\lib\site-packages\django\template\base.py", line 199, in _render
    return self.nodelist.render(context)
  File "C:\Users\Administrator\AppData\Local\Programs\Python\Python36\lib\site-packages\django\template\base.py", line 990, in render
    bit = node.render_annotated(context)
  File "C:\Users\Administrator\AppData\Local\Programs\Python\Python36\lib\site-packages\django\template\base.py", line 957, in render_annotated
    return self.render(context)
  File "C:\Users\Administrator\AppData\Local\Programs\Python\Python36\lib\site-packages\django\template\loader_tags.py", line 177, in render
    return compiled_parent._render(context)
  File "C:\Users\Administrator\AppData\Local\Programs\Python\Python36\lib\site-packages\django\template\base.py", line 199, in _render
    return self.nodelist.render(context)
  File "C:\Users\Administrator\AppData\Local\Programs\Python\Python36\lib\site-packages\django\template\base.py", line 990, in render
    bit = node.render_annotated(context)
  File "C:\Users\Administrator\AppData\Local\Programs\Python\Python36\lib\site-packages\django\template\base.py", line 957, in render_annotated
    return self.render(context)
  File "C:\Users\Administrator\AppData\Local\Programs\Python\Python36\lib\site-packages\django\template\loader_tags.py", line 72, in render
    result = block.nodelist.render(context)
  File "C:\Users\Administrator\AppData\Local\Programs\Python\Python36\lib\site-packages\django\template\base.py", line 990, in render
    bit = node.render_annotated(context)
  File "C:\Users\Administrator\AppData\Local\Programs\Python\Python36\lib\site-packages\django\template\base.py", line 957, in render_annotated
    return self.render(context)
  File "C:\Users\Administrator\AppData\Local\Programs\Python\Python36\lib\site-packages\django\template\loader_tags.py", line 72, in render
    result = block.nodelist.render(context)
  File "C:\Users\Administrator\AppData\Local\Programs\Python\Python36\lib\site-packages\django\template\base.py", line 990, in render
    bit = node.render_annotated(context)
  File "C:\Users\Administrator\AppData\Local\Programs\Python\Python36\lib\site-packages\django\template\base.py", line 957, in render_annotated
    return self.render(context)
  File "C:\Users\Administrator\AppData\Local\Programs\Python\Python36\lib\site-packages\django\template\library.py", line 225, in render
    _dict = self.func(*resolved_args, **resolved_kwargs)
  File "C:\Users\Administrator\AppData\Local\Programs\Python\Python36\lib\site-packages\django\contrib\admin\templatetags\admin_list.py", line 340, in result_list
    'results': list(results(cl))}
  File "C:\Users\Administrator\AppData\Local\Programs\Python\Python36\lib\site-packages\django\contrib\admin\templatetags\admin_list.py", line 316, in results
    yield ResultList(None, items_for_result(cl, res, None))
  File "C:\Users\Administrator\AppData\Local\Programs\Python\Python36\lib\site-packages\django\contrib\admin\templatetags\admin_list.py", line 307, in __init__
    super(ResultList, self).__init__(*items)
  File "C:\Users\Administrator\AppData\Local\Programs\Python\Python36\lib\site-packages\django\contrib\admin\templatetags\admin_list.py", line 218, in items_for_result
    f, attr, value = lookup_field(field_name, result, cl.model_admin)
  File "C:\Users\Administrator\AppData\Local\Programs\Python\Python36\lib\site-packages\django\contrib\admin\utils.py", line 299, in lookup_field
    value = attr()
  File ".\show\models.py", line 113, in image_tag
    return mark_safe('<img width=50px src="%s%s" />' % (IT_show.settings.MEDIA_URL,self.head.pic))
AttributeError: 'NoneType' object has no attribute 'pic'
[2018-06-06 21:21:29,420] [ERROR] Internal Server Error: /admin/show/comment/
Traceback (most recent call last):
  File "C:\Users\Administrator\AppData\Local\Programs\Python\Python36\lib\site-packages\django\db\models\options.py", line 617, in get_field
    return self.fields_map[field_name]
KeyError: 'image_tag'

During handling of the above exception, another exception occurred:

Traceback (most recent call last):
  File "C:\Users\Administrator\AppData\Local\Programs\Python\Python36\lib\site-packages\django\contrib\admin\utils.py", line 283, in lookup_field
    f = _get_non_gfk_field(opts, name)
  File "C:\Users\Administrator\AppData\Local\Programs\Python\Python36\lib\site-packages\django\contrib\admin\utils.py", line 317, in _get_non_gfk_field
    field = opts.get_field(name)
  File "C:\Users\Administrator\AppData\Local\Programs\Python\Python36\lib\site-packages\django\db\models\options.py", line 619, in get_field
    raise FieldDoesNotExist("%s has no field named '%s'" % (self.object_name, field_name))
django.core.exceptions.FieldDoesNotExist: Comment has no field named 'image_tag'

During handling of the above exception, another exception occurred:

Traceback (most recent call last):
  File "C:\Users\Administrator\AppData\Local\Programs\Python\Python36\lib\site-packages\django\core\handlers\exception.py", line 41, in inner
    response = get_response(request)
  File "C:\Users\Administrator\AppData\Local\Programs\Python\Python36\lib\site-packages\django\core\handlers\base.py", line 217, in _get_response
    response = self.process_exception_by_middleware(e, request)
  File "C:\Users\Administrator\AppData\Local\Programs\Python\Python36\lib\site-packages\django\core\handlers\base.py", line 215, in _get_response
    response = response.render()
  File "C:\Users\Administrator\AppData\Local\Programs\Python\Python36\lib\site-packages\django\template\response.py", line 107, in render
    self.content = self.rendered_content
  File "C:\Users\Administrator\AppData\Local\Programs\Python\Python36\lib\site-packages\django\template\response.py", line 84, in rendered_content
    content = template.render(context, self._request)
  File "C:\Users\Administrator\AppData\Local\Programs\Python\Python36\lib\site-packages\django\template\backends\django.py", line 66, in render
    return self.template.render(context)
  File "C:\Users\Administrator\AppData\Local\Programs\Python\Python36\lib\site-packages\django\template\base.py", line 207, in render
    return self._render(context)
  File "C:\Users\Administrator\AppData\Local\Programs\Python\Python36\lib\site-packages\django\template\base.py", line 199, in _render
    return self.nodelist.render(context)
  File "C:\Users\Administrator\AppData\Local\Programs\Python\Python36\lib\site-packages\django\template\base.py", line 990, in render
    bit = node.render_annotated(context)
  File "C:\Users\Administrator\AppData\Local\Programs\Python\Python36\lib\site-packages\django\template\base.py", line 957, in render_annotated
    return self.render(context)
  File "C:\Users\Administrator\AppData\Local\Programs\Python\Python36\lib\site-packages\django\template\loader_tags.py", line 177, in render
    return compiled_parent._render(context)
  File "C:\Users\Administrator\AppData\Local\Programs\Python\Python36\lib\site-packages\django\template\base.py", line 199, in _render
    return self.nodelist.render(context)
  File "C:\Users\Administrator\AppData\Local\Programs\Python\Python36\lib\site-packages\django\template\base.py", line 990, in render
    bit = node.render_annotated(context)
  File "C:\Users\Administrator\AppData\Local\Programs\Python\Python36\lib\site-packages\django\template\base.py", line 957, in render_annotated
    return self.render(context)
  File "C:\Users\Administrator\AppData\Local\Programs\Python\Python36\lib\site-packages\django\template\loader_tags.py", line 177, in render
    return compiled_parent._render(context)
  File "C:\Users\Administrator\AppData\Local\Programs\Python\Python36\lib\site-packages\django\template\base.py", line 199, in _render
    return self.nodelist.render(context)
  File "C:\Users\Administrator\AppData\Local\Programs\Python\Python36\lib\site-packages\django\template\base.py", line 990, in render
    bit = node.render_annotated(context)
  File "C:\Users\Administrator\AppData\Local\Programs\Python\Python36\lib\site-packages\django\template\base.py", line 957, in render_annotated
    return self.render(context)
  File "C:\Users\Administrator\AppData\Local\Programs\Python\Python36\lib\site-packages\django\template\loader_tags.py", line 72, in render
    result = block.nodelist.render(context)
  File "C:\Users\Administrator\AppData\Local\Programs\Python\Python36\lib\site-packages\django\template\base.py", line 990, in render
    bit = node.render_annotated(context)
  File "C:\Users\Administrator\AppData\Local\Programs\Python\Python36\lib\site-packages\django\template\base.py", line 957, in render_annotated
    return self.render(context)
  File "C:\Users\Administrator\AppData\Local\Programs\Python\Python36\lib\site-packages\django\template\loader_tags.py", line 72, in render
    result = block.nodelist.render(context)
  File "C:\Users\Administrator\AppData\Local\Programs\Python\Python36\lib\site-packages\django\template\base.py", line 990, in render
    bit = node.render_annotated(context)
  File "C:\Users\Administrator\AppData\Local\Programs\Python\Python36\lib\site-packages\django\template\base.py", line 957, in render_annotated
    return self.render(context)
  File "C:\Users\Administrator\AppData\Local\Programs\Python\Python36\lib\site-packages\django\template\library.py", line 225, in render
    _dict = self.func(*resolved_args, **resolved_kwargs)
  File "C:\Users\Administrator\AppData\Local\Programs\Python\Python36\lib\site-packages\django\contrib\admin\templatetags\admin_list.py", line 340, in result_list
    'results': list(results(cl))}
  File "C:\Users\Administrator\AppData\Local\Programs\Python\Python36\lib\site-packages\django\contrib\admin\templatetags\admin_list.py", line 316, in results
    yield ResultList(None, items_for_result(cl, res, None))
  File "C:\Users\Administrator\AppData\Local\Programs\Python\Python36\lib\site-packages\django\contrib\admin\templatetags\admin_list.py", line 307, in __init__
    super(ResultList, self).__init__(*items)
  File "C:\Users\Administrator\AppData\Local\Programs\Python\Python36\lib\site-packages\django\contrib\admin\templatetags\admin_list.py", line 218, in items_for_result
    f, attr, value = lookup_field(field_name, result, cl.model_admin)
  File "C:\Users\Administrator\AppData\Local\Programs\Python\Python36\lib\site-packages\django\contrib\admin\utils.py", line 299, in lookup_field
    value = attr()
  File ".\show\models.py", line 113, in image_tag
    return mark_safe('<img width=50px src="%s%s" />' % (IT_show.settings.MEDIA_URL,self.head.pic))
AttributeError: 'NoneType' object has no attribute 'pic'
[2018-06-06 21:24:23,772] [WARNING] Not Found: /admin/s123
[2018-06-06 21:24:23,908] [WARNING] Not Found: /admin/404/css/fourtofour.css
[2018-06-06 21:24:23,960] [WARNING] Not Found: /admin/404/css/d.css
[2018-06-06 21:24:23,989] [WARNING] Not Found: /admin/404/js/jquery-3.3.1.min.js
[2018-06-06 21:24:24,016] [WARNING] Not Found: /admin/404/js/fourtofour.js
[2018-06-06 21:24:24,041] [WARNING] Not Found: /admin/404/img/sor.png
[2018-06-06 21:24:24,079] [WARNING] Not Found: /admin/404/img/four.png
[2018-06-06 21:24:25,136] [WARNING] Not Found: /admin/404/img/raawa.png
[2018-06-06 21:24:25,138] [WARNING] Not Found: /admin/404/img/banqiu.png
[2018-06-06 21:24:25,149] [WARNING] Not Found: /admin/404/img/logo1.png
[2018-06-06 21:24:25,153] [WARNING] Not Found: /admin/404/img/shia.png
[2018-06-06 21:24:28,742] [WARNING] Not Found: /admin/s123
[2018-06-06 21:24:28,874] [WARNING] Not Found: /admin/404/css/fourtofour.css
[2018-06-06 21:24:28,889] [WARNING] Not Found: /admin/404/css/d.css
[2018-06-06 21:24:28,903] [WARNING] Not Found: /admin/404/js/jquery-3.3.1.min.js
[2018-06-06 21:24:28,906] [WARNING] Not Found: /admin/404/js/fourtofour.js
[2018-06-06 21:24:28,919] [WARNING] Not Found: /admin/404/img/raawa.png
[2018-06-06 21:24:28,921] [WARNING] Not Found: /admin/404/img/banqiu.png
[2018-06-06 21:24:28,933] [WARNING] Not Found: /admin/404/img/sor.png
[2018-06-06 21:24:28,938] [WARNING] Not Found: /admin/404/img/logo1.png
[2018-06-06 21:24:28,968] [WARNING] Not Found: /admin/404/img/four.png
[2018-06-06 21:24:28,969] [WARNING] Not Found: /admin/404/img/shia.png
[2018-06-06 21:24:29,113] [WARNING] Not Found: /admin/404/js/fourtofour.js
[2018-06-06 21:24:35,337] [ERROR] Internal Server Error: /admin/show/comment/
Traceback (most recent call last):
  File "C:\Users\Administrator\AppData\Local\Programs\Python\Python36\lib\site-packages\django\db\models\options.py", line 617, in get_field
    return self.fields_map[field_name]
KeyError: 'image_tag'

During handling of the above exception, another exception occurred:

Traceback (most recent call last):
  File "C:\Users\Administrator\AppData\Local\Programs\Python\Python36\lib\site-packages\django\contrib\admin\utils.py", line 283, in lookup_field
    f = _get_non_gfk_field(opts, name)
  File "C:\Users\Administrator\AppData\Local\Programs\Python\Python36\lib\site-packages\django\contrib\admin\utils.py", line 317, in _get_non_gfk_field
    field = opts.get_field(name)
  File "C:\Users\Administrator\AppData\Local\Programs\Python\Python36\lib\site-packages\django\db\models\options.py", line 619, in get_field
    raise FieldDoesNotExist("%s has no field named '%s'" % (self.object_name, field_name))
django.core.exceptions.FieldDoesNotExist: Comment has no field named 'image_tag'

During handling of the above exception, another exception occurred:

Traceback (most recent call last):
  File "C:\Users\Administrator\AppData\Local\Programs\Python\Python36\lib\site-packages\django\core\handlers\exception.py", line 41, in inner
    response = get_response(request)
  File "C:\Users\Administrator\AppData\Local\Programs\Python\Python36\lib\site-packages\django\core\handlers\base.py", line 217, in _get_response
    response = self.process_exception_by_middleware(e, request)
  File "C:\Users\Administrator\AppData\Local\Programs\Python\Python36\lib\site-packages\django\core\handlers\base.py", line 215, in _get_response
    response = response.render()
  File "C:\Users\Administrator\AppData\Local\Programs\Python\Python36\lib\site-packages\django\template\response.py", line 107, in render
    self.content = self.rendered_content
  File "C:\Users\Administrator\AppData\Local\Programs\Python\Python36\lib\site-packages\django\template\response.py", line 84, in rendered_content
    content = template.render(context, self._request)
  File "C:\Users\Administrator\AppData\Local\Programs\Python\Python36\lib\site-packages\django\template\backends\django.py", line 66, in render
    return self.template.render(context)
  File "C:\Users\Administrator\AppData\Local\Programs\Python\Python36\lib\site-packages\django\template\base.py", line 207, in render
    return self._render(context)
  File "C:\Users\Administrator\AppData\Local\Programs\Python\Python36\lib\site-packages\django\template\base.py", line 199, in _render
    return self.nodelist.render(context)
  File "C:\Users\Administrator\AppData\Local\Programs\Python\Python36\lib\site-packages\django\template\base.py", line 990, in render
    bit = node.render_annotated(context)
  File "C:\Users\Administrator\AppData\Local\Programs\Python\Python36\lib\site-packages\django\template\base.py", line 957, in render_annotated
    return self.render(context)
  File "C:\Users\Administrator\AppData\Local\Programs\Python\Python36\lib\site-packages\django\template\loader_tags.py", line 177, in render
    return compiled_parent._render(context)
  File "C:\Users\Administrator\AppData\Local\Programs\Python\Python36\lib\site-packages\django\template\base.py", line 199, in _render
    return self.nodelist.render(context)
  File "C:\Users\Administrator\AppData\Local\Programs\Python\Python36\lib\site-packages\django\template\base.py", line 990, in render
    bit = node.render_annotated(context)
  File "C:\Users\Administrator\AppData\Local\Programs\Python\Python36\lib\site-packages\django\template\base.py", line 957, in render_annotated
    return self.render(context)
  File "C:\Users\Administrator\AppData\Local\Programs\Python\Python36\lib\site-packages\django\template\loader_tags.py", line 177, in render
    return compiled_parent._render(context)
  File "C:\Users\Administrator\AppData\Local\Programs\Python\Python36\lib\site-packages\django\template\base.py", line 199, in _render
    return self.nodelist.render(context)
  File "C:\Users\Administrator\AppData\Local\Programs\Python\Python36\lib\site-packages\django\template\base.py", line 990, in render
    bit = node.render_annotated(context)
  File "C:\Users\Administrator\AppData\Local\Programs\Python\Python36\lib\site-packages\django\template\base.py", line 957, in render_annotated
    return self.render(context)
  File "C:\Users\Administrator\AppData\Local\Programs\Python\Python36\lib\site-packages\django\template\loader_tags.py", line 72, in render
    result = block.nodelist.render(context)
  File "C:\Users\Administrator\AppData\Local\Programs\Python\Python36\lib\site-packages\django\template\base.py", line 990, in render
    bit = node.render_annotated(context)
  File "C:\Users\Administrator\AppData\Local\Programs\Python\Python36\lib\site-packages\django\template\base.py", line 957, in render_annotated
    return self.render(context)
  File "C:\Users\Administrator\AppData\Local\Programs\Python\Python36\lib\site-packages\django\template\loader_tags.py", line 72, in render
    result = block.nodelist.render(context)
  File "C:\Users\Administrator\AppData\Local\Programs\Python\Python36\lib\site-packages\django\template\base.py", line 990, in render
    bit = node.render_annotated(context)
  File "C:\Users\Administrator\AppData\Local\Programs\Python\Python36\lib\site-packages\django\template\base.py", line 957, in render_annotated
    return self.render(context)
  File "C:\Users\Administrator\AppData\Local\Programs\Python\Python36\lib\site-packages\django\template\library.py", line 225, in render
    _dict = self.func(*resolved_args, **resolved_kwargs)
  File "C:\Users\Administrator\AppData\Local\Programs\Python\Python36\lib\site-packages\django\contrib\admin\templatetags\admin_list.py", line 340, in result_list
    'results': list(results(cl))}
  File "C:\Users\Administrator\AppData\Local\Programs\Python\Python36\lib\site-packages\django\contrib\admin\templatetags\admin_list.py", line 316, in results
    yield ResultList(None, items_for_result(cl, res, None))
  File "C:\Users\Administrator\AppData\Local\Programs\Python\Python36\lib\site-packages\django\contrib\admin\templatetags\admin_list.py", line 307, in __init__
    super(ResultList, self).__init__(*items)
  File "C:\Users\Administrator\AppData\Local\Programs\Python\Python36\lib\site-packages\django\contrib\admin\templatetags\admin_list.py", line 218, in items_for_result
    f, attr, value = lookup_field(field_name, result, cl.model_admin)
  File "C:\Users\Administrator\AppData\Local\Programs\Python\Python36\lib\site-packages\django\contrib\admin\utils.py", line 299, in lookup_field
    value = attr()
  File ".\show\models.py", line 113, in image_tag
    return mark_safe('<img width=50px src="%s%s" />' % (IT_show.settings.MEDIA_URL,self.head.pic))
AttributeError: 'NoneType' object has no attribute 'pic'
[2018-06-06 21:24:39,646] [ERROR] Internal Server Error: /admin/show/comment/
Traceback (most recent call last):
  File "C:\Users\Administrator\AppData\Local\Programs\Python\Python36\lib\site-packages\django\db\models\options.py", line 617, in get_field
    return self.fields_map[field_name]
KeyError: 'image_tag'

During handling of the above exception, another exception occurred:

Traceback (most recent call last):
  File "C:\Users\Administrator\AppData\Local\Programs\Python\Python36\lib\site-packages\django\contrib\admin\utils.py", line 283, in lookup_field
    f = _get_non_gfk_field(opts, name)
  File "C:\Users\Administrator\AppData\Local\Programs\Python\Python36\lib\site-packages\django\contrib\admin\utils.py", line 317, in _get_non_gfk_field
    field = opts.get_field(name)
  File "C:\Users\Administrator\AppData\Local\Programs\Python\Python36\lib\site-packages\django\db\models\options.py", line 619, in get_field
    raise FieldDoesNotExist("%s has no field named '%s'" % (self.object_name, field_name))
django.core.exceptions.FieldDoesNotExist: Comment has no field named 'image_tag'

During handling of the above exception, another exception occurred:

Traceback (most recent call last):
  File "C:\Users\Administrator\AppData\Local\Programs\Python\Python36\lib\site-packages\django\core\handlers\exception.py", line 41, in inner
    response = get_response(request)
  File "C:\Users\Administrator\AppData\Local\Programs\Python\Python36\lib\site-packages\django\core\handlers\base.py", line 217, in _get_response
    response = self.process_exception_by_middleware(e, request)
  File "C:\Users\Administrator\AppData\Local\Programs\Python\Python36\lib\site-packages\django\core\handlers\base.py", line 215, in _get_response
    response = response.render()
  File "C:\Users\Administrator\AppData\Local\Programs\Python\Python36\lib\site-packages\django\template\response.py", line 107, in render
    self.content = self.rendered_content
  File "C:\Users\Administrator\AppData\Local\Programs\Python\Python36\lib\site-packages\django\template\response.py", line 84, in rendered_content
    content = template.render(context, self._request)
  File "C:\Users\Administrator\AppData\Local\Programs\Python\Python36\lib\site-packages\django\template\backends\django.py", line 66, in render
    return self.template.render(context)
  File "C:\Users\Administrator\AppData\Local\Programs\Python\Python36\lib\site-packages\django\template\base.py", line 207, in render
    return self._render(context)
  File "C:\Users\Administrator\AppData\Local\Programs\Python\Python36\lib\site-packages\django\template\base.py", line 199, in _render
    return self.nodelist.render(context)
  File "C:\Users\Administrator\AppData\Local\Programs\Python\Python36\lib\site-packages\django\template\base.py", line 990, in render
    bit = node.render_annotated(context)
  File "C:\Users\Administrator\AppData\Local\Programs\Python\Python36\lib\site-packages\django\template\base.py", line 957, in render_annotated
    return self.render(context)
  File "C:\Users\Administrator\AppData\Local\Programs\Python\Python36\lib\site-packages\django\template\loader_tags.py", line 177, in render
    return compiled_parent._render(context)
  File "C:\Users\Administrator\AppData\Local\Programs\Python\Python36\lib\site-packages\django\template\base.py", line 199, in _render
    return self.nodelist.render(context)
  File "C:\Users\Administrator\AppData\Local\Programs\Python\Python36\lib\site-packages\django\template\base.py", line 990, in render
    bit = node.render_annotated(context)
  File "C:\Users\Administrator\AppData\Local\Programs\Python\Python36\lib\site-packages\django\template\base.py", line 957, in render_annotated
    return self.render(context)
  File "C:\Users\Administrator\AppData\Local\Programs\Python\Python36\lib\site-packages\django\template\loader_tags.py", line 177, in render
    return compiled_parent._render(context)
  File "C:\Users\Administrator\AppData\Local\Programs\Python\Python36\lib\site-packages\django\template\base.py", line 199, in _render
    return self.nodelist.render(context)
  File "C:\Users\Administrator\AppData\Local\Programs\Python\Python36\lib\site-packages\django\template\base.py", line 990, in render
    bit = node.render_annotated(context)
  File "C:\Users\Administrator\AppData\Local\Programs\Python\Python36\lib\site-packages\django\template\base.py", line 957, in render_annotated
    return self.render(context)
  File "C:\Users\Administrator\AppData\Local\Programs\Python\Python36\lib\site-packages\django\template\loader_tags.py", line 72, in render
    result = block.nodelist.render(context)
  File "C:\Users\Administrator\AppData\Local\Programs\Python\Python36\lib\site-packages\django\template\base.py", line 990, in render
    bit = node.render_annotated(context)
  File "C:\Users\Administrator\AppData\Local\Programs\Python\Python36\lib\site-packages\django\template\base.py", line 957, in render_annotated
    return self.render(context)
  File "C:\Users\Administrator\AppData\Local\Programs\Python\Python36\lib\site-packages\django\template\loader_tags.py", line 72, in render
    result = block.nodelist.render(context)
  File "C:\Users\Administrator\AppData\Local\Programs\Python\Python36\lib\site-packages\django\template\base.py", line 990, in render
    bit = node.render_annotated(context)
  File "C:\Users\Administrator\AppData\Local\Programs\Python\Python36\lib\site-packages\django\template\base.py", line 957, in render_annotated
    return self.render(context)
  File "C:\Users\Administrator\AppData\Local\Programs\Python\Python36\lib\site-packages\django\template\library.py", line 225, in render
    _dict = self.func(*resolved_args, **resolved_kwargs)
  File "C:\Users\Administrator\AppData\Local\Programs\Python\Python36\lib\site-packages\django\contrib\admin\templatetags\admin_list.py", line 340, in result_list
    'results': list(results(cl))}
  File "C:\Users\Administrator\AppData\Local\Programs\Python\Python36\lib\site-packages\django\contrib\admin\templatetags\admin_list.py", line 316, in results
    yield ResultList(None, items_for_result(cl, res, None))
  File "C:\Users\Administrator\AppData\Local\Programs\Python\Python36\lib\site-packages\django\contrib\admin\templatetags\admin_list.py", line 307, in __init__
    super(ResultList, self).__init__(*items)
  File "C:\Users\Administrator\AppData\Local\Programs\Python\Python36\lib\site-packages\django\contrib\admin\templatetags\admin_list.py", line 218, in items_for_result
    f, attr, value = lookup_field(field_name, result, cl.model_admin)
  File "C:\Users\Administrator\AppData\Local\Programs\Python\Python36\lib\site-packages\django\contrib\admin\utils.py", line 299, in lookup_field
    value = attr()
  File ".\show\models.py", line 113, in image_tag
    return mark_safe('<img width=50px src="%s%s" />' % (IT_show.settings.MEDIA_URL,self.head.pic))
AttributeError: 'NoneType' object has no attribute 'pic'
[2018-06-06 21:25:16,191] [WARNING] Not Found: /admin/s123
[2018-06-06 21:25:16,366] [WARNING] Not Found: /admin/404/css/fourtofour.css
[2018-06-06 21:25:16,372] [WARNING] Not Found: /admin/404/css/d.css
[2018-06-06 21:25:16,372] [WARNING] Not Found: /admin/404/js/fourtofour.js
[2018-06-06 21:25:16,380] [WARNING] Not Found: /admin/404/js/jquery-3.3.1.min.js
[2018-06-06 21:25:16,395] [WARNING] Not Found: /admin/404/img/logo1.png
[2018-06-06 21:25:16,397] [WARNING] Not Found: /admin/404/img/raawa.png
[2018-06-06 21:25:16,398] [WARNING] Not Found: /admin/404/img/sor.png
[2018-06-06 21:25:16,422] [WARNING] Not Found: /admin/404/img/banqiu.png
[2018-06-06 21:25:16,425] [WARNING] Not Found: /admin/404/img/four.png
[2018-06-06 21:25:16,436] [WARNING] Not Found: /admin/404/img/shia.png
[2018-06-06 21:25:16,543] [WARNING] Not Found: /admin/404/js/fourtofour.js
[2018-06-06 21:25:31,898] [WARNING] Not Found: /admin/s123
[2018-06-06 21:25:32,043] [WARNING] Not Found: /admin/404/css/fourtofour.css
[2018-06-06 21:25:32,055] [WARNING] Not Found: /admin/404/js/jquery-3.3.1.min.js
[2018-06-06 21:25:32,056] [WARNING] Not Found: /admin/404/css/d.css
[2018-06-06 21:25:32,083] [WARNING] Not Found: /admin/404/js/fourtofour.js
[2018-06-06 21:25:32,085] [WARNING] Not Found: /admin/404/img/logo1.png
[2018-06-06 21:25:32,094] [WARNING] Not Found: /admin/404/img/sor.png
[2018-06-06 21:25:32,098] [WARNING] Not Found: /admin/404/img/four.png
[2018-06-06 21:25:32,100] [WARNING] Not Found: /admin/404/img/banqiu.png
[2018-06-06 21:25:32,113] [WARNING] Not Found: /admin/404/img/raawa.png
[2018-06-06 21:25:32,124] [WARNING] Not Found: /admin/404/img/shia.png
[2018-06-06 21:25:32,316] [WARNING] Not Found: /admin/404/js/fourtofour.js
[2018-06-06 21:26:06,034] [WARNING] Not Found: /admin/s123
[2018-06-06 21:27:48,119] [WARNING] Not Found: /admin/123
[2018-06-06 21:27:48,250] [WARNING] Not Found: /admin/404/css/fourtofour.css
[2018-06-06 21:27:48,259] [WARNING] Not Found: /admin/404/js/jquery-3.3.1.min.js
[2018-06-06 21:27:48,264] [WARNING] Not Found: /admin/404/js/fourtofour.js
[2018-06-06 21:27:48,272] [WARNING] Not Found: /admin/404/css/d.css
[2018-06-06 21:27:48,296] [WARNING] Not Found: /admin/404/img/sor.png
[2018-06-06 21:27:48,296] [WARNING] Not Found: /admin/404/img/logo1.png
[2018-06-06 21:27:48,298] [WARNING] Not Found: /admin/404/img/banqiu.png
[2018-06-06 21:27:48,310] [WARNING] Not Found: /admin/404/img/raawa.png
[2018-06-06 21:27:48,310] [WARNING] Not Found: /admin/404/img/four.png
[2018-06-06 21:27:48,315] [WARNING] Not Found: /admin/404/img/shia.png
[2018-06-06 21:27:48,479] [WARNING] Not Found: /admin/404/js/fourtofour.js
[2018-06-06 21:30:05,069] [WARNING] Not Found: /admin/123
[2018-06-06 21:30:05,234] [WARNING] Not Found: /admin/404/css/fourtofour.css
[2018-06-06 21:30:05,250] [WARNING] Not Found: /admin/404/css/d.css
[2018-06-06 21:30:05,265] [WARNING] Not Found: /admin/404/js/jquery-3.3.1.min.js
[2018-06-06 21:30:05,266] [WARNING] Not Found: /admin/404/js/fourtofour.js
[2018-06-06 21:30:05,280] [WARNING] Not Found: /admin/404/img/logo1.png
[2018-06-06 21:30:05,289] [WARNING] Not Found: /admin/404/img/shia.png
[2018-06-06 21:30:05,295] [WARNING] Not Found: /admin/404/img/banqiu.png
[2018-06-06 21:30:05,302] [WARNING] Not Found: /admin/404/img/sor.png
[2018-06-06 21:30:05,307] [WARNING] Not Found: /admin/404/img/raawa.png
[2018-06-06 21:30:05,530] [WARNING] Not Found: /admin/404/js/fourtofour.js
[2018-06-06 21:30:06,294] [WARNING] Not Found: /admin/404/img/four.png
[2018-06-06 21:30:18,506] [WARNING] Not Found: /admin/1231232
[2018-06-06 21:30:18,695] [WARNING] Not Found: /admin/404/css/fourtofour.css
[2018-06-06 21:30:18,706] [WARNING] Not Found: /admin/404/css/d.css
[2018-06-06 21:30:18,708] [WARNING] Not Found: /admin/404/js/fourtofour.js
[2018-06-06 21:30:18,721] [WARNING] Not Found: /admin/404/js/jquery-3.3.1.min.js
[2018-06-06 21:30:18,733] [WARNING] Not Found: /admin/404/img/raawa.png
[2018-06-06 21:30:18,734] [WARNING] Not Found: /admin/404/img/logo1.png
[2018-06-06 21:30:18,735] [WARNING] Not Found: /admin/404/img/sor.png
[2018-06-06 21:30:18,748] [WARNING] Not Found: /admin/404/img/banqiu.png
[2018-06-06 21:30:18,749] [WARNING] Not Found: /admin/404/img/four.png
[2018-06-06 21:30:18,754] [WARNING] Not Found: /admin/404/img/shia.png
[2018-06-06 21:30:18,918] [WARNING] Not Found: /admin/404/js/fourtofour.js
[2018-06-06 21:30:40,371] [WARNING] Not Found: /admin/123123
[2018-06-06 21:30:40,522] [WARNING] Not Found: /admin/404/css/fourtofour.css
[2018-06-06 21:30:40,537] [WARNING] Not Found: /admin/404/css/d.css
[2018-06-06 21:30:40,550] [WARNING] Not Found: /admin/404/js/jquery-3.3.1.min.js
[2018-06-06 21:30:40,552] [WARNING] Not Found: /admin/404/js/fourtofour.js
[2018-06-06 21:30:40,565] [WARNING] Not Found: /admin/404/img/banqiu.png
[2018-06-06 21:30:40,566] [WARNING] Not Found: /admin/404/img/raawa.png
[2018-06-06 21:30:40,575] [WARNING] Not Found: /admin/404/img/logo1.png
[2018-06-06 21:30:40,579] [WARNING] Not Found: /admin/404/img/sor.png
[2018-06-06 21:30:40,582] [WARNING] Not Found: /admin/404/img/four.png
[2018-06-06 21:30:40,589] [WARNING] Not Found: /admin/404/img/shia.png
[2018-06-06 21:30:40,733] [WARNING] Not Found: /admin/404/js/fourtofour.js
[2018-06-06 21:31:08,518] [WARNING] Not Found: /admin/404/css/fourtofour.css
[2018-06-06 21:31:08,665] [WARNING] Not Found: /admin/404/css/404/css/fourtofour.css
[2018-06-06 21:31:08,680] [WARNING] Not Found: /admin/404/css/404/css/d.css
[2018-06-06 21:31:08,694] [WARNING] Not Found: /admin/404/css/404/js/fourtofour.js
[2018-06-06 21:31:08,694] [WARNING] Not Found: /admin/404/css/404/js/jquery-3.3.1.min.js
[2018-06-06 21:31:08,710] [WARNING] Not Found: /admin/404/css/404/img/logo1.png
[2018-06-06 21:31:08,714] [WARNING] Not Found: /admin/404/css/404/img/sor.png
[2018-06-06 21:31:08,715] [WARNING] Not Found: /admin/404/css/404/img/banqiu.png
[2018-06-06 21:31:08,726] [WARNING] Not Found: /admin/404/css/404/img/four.png
[2018-06-06 21:31:08,729] [WARNING] Not Found: /admin/404/css/404/img/raawa.png
[2018-06-06 21:31:08,735] [WARNING] Not Found: /admin/404/css/404/img/shia.png
[2018-06-06 21:31:08,936] [WARNING] Not Found: /admin/404/css/404/css/fourtofour.css
[2018-06-06 21:31:08,954] [WARNING] Not Found: /admin/404/css/404/css/d.css
[2018-06-06 21:31:08,955] [WARNING] Not Found: /admin/404/css/404/js/jquery-3.3.1.min.js
[2018-06-06 21:31:09,006] [WARNING] Not Found: /admin/404/css/404/img/logo1.png
[2018-06-06 21:31:09,006] [WARNING] Not Found: /admin/404/css/404/img/four.png
[2018-06-06 21:31:09,007] [WARNING] Not Found: /admin/404/css/404/img/raawa.png
[2018-06-06 21:31:09,017] [WARNING] Not Found: /admin/404/css/404/img/banqiu.png
[2018-06-06 21:31:09,019] [WARNING] Not Found: /admin/404/css/404/img/sor.png
[2018-06-06 21:31:09,020] [WARNING] Not Found: /admin/404/css/404/img/shia.png
[2018-06-06 21:31:09,083] [WARNING] Not Found: /admin/404/css/404/js/fourtofour.js
[2018-06-06 21:31:32,409] [WARNING] Not Found: /admin/404/css/fourtofour.css
[2018-06-06 21:31:32,583] [WARNING] Not Found: /admin/404/css/404/css/fourtofour.css
[2018-06-06 21:31:32,608] [WARNING] Not Found: /admin/404/css/404/js/jquery-3.3.1.min.js
[2018-06-06 21:31:32,608] [WARNING] Not Found: /admin/404/css/404/css/d.css
[2018-06-06 21:31:32,622] [WARNING] Not Found: /admin/404/css/404/js/fourtofour.js
[2018-06-06 21:31:32,633] [WARNING] Not Found: /admin/404/css/404/img/logo1.png
[2018-06-06 21:31:32,633] [WARNING] Not Found: /admin/404/css/404/img/sor.png
[2018-06-06 21:31:32,636] [WARNING] Not Found: /admin/404/css/404/img/raawa.png
[2018-06-06 21:31:32,649] [WARNING] Not Found: /admin/404/css/404/img/banqiu.png
[2018-06-06 21:31:32,649] [WARNING] Not Found: /admin/404/css/404/img/four.png
[2018-06-06 21:31:32,664] [WARNING] Not Found: /admin/404/css/404/img/shia.png
[2018-06-06 21:33:23,415] [WARNING] Not Found: /admin/404/css/fourtofour.css
[2018-06-06 21:33:23,524] [WARNING] Not Found: /admin/404/css/404/css/fourtofour.css
[2018-06-06 21:33:23,538] [WARNING] Not Found: /admin/404/css/404/js/jquery-3.3.1.min.js
[2018-06-06 21:33:23,538] [WARNING] Not Found: /admin/404/css/404/css/d.css
[2018-06-06 21:33:23,554] [WARNING] Not Found: /admin/404/css/404/js/fourtofour.js
[2018-06-06 21:33:23,561] [WARNING] Not Found: /admin/404/css/404/img/raawa.png
[2018-06-06 21:33:23,566] [WARNING] Not Found: /admin/404/css/404/img/sor.png
[2018-06-06 21:33:23,567] [WARNING] Not Found: /admin/404/css/404/img/logo1.png
[2018-06-06 21:33:23,581] [WARNING] Not Found: /admin/404/css/404/img/banqiu.png
[2018-06-06 21:33:23,581] [WARNING] Not Found: /admin/404/css/404/img/four.png
[2018-06-06 21:33:23,587] [WARNING] Not Found: /admin/404/css/404/img/shia.png
[2018-06-06 21:33:26,155] [WARNING] Not Found: /admin/404/css/fourtofour.css
[2018-06-06 21:33:26,346] [WARNING] Not Found: /admin/404/css/404/img/banqiu.png
[2018-06-06 21:33:26,356] [WARNING] Not Found: /admin/404/css/404/css/fourtofour.css
[2018-06-06 21:33:26,360] [WARNING] Not Found: /admin/404/css/404/css/d.css
[2018-06-06 21:33:26,369] [WARNING] Not Found: /admin/404/css/404/js/fourtofour.js
[2018-06-06 21:33:26,374] [WARNING] Not Found: /admin/404/css/404/js/jquery-3.3.1.min.js
[2018-06-06 21:33:26,401] [WARNING] Not Found: /admin/404/css/404/img/sor.png
[2018-06-06 21:33:26,401] [WARNING] Not Found: /admin/404/css/404/img/logo1.png
[2018-06-06 21:33:26,402] [WARNING] Not Found: /admin/404/css/404/img/shia.png
[2018-06-06 21:33:26,415] [WARNING] Not Found: /admin/404/css/404/img/raawa.png
[2018-06-06 21:33:26,416] [WARNING] Not Found: /admin/404/css/404/img/four.png
[2018-06-06 21:34:24,536] [WARNING] Not Found: /admin/404/css/fourtofour.css
[2018-06-06 21:34:24,684] [WARNING] Not Found: /admin/404/css/404/css/fourtofour.css
[2018-06-06 21:34:24,699] [WARNING] Not Found: /admin/404/css/404/css/d.css
[2018-06-06 21:34:24,713] [WARNING] Not Found: /admin/404/css/404/js/jquery-3.3.1.min.js
[2018-06-06 21:34:24,713] [WARNING] Not Found: /admin/404/css/404/js/fourtofour.js
[2018-06-06 21:34:24,729] [WARNING] Not Found: /admin/404/css/404/img/raawa.png
[2018-06-06 21:34:24,729] [WARNING] Not Found: /admin/404/css/404/img/logo1.png
[2018-06-06 21:34:24,737] [WARNING] Not Found: /admin/404/css/404/img/sor.png
[2018-06-06 21:34:24,743] [WARNING] Not Found: /admin/404/css/404/img/four.png
[2018-06-06 21:34:24,745] [WARNING] Not Found: /admin/404/css/404/img/shia.png
[2018-06-06 21:34:24,751] [WARNING] Not Found: /admin/404/css/404/img/banqiu.png
[2018-06-06 21:34:24,941] [WARNING] Not Found: /admin/404/css/404/css/fourtofour.css
[2018-06-06 21:34:24,945] [WARNING] Not Found: /admin/404/css/404/css/d.css
[2018-06-06 21:34:24,955] [WARNING] Not Found: /admin/404/css/404/js/jquery-3.3.1.min.js
[2018-06-06 21:34:24,968] [WARNING] Not Found: /admin/404/css/404/img/sor.png
[2018-06-06 21:34:24,969] [WARNING] Not Found: /admin/404/css/404/img/logo1.png
[2018-06-06 21:34:24,977] [WARNING] Not Found: /admin/404/css/404/img/banqiu.png
[2018-06-06 21:34:24,981] [WARNING] Not Found: /admin/404/css/404/img/raawa.png
[2018-06-06 21:34:24,983] [WARNING] Not Found: /admin/404/css/404/img/four.png
[2018-06-06 21:34:25,004] [WARNING] Not Found: /admin/404/css/404/img/shia.png
[2018-06-06 21:34:25,010] [WARNING] Not Found: /admin/404/css/404/js/fourtofour.js
[2018-06-06 21:35:07,934] [WARNING] Not Found: /admin/404/css/fourtofour.css
[2018-06-06 21:35:08,088] [WARNING] Not Found: /admin/404/css/404/js/jquery-3.3.1.min.js
[2018-06-06 21:35:08,105] [WARNING] Not Found: /admin/404/css/404/js/fourtofour.js
[2018-06-06 21:35:08,116] [WARNING] Not Found: /admin/404/css/404/css/fourtofour.css
[2018-06-06 21:35:08,160] [WARNING] Not Found: /admin/404/css/404/css/d.css
[2018-06-06 21:35:08,181] [WARNING] Not Found: /admin/404/css/404/img/raawa.png
[2018-06-06 21:35:08,181] [WARNING] Not Found: /admin/404/css/404/img/sor.png
[2018-06-06 21:35:08,182] [WARNING] Not Found: /admin/404/css/404/img/banqiu.png
[2018-06-06 21:35:08,196] [WARNING] Not Found: /admin/404/css/404/img/logo1.png
[2018-06-06 21:35:08,197] [WARNING] Not Found: /admin/404/css/404/img/four.png
[2018-06-06 21:35:08,197] [WARNING] Not Found: /admin/404/css/404/img/shia.png
[2018-06-07 06:12:52,646] [WARNING] Not Found: /
[2018-06-07 06:12:52,648] [WARNING] "GET / HTTP/1.1" 404 2129
[2018-06-07 06:12:52,686] [WARNING] Not Found: /favicon.ico
[2018-06-07 06:12:52,687] [WARNING] "GET /favicon.ico HTTP/1.1" 404 2180
[2018-06-07 06:13:34,311] [WARNING] Not Found: /home/index
[2018-06-07 06:13:34,313] [WARNING] "GET /home/index HTTP/1.1" 404 2177
[2018-06-07 06:13:36,898] [WARNING] Not Found: /
[2018-06-07 06:13:36,902] [WARNING] "GET / HTTP/1.1" 404 2129
[2018-06-07 06:13:37,042] [WARNING] Not Found: /favicon.ico
[2018-06-07 06:13:37,045] [WARNING] "GET /favicon.ico HTTP/1.1" 404 2180
[2018-06-07 06:13:37,423] [WARNING] Not Found: /home/index/
[2018-06-07 06:13:37,425] [WARNING] "GET /home/index/ HTTP/1.1" 404 2180
