Unhandled exception in thread started by <function check_errors.<locals>.wrapper at 0x7ff8c6429048>
Traceback (most recent call last):
  File "/root/.pyenv/versions/3.5.5/lib/python3.5/site-packages/django/db/backends/base/base.py", line 213, in ensure_connection
    self.connect()
  File "/root/.pyenv/versions/3.5.5/lib/python3.5/site-packages/django/db/backends/base/base.py", line 189, in connect
    self.connection = self.get_new_connection(conn_params)
  File "/root/.pyenv/versions/3.5.5/lib/python3.5/site-packages/django/db/backends/mysql/base.py", line 274, in get_new_connection
    conn = Database.connect(**conn_params)
  File "/root/.pyenv/versions/3.5.5/lib/python3.5/site-packages/pymysql/__init__.py", line 94, in Connect
    return Connection(*args, **kwargs)
  File "/root/.pyenv/versions/3.5.5/lib/python3.5/site-packages/pymysql/connections.py", line 327, in __init__
    self.connect()
  File "/root/.pyenv/versions/3.5.5/lib/python3.5/site-packages/pymysql/connections.py", line 598, in connect
    self._request_authentication()
  File "/root/.pyenv/versions/3.5.5/lib/python3.5/site-packages/pymysql/connections.py", line 862, in _request_authentication
    auth_packet = self._process_auth(plugin_name, auth_packet)
  File "/root/.pyenv/versions/3.5.5/lib/python3.5/site-packages/pymysql/connections.py", line 933, in _process_auth
    pkt = self._read_packet()
  File "/root/.pyenv/versions/3.5.5/lib/python3.5/site-packages/pymysql/connections.py", line 683, in _read_packet
    packet.check_error()
  File "/root/.pyenv/versions/3.5.5/lib/python3.5/site-packages/pymysql/protocol.py", line 220, in check_error
    err.raise_mysql_exception(self._data)
  File "/root/.pyenv/versions/3.5.5/lib/python3.5/site-packages/pymysql/err.py", line 109, in raise_mysql_exception
    raise errorclass(errno, errval)
pymysql.err.OperationalError: (1045, "Access denied for user 'root'@'127.0.0.1' (using password: YES)")

The above exception was the direct cause of the following exception:

Traceback (most recent call last):
  File "/root/.pyenv/versions/3.5.5/lib/python3.5/site-packages/django/utils/autoreload.py", line 228, in wrapper
    fn(*args, **kwargs)
  File "/root/.pyenv/versions/3.5.5/lib/python3.5/site-packages/django/core/management/commands/runserver.py", line 125, in inner_run
    self.check(display_num_errors=True)
  File "/root/.pyenv/versions/3.5.5/lib/python3.5/site-packages/django/core/management/base.py", line 359, in check
    include_deployment_checks=include_deployment_checks,
  File "/root/.pyenv/versions/3.5.5/lib/python3.5/site-packages/django/core/management/base.py", line 346, in _run_checks
    return checks.run_checks(**kwargs)
  File "/root/.pyenv/versions/3.5.5/lib/python3.5/site-packages/django/core/checks/registry.py", line 81, in run_checks
    new_errors = check(app_configs=app_configs)
  File "/root/.pyenv/versions/3.5.5/lib/python3.5/site-packages/django/core/checks/model_checks.py", line 30, in check_all_models
    errors.extend(model.check(**kwargs))
  File "/root/.pyenv/versions/3.5.5/lib/python3.5/site-packages/django/db/models/base.py", line 1284, in check
    errors.extend(cls._check_fields(**kwargs))
  File "/root/.pyenv/versions/3.5.5/lib/python3.5/site-packages/django/db/models/base.py", line 1359, in _check_fields
    errors.extend(field.check(**kwargs))
  File "/root/.pyenv/versions/3.5.5/lib/python3.5/site-packages/django/db/models/fields/__init__.py", line 913, in check
    errors = super(AutoField, self).check(**kwargs)
  File "/root/.pyenv/versions/3.5.5/lib/python3.5/site-packages/django/db/models/fields/__init__.py", line 219, in check
    errors.extend(self._check_backend_specific_checks(**kwargs))
  File "/root/.pyenv/versions/3.5.5/lib/python3.5/site-packages/django/db/models/fields/__init__.py", line 322, in _check_backend_specific_checks
    return connections[db].validation.check_field(self, **kwargs)
  File "/root/.pyenv/versions/3.5.5/lib/python3.5/site-packages/django/db/backends/mysql/validation.py", line 49, in check_field
    field_type = field.db_type(self.connection)
  File "/root/.pyenv/versions/3.5.5/lib/python3.5/site-packages/django/db/models/fields/__init__.py", line 644, in db_type
    return connection.data_types[self.get_internal_type()] % data
  File "/root/.pyenv/versions/3.5.5/lib/python3.5/site-packages/django/utils/functional.py", line 35, in __get__
    res = instance.__dict__[self.name] = self.func(instance)
  File "/root/.pyenv/versions/3.5.5/lib/python3.5/site-packages/django/db/backends/mysql/base.py", line 174, in data_types
    if self.features.supports_microsecond_precision:
  File "/root/.pyenv/versions/3.5.5/lib/python3.5/site-packages/django/utils/functional.py", line 35, in __get__
    res = instance.__dict__[self.name] = self.func(instance)
  File "/root/.pyenv/versions/3.5.5/lib/python3.5/site-packages/django/db/backends/mysql/features.py", line 53, in supports_microsecond_precision
    return self.connection.mysql_version >= (5, 6, 4) and Database.version_info >= (1, 2, 5)
  File "/root/.pyenv/versions/3.5.5/lib/python3.5/site-packages/django/utils/functional.py", line 35, in __get__
    res = instance.__dict__[self.name] = self.func(instance)
  File "/root/.pyenv/versions/3.5.5/lib/python3.5/site-packages/django/db/backends/mysql/base.py", line 385, in mysql_version
    with self.temporary_connection() as cursor:
  File "/root/.pyenv/versions/3.5.5/lib/python3.5/contextlib.py", line 59, in __enter__
    return next(self.gen)
  File "/root/.pyenv/versions/3.5.5/lib/python3.5/site-packages/django/db/backends/base/base.py", line 591, in temporary_connection
    cursor = self.cursor()
  File "/root/.pyenv/versions/3.5.5/lib/python3.5/site-packages/django/db/backends/base/base.py", line 254, in cursor
    return self._cursor()
  File "/root/.pyenv/versions/3.5.5/lib/python3.5/site-packages/django/db/backends/base/base.py", line 229, in _cursor
    self.ensure_connection()
  File "/root/.pyenv/versions/3.5.5/lib/python3.5/site-packages/django/db/backends/base/base.py", line 213, in ensure_connection
    self.connect()
  File "/root/.pyenv/versions/3.5.5/lib/python3.5/site-packages/django/db/utils.py", line 94, in __exit__
    six.reraise(dj_exc_type, dj_exc_value, traceback)
  File "/root/.pyenv/versions/3.5.5/lib/python3.5/site-packages/django/utils/six.py", line 685, in reraise
    raise value.with_traceback(tb)
  File "/root/.pyenv/versions/3.5.5/lib/python3.5/site-packages/django/db/backends/base/base.py", line 213, in ensure_connection
    self.connect()
  File "/root/.pyenv/versions/3.5.5/lib/python3.5/site-packages/django/db/backends/base/base.py", line 189, in connect
    self.connection = self.get_new_connection(conn_params)
  File "/root/.pyenv/versions/3.5.5/lib/python3.5/site-packages/django/db/backends/mysql/base.py", line 274, in get_new_connection
    conn = Database.connect(**conn_params)
  File "/root/.pyenv/versions/3.5.5/lib/python3.5/site-packages/pymysql/__init__.py", line 94, in Connect
    return Connection(*args, **kwargs)
  File "/root/.pyenv/versions/3.5.5/lib/python3.5/site-packages/pymysql/connections.py", line 327, in __init__
    self.connect()
  File "/root/.pyenv/versions/3.5.5/lib/python3.5/site-packages/pymysql/connections.py", line 598, in connect
    self._request_authentication()
  File "/root/.pyenv/versions/3.5.5/lib/python3.5/site-packages/pymysql/connections.py", line 862, in _request_authentication
    auth_packet = self._process_auth(plugin_name, auth_packet)
  File "/root/.pyenv/versions/3.5.5/lib/python3.5/site-packages/pymysql/connections.py", line 933, in _process_auth
    pkt = self._read_packet()
  File "/root/.pyenv/versions/3.5.5/lib/python3.5/site-packages/pymysql/connections.py", line 683, in _read_packet
    packet.check_error()
  File "/root/.pyenv/versions/3.5.5/lib/python3.5/site-packages/pymysql/protocol.py", line 220, in check_error
    err.raise_mysql_exception(self._data)
  File "/root/.pyenv/versions/3.5.5/lib/python3.5/site-packages/pymysql/err.py", line 109, in raise_mysql_exception
    raise errorclass(errno, errval)
django.db.utils.OperationalError: (1045, "Access denied for user 'root'@'127.0.0.1' (using password: YES)")
Performing system checks...

Performing system checks...

System check identified no issues (0 silenced).
July 24, 2018 - 09:08:22
Django version 1.11.9, using settings 'IT_show.settings'
Starting development server at http://0.0.0.0:8080/
Quit the server with CONTROL-C.
[2018-07-24 09:10:49,650] [INFO] "GET /home/workshow/ HTTP/1.1" 200 3988
2018-07-24 09:10:49,650 INFO "GET /home/workshow/ HTTP/1.1" 200 3988
[2018-07-24 09:10:49,836] [INFO] "GET /static/favicon.ico HTTP/1.1" 200 536
2018-07-24 09:10:49,836 INFO "GET /static/favicon.ico HTTP/1.1" 200 536
[2018-07-24 09:10:51,624] [INFO] "GET /home/index/ HTTP/1.1" 200 4446
2018-07-24 09:10:51,624 INFO "GET /home/index/ HTTP/1.1" 200 4446
[2018-07-24 09:10:51,940] [INFO] "GET /static/img/jsiji.png HTTP/1.1" 200 122656
2018-07-24 09:10:51,940 INFO "GET /static/img/jsiji.png HTTP/1.1" 200 122656
[2018-07-24 09:10:51,963] [INFO] "GET /static/img/sahu.png HTTP/1.1" 200 108790
2018-07-24 09:10:51,963 INFO "GET /static/img/sahu.png HTTP/1.1" 200 108790
[2018-07-24 09:10:53,160] [INFO] "GET /home/department/ HTTP/1.1" 200 5267
2018-07-24 09:10:53,160 INFO "GET /home/department/ HTTP/1.1" 200 5267
[2018-07-24 09:13:22,701] [INFO] "GET /test/page4/ HTTP/1.1" 200 12
2018-07-24 09:13:22,701 INFO "GET /test/page4/ HTTP/1.1" 200 12
[2018-07-24 09:13:23,046] [WARNING] Not Found: /favicon.ico
2018-07-24 09:13:23,046 WARNING Not Found: /favicon.ico
[2018-07-24 09:13:23,047] [WARNING] "GET /favicon.ico HTTP/1.1" 404 1762
2018-07-24 09:13:23,047 WARNING "GET /favicon.ico HTTP/1.1" 404 1762
[2018-07-24 09:13:24,172] [INFO] "GET /home/member/ HTTP/1.1" 200 10807
2018-07-24 09:13:24,172 INFO "GET /home/member/ HTTP/1.1" 200 10807
[2018-07-24 09:13:24,412] [WARNING] Not Found: /image/image/MemberPhoto/QQ图片20180104163308.png
2018-07-24 09:13:24,412 WARNING Not Found: /image/image/MemberPhoto/QQ图片20180104163308.png
[2018-07-24 09:13:24,413] [WARNING] "GET /image/image/MemberPhoto/QQ%E5%9B%BE%E7%89%8720180104163308.png HTTP/1.1" 404 1891
2018-07-24 09:13:24,413 WARNING "GET /image/image/MemberPhoto/QQ%E5%9B%BE%E7%89%8720180104163308.png HTTP/1.1" 404 1891
[2018-07-24 09:13:24,419] [WARNING] Not Found: /image/image/MemberPhoto/9150e4e5gy1fpwe2vs79fj20ku0kgdgz_XaKoYtt.jpg
2018-07-24 09:13:24,419 WARNING Not Found: /image/image/MemberPhoto/9150e4e5gy1fpwe2vs79fj20ku0kgdgz_XaKoYtt.jpg
[2018-07-24 09:13:24,420] [WARNING] "GET /image/image/MemberPhoto/9150e4e5gy1fpwe2vs79fj20ku0kgdgz_XaKoYtt.jpg HTTP/1.1" 404 1933
2018-07-24 09:13:24,420 WARNING "GET /image/image/MemberPhoto/9150e4e5gy1fpwe2vs79fj20ku0kgdgz_XaKoYtt.jpg HTTP/1.1" 404 1933
[2018-07-24 09:13:24,425] [WARNING] Not Found: /image/image/MemberPhoto/20165116592831174_eARRzC9.jpg
2018-07-24 09:13:24,425 WARNING Not Found: /image/image/MemberPhoto/20165116592831174_eARRzC9.jpg
[2018-07-24 09:13:24,426] [WARNING] "GET /image/image/MemberPhoto/20165116592831174_eARRzC9.jpg HTTP/1.1" 404 1888
2018-07-24 09:13:24,426 WARNING "GET /image/image/MemberPhoto/20165116592831174_eARRzC9.jpg HTTP/1.1" 404 1888
[2018-07-24 09:13:26,513] [INFO] "GET /home/member/ HTTP/1.1" 200 10807
2018-07-24 09:13:26,513 INFO "GET /home/member/ HTTP/1.1" 200 10807
[2018-07-24 09:13:26,591] [WARNING] Not Found: /image/image/MemberPhoto/QQ图片20180104163308.png
2018-07-24 09:13:26,591 WARNING Not Found: /image/image/MemberPhoto/QQ图片20180104163308.png
[2018-07-24 09:13:26,592] [WARNING] "GET /image/image/MemberPhoto/QQ%E5%9B%BE%E7%89%8720180104163308.png HTTP/1.1" 404 1891
2018-07-24 09:13:26,592 WARNING "GET /image/image/MemberPhoto/QQ%E5%9B%BE%E7%89%8720180104163308.png HTTP/1.1" 404 1891
[2018-07-24 09:13:26,595] [WARNING] Not Found: /image/image/MemberPhoto/9150e4e5gy1fpwe2vs79fj20ku0kgdgz_XaKoYtt.jpg
2018-07-24 09:13:26,595 WARNING Not Found: /image/image/MemberPhoto/9150e4e5gy1fpwe2vs79fj20ku0kgdgz_XaKoYtt.jpg
[2018-07-24 09:13:26,595] [WARNING] "GET /image/image/MemberPhoto/9150e4e5gy1fpwe2vs79fj20ku0kgdgz_XaKoYtt.jpg HTTP/1.1" 404 1933
2018-07-24 09:13:26,595 WARNING "GET /image/image/MemberPhoto/9150e4e5gy1fpwe2vs79fj20ku0kgdgz_XaKoYtt.jpg HTTP/1.1" 404 1933
[2018-07-24 09:13:26,650] [WARNING] Not Found: /image/image/MemberPhoto/20165116592831174_eARRzC9.jpg
2018-07-24 09:13:26,650 WARNING Not Found: /image/image/MemberPhoto/20165116592831174_eARRzC9.jpg
[2018-07-24 09:13:26,651] [WARNING] "GET /image/image/MemberPhoto/20165116592831174_eARRzC9.jpg HTTP/1.1" 404 1888
2018-07-24 09:13:26,651 WARNING "GET /image/image/MemberPhoto/20165116592831174_eARRzC9.jpg HTTP/1.1" 404 1888
[2018-07-24 09:13:27,710] [INFO] "GET /home/member/ HTTP/1.1" 200 10807
2018-07-24 09:13:27,710 INFO "GET /home/member/ HTTP/1.1" 200 10807
[2018-07-24 09:13:27,782] [INFO] "GET /static/css/nav.css HTTP/1.1" 200 968
2018-07-24 09:13:27,782 INFO "GET /static/css/nav.css HTTP/1.1" 200 968
[2018-07-24 09:13:27,783] [INFO] "GET /static/css/d.css HTTP/1.1" 200 309
2018-07-24 09:13:27,783 INFO "GET /static/css/d.css HTTP/1.1" 200 309
[2018-07-24 09:13:27,791] [INFO] "GET /static/css/member.css HTTP/1.1" 200 4960
2018-07-24 09:13:27,791 INFO "GET /static/css/member.css HTTP/1.1" 200 4960
[2018-07-24 09:13:27,793] [INFO] "GET /static/img/logo.png HTTP/1.1" 200 1593
2018-07-24 09:13:27,793 INFO "GET /static/img/logo.png HTTP/1.1" 200 1593
[2018-07-24 09:13:27,897] [INFO] "GET /static/js/nav.js HTTP/1.1" 200 2257
2018-07-24 09:13:27,897 INFO "GET /static/js/nav.js HTTP/1.1" 200 2257
[2018-07-24 09:13:27,931] [INFO] "GET /static/img/asdabj.png HTTP/1.1" 200 37963
2018-07-24 09:13:27,931 INFO "GET /static/img/asdabj.png HTTP/1.1" 200 37963
[2018-07-24 09:13:27,931] [INFO] "GET /static/img/mountain.png HTTP/1.1" 200 50502
2018-07-24 09:13:27,931 INFO "GET /static/img/mountain.png HTTP/1.1" 200 50502
[2018-07-24 09:13:27,938] [INFO] "GET /static/js/member.js HTTP/1.1" 200 9325
2018-07-24 09:13:27,938 INFO "GET /static/js/member.js HTTP/1.1" 200 9325
[2018-07-24 09:13:28,015] [INFO] "GET /static/img/backac.png HTTP/1.1" 200 19879
2018-07-24 09:13:28,015 INFO "GET /static/img/backac.png HTTP/1.1" 200 19879
[2018-07-24 09:13:28,062] [INFO] "GET /static/img/cha.png HTTP/1.1" 200 486
2018-07-24 09:13:28,062 INFO "GET /static/img/cha.png HTTP/1.1" 200 486
[2018-07-24 09:13:28,106] [INFO] "GET /static/img/left.png HTTP/1.1" 200 632
2018-07-24 09:13:28,106 INFO "GET /static/img/left.png HTTP/1.1" 200 632
[2018-07-24 09:13:28,180] [INFO] "GET /static/img/right.png HTTP/1.1" 200 700
2018-07-24 09:13:28,180 INFO "GET /static/img/right.png HTTP/1.1" 200 700
[2018-07-24 09:13:28,226] [WARNING] Not Found: /image/image/MemberPhoto/QQ图片20180104163308.png
2018-07-24 09:13:28,226 WARNING Not Found: /image/image/MemberPhoto/QQ图片20180104163308.png
[2018-07-24 09:13:28,227] [WARNING] "GET /image/image/MemberPhoto/QQ%E5%9B%BE%E7%89%8720180104163308.png HTTP/1.1" 404 1891
2018-07-24 09:13:28,227 WARNING "GET /image/image/MemberPhoto/QQ%E5%9B%BE%E7%89%8720180104163308.png HTTP/1.1" 404 1891
[2018-07-24 09:13:28,303] [WARNING] Not Found: /image/image/MemberPhoto/9150e4e5gy1fpwe2vs79fj20ku0kgdgz_XaKoYtt.jpg
2018-07-24 09:13:28,303 WARNING Not Found: /image/image/MemberPhoto/9150e4e5gy1fpwe2vs79fj20ku0kgdgz_XaKoYtt.jpg
[2018-07-24 09:13:28,304] [WARNING] "GET /image/image/MemberPhoto/9150e4e5gy1fpwe2vs79fj20ku0kgdgz_XaKoYtt.jpg HTTP/1.1" 404 1933
2018-07-24 09:13:28,304 WARNING "GET /image/image/MemberPhoto/9150e4e5gy1fpwe2vs79fj20ku0kgdgz_XaKoYtt.jpg HTTP/1.1" 404 1933
[2018-07-24 09:13:28,354] [WARNING] Not Found: /image/image/MemberPhoto/20165116592831174_eARRzC9.jpg
2018-07-24 09:13:28,354 WARNING Not Found: /image/image/MemberPhoto/20165116592831174_eARRzC9.jpg
[2018-07-24 09:13:28,355] [WARNING] "GET /image/image/MemberPhoto/20165116592831174_eARRzC9.jpg HTTP/1.1" 404 1888
2018-07-24 09:13:28,355 WARNING "GET /image/image/MemberPhoto/20165116592831174_eARRzC9.jpg HTTP/1.1" 404 1888
[2018-07-24 09:13:28,678] [INFO] "GET /image/image/MemberPhoto/9150e4e5gy1fpwe2vs79fj20ku0kgdgz.jpg HTTP/1.1" 200 52247
2018-07-24 09:13:28,678 INFO "GET /image/image/MemberPhoto/9150e4e5gy1fpwe2vs79fj20ku0kgdgz.jpg HTTP/1.1" 200 52247
[2018-07-24 09:13:29,122] [INFO] "GET /static/js/jquery-3.2.1.min.js HTTP/1.1" 200 86659
2018-07-24 09:13:29,122 INFO "GET /static/js/jquery-3.2.1.min.js HTTP/1.1" 200 86659
[2018-07-24 09:13:29,538] [INFO] "GET /static/js/jquery-3.3.1.min.js HTTP/1.1" 200 86927
2018-07-24 09:13:29,538 INFO "GET /static/js/jquery-3.3.1.min.js HTTP/1.1" 200 86927
[2018-07-24 09:13:30,051] [INFO] "GET /static/img/page1.png HTTP/1.1" 200 1472
2018-07-24 09:13:30,051 INFO "GET /static/img/page1.png HTTP/1.1" 200 1472
[2018-07-24 09:13:30,063] [INFO] "GET /static/img/page2.png HTTP/1.1" 200 1288
2018-07-24 09:13:30,063 INFO "GET /static/img/page2.png HTTP/1.1" 200 1288
[2018-07-24 09:13:30,189] [INFO] "GET /static/favicon.ico HTTP/1.1" 200 536
2018-07-24 09:13:30,189 INFO "GET /static/favicon.ico HTTP/1.1" 200 536
[2018-07-24 09:13:31,831] [INFO] "GET /home/comment/ HTTP/1.1" 200 5174
2018-07-24 09:13:31,831 INFO "GET /home/comment/ HTTP/1.1" 200 5174
2018-07-24 09:13:32,026 DEBUG 随机串：GUl2
[2018-07-24 09:13:32,043] [INFO] "GET /api/identifyPic HTTP/1.1" 200 1143
2018-07-24 09:13:32,043 INFO "GET /api/identifyPic HTTP/1.1" 200 1143
[2018-07-24 09:13:32,191] [INFO] "GET /api/comment/get?code=0 HTTP/1.1" 200 1981
2018-07-24 09:13:32,191 INFO "GET /api/comment/get?code=0 HTTP/1.1" 200 1981
[2018-07-24 09:13:32,672] [INFO] "GET /home/member/ HTTP/1.1" 200 10807
2018-07-24 09:13:32,672 INFO "GET /home/member/ HTTP/1.1" 200 10807
[2018-07-24 09:13:32,862] [WARNING] Not Found: /image/image/MemberPhoto/QQ图片20180104163308.png
2018-07-24 09:13:32,862 WARNING Not Found: /image/image/MemberPhoto/QQ图片20180104163308.png
[2018-07-24 09:13:32,863] [WARNING] "GET /image/image/MemberPhoto/QQ%E5%9B%BE%E7%89%8720180104163308.png HTTP/1.1" 404 1891
2018-07-24 09:13:32,863 WARNING "GET /image/image/MemberPhoto/QQ%E5%9B%BE%E7%89%8720180104163308.png HTTP/1.1" 404 1891
[2018-07-24 09:13:32,868] [WARNING] Not Found: /image/image/MemberPhoto/9150e4e5gy1fpwe2vs79fj20ku0kgdgz_XaKoYtt.jpg
2018-07-24 09:13:32,868 WARNING Not Found: /image/image/MemberPhoto/9150e4e5gy1fpwe2vs79fj20ku0kgdgz_XaKoYtt.jpg
[2018-07-24 09:13:32,868] [WARNING] "GET /image/image/MemberPhoto/9150e4e5gy1fpwe2vs79fj20ku0kgdgz_XaKoYtt.jpg HTTP/1.1" 404 1933
2018-07-24 09:13:32,868 WARNING "GET /image/image/MemberPhoto/9150e4e5gy1fpwe2vs79fj20ku0kgdgz_XaKoYtt.jpg HTTP/1.1" 404 1933
[2018-07-24 09:13:32,872] [WARNING] Not Found: /image/image/MemberPhoto/20165116592831174_eARRzC9.jpg
2018-07-24 09:13:32,872 WARNING Not Found: /image/image/MemberPhoto/20165116592831174_eARRzC9.jpg
[2018-07-24 09:13:32,872] [WARNING] "GET /image/image/MemberPhoto/20165116592831174_eARRzC9.jpg HTTP/1.1" 404 1888
2018-07-24 09:13:32,872 WARNING "GET /image/image/MemberPhoto/20165116592831174_eARRzC9.jpg HTTP/1.1" 404 1888
[2018-07-24 09:14:19,665] [INFO] "GET /home/member/ HTTP/1.1" 200 10807
2018-07-24 09:14:19,665 INFO "GET /home/member/ HTTP/1.1" 200 10807
[2018-07-24 09:14:19,792] [INFO] "GET /static/css/nav.css HTTP/1.1" 304 0
2018-07-24 09:14:19,792 INFO "GET /static/css/nav.css HTTP/1.1" 304 0
[2018-07-24 09:14:19,797] [INFO] "GET /static/css/d.css HTTP/1.1" 304 0
2018-07-24 09:14:19,797 INFO "GET /static/css/d.css HTTP/1.1" 304 0
[2018-07-24 09:14:19,798] [INFO] "GET /static/css/member.css HTTP/1.1" 304 0
2018-07-24 09:14:19,798 INFO "GET /static/css/member.css HTTP/1.1" 304 0
[2018-07-24 09:14:19,805] [INFO] "GET /static/img/logo.png HTTP/1.1" 304 0
2018-07-24 09:14:19,805 INFO "GET /static/img/logo.png HTTP/1.1" 304 0
[2018-07-24 09:14:19,807] [INFO] "GET /static/img/mountain.png HTTP/1.1" 304 0
2018-07-24 09:14:19,807 INFO "GET /static/img/mountain.png HTTP/1.1" 304 0
[2018-07-24 09:14:19,925] [INFO] "GET /static/js/jquery-3.2.1.min.js HTTP/1.1" 304 0
2018-07-24 09:14:19,925 INFO "GET /static/js/jquery-3.2.1.min.js HTTP/1.1" 304 0
[2018-07-24 09:14:19,933] [INFO] "GET /static/js/nav.js HTTP/1.1" 304 0
2018-07-24 09:14:19,933 INFO "GET /static/js/nav.js HTTP/1.1" 304 0
[2018-07-24 09:14:19,937] [INFO] "GET /static/js/jquery-3.3.1.min.js HTTP/1.1" 304 0
2018-07-24 09:14:19,937 INFO "GET /static/js/jquery-3.3.1.min.js HTTP/1.1" 304 0
[2018-07-24 09:14:19,941] [INFO] "GET /static/js/member.js HTTP/1.1" 304 0
2018-07-24 09:14:19,941 INFO "GET /static/js/member.js HTTP/1.1" 304 0
[2018-07-24 09:14:19,950] [INFO] "GET /static/img/backac.png HTTP/1.1" 304 0
2018-07-24 09:14:19,950 INFO "GET /static/img/backac.png HTTP/1.1" 304 0
[2018-07-24 09:14:19,952] [INFO] "GET /static/img/asdabj.png HTTP/1.1" 304 0
2018-07-24 09:14:19,952 INFO "GET /static/img/asdabj.png HTTP/1.1" 304 0
[2018-07-24 09:14:20,037] [INFO] "GET /static/img/cha.png HTTP/1.1" 304 0
2018-07-24 09:14:20,037 INFO "GET /static/img/cha.png HTTP/1.1" 304 0
[2018-07-24 09:14:20,051] [INFO] "GET /static/img/left.png HTTP/1.1" 304 0
2018-07-24 09:14:20,051 INFO "GET /static/img/left.png HTTP/1.1" 304 0
[2018-07-24 09:14:20,053] [INFO] "GET /static/img/right.png HTTP/1.1" 304 0
2018-07-24 09:14:20,053 INFO "GET /static/img/right.png HTTP/1.1" 304 0
[2018-07-24 09:14:20,066] [WARNING] Not Found: /image/image/MemberPhoto/QQ图片20180104163308.png
2018-07-24 09:14:20,066 WARNING Not Found: /image/image/MemberPhoto/QQ图片20180104163308.png
[2018-07-24 09:14:20,067] [WARNING] "GET /image/image/MemberPhoto/QQ%E5%9B%BE%E7%89%8720180104163308.png HTTP/1.1" 404 1891
2018-07-24 09:14:20,067 WARNING "GET /image/image/MemberPhoto/QQ%E5%9B%BE%E7%89%8720180104163308.png HTTP/1.1" 404 1891
[2018-07-24 09:14:20,071] [WARNING] Not Found: /image/image/MemberPhoto/9150e4e5gy1fpwe2vs79fj20ku0kgdgz_XaKoYtt.jpg
2018-07-24 09:14:20,071 WARNING Not Found: /image/image/MemberPhoto/9150e4e5gy1fpwe2vs79fj20ku0kgdgz_XaKoYtt.jpg
[2018-07-24 09:14:20,071] [WARNING] "GET /image/image/MemberPhoto/9150e4e5gy1fpwe2vs79fj20ku0kgdgz_XaKoYtt.jpg HTTP/1.1" 404 1933
2018-07-24 09:14:20,071 WARNING "GET /image/image/MemberPhoto/9150e4e5gy1fpwe2vs79fj20ku0kgdgz_XaKoYtt.jpg HTTP/1.1" 404 1933
[2018-07-24 09:14:20,074] [WARNING] Not Found: /image/image/MemberPhoto/20165116592831174_eARRzC9.jpg
2018-07-24 09:14:20,074 WARNING Not Found: /image/image/MemberPhoto/20165116592831174_eARRzC9.jpg
[2018-07-24 09:14:20,075] [WARNING] "GET /image/image/MemberPhoto/20165116592831174_eARRzC9.jpg HTTP/1.1" 404 1888
2018-07-24 09:14:20,075 WARNING "GET /image/image/MemberPhoto/20165116592831174_eARRzC9.jpg HTTP/1.1" 404 1888
[2018-07-24 09:14:20,148] [INFO] "GET /image/image/MemberPhoto/9150e4e5gy1fpwe2vs79fj20ku0kgdgz.jpg HTTP/1.1" 304 0
2018-07-24 09:14:20,148 INFO "GET /image/image/MemberPhoto/9150e4e5gy1fpwe2vs79fj20ku0kgdgz.jpg HTTP/1.1" 304 0
[2018-07-24 09:14:20,169] [INFO] "GET /home/story/ HTTP/1.1" 200 3671
2018-07-24 09:14:20,169 INFO "GET /home/story/ HTTP/1.1" 200 3671
[2018-07-24 09:14:20,171] [INFO] "GET /static/img/page1.png HTTP/1.1" 304 0
2018-07-24 09:14:20,171 INFO "GET /static/img/page1.png HTTP/1.1" 304 0
[2018-07-24 09:14:20,214] [INFO] "GET /static/img/page2.png HTTP/1.1" 304 0
2018-07-24 09:14:20,214 INFO "GET /static/img/page2.png HTTP/1.1" 304 0
[2018-07-24 09:14:40,046] [INFO] "GET /api/event/get?year=2016 HTTP/1.1" 200 118
2018-07-24 09:14:40,046 INFO "GET /api/event/get?year=2016 HTTP/1.1" 200 118
[2018-07-24 09:14:44,710] [INFO] "GET / HTTP/1.1" 200 4446
2018-07-24 09:14:44,710 INFO "GET / HTTP/1.1" 200 4446
[2018-07-24 09:14:44,775] [INFO] "GET / HTTP/1.1" 200 4446
2018-07-24 09:14:44,775 INFO "GET / HTTP/1.1" 200 4446
[2018-07-24 09:14:46,483] [INFO] "GET /static/js/jquery-3.2.1.min.js HTTP/1.1" 200 86659
2018-07-24 09:14:46,483 INFO "GET /static/js/jquery-3.2.1.min.js HTTP/1.1" 200 86659
[2018-07-24 09:14:49,148] [INFO] "GET /static/js/jquery-3.2.1.min.js HTTP/1.1" 200 86659
2018-07-24 09:14:49,148 INFO "GET /static/js/jquery-3.2.1.min.js HTTP/1.1" 200 86659
[2018-07-24 09:14:50,793] [INFO] "GET /static/js/nav.js HTTP/1.1" 200 2257
2018-07-24 09:14:50,793 INFO "GET /static/js/nav.js HTTP/1.1" 200 2257
[2018-07-24 09:14:52,147] [INFO] "GET /static/js/home.js HTTP/1.1" 200 2065
2018-07-24 09:14:52,147 INFO "GET /static/js/home.js HTTP/1.1" 200 2065
[2018-07-24 09:15:01,117] [INFO] "GET /static/js/nav.js HTTP/1.1" 200 2257
2018-07-24 09:15:01,117 INFO "GET /static/js/nav.js HTTP/1.1" 200 2257
[2018-07-24 09:15:06,998] [INFO] "GET /static/js/home.js HTTP/1.1" 200 2065
2018-07-24 09:15:06,998 INFO "GET /static/js/home.js HTTP/1.1" 200 2065
[2018-07-24 09:20:06,369] [INFO] "GET / HTTP/1.1" 200 4446
2018-07-24 09:20:06,369 INFO "GET / HTTP/1.1" 200 4446
[2018-07-24 09:20:06,693] [INFO] "GET /static/css/nav.css HTTP/1.1" 200 968
2018-07-24 09:20:06,693 INFO "GET /static/css/nav.css HTTP/1.1" 200 968
[2018-07-24 09:20:06,818] [INFO] "GET /static/css/d.css HTTP/1.1" 200 309
2018-07-24 09:20:06,818 INFO "GET /static/css/d.css HTTP/1.1" 200 309
[2018-07-24 09:20:06,819] [INFO] "GET /static/img/logo.png HTTP/1.1" 200 1593
2018-07-24 09:20:06,819 INFO "GET /static/img/logo.png HTTP/1.1" 200 1593
[2018-07-24 09:20:06,820] [INFO] "GET /static/css/home.css HTTP/1.1" 200 2905
2018-07-24 09:20:06,820 INFO "GET /static/css/home.css HTTP/1.1" 200 2905
[2018-07-24 09:20:06,821] [INFO] "GET /static/img/asca.png HTTP/1.1" 200 10489
2018-07-24 09:20:06,821 INFO "GET /static/img/asca.png HTTP/1.1" 200 10489
[2018-07-24 09:20:06,822] [INFO] "GET /static/img/jhio.png HTTP/1.1" 200 21919
2018-07-24 09:20:06,822 INFO "GET /static/img/jhio.png HTTP/1.1" 200 21919
[2018-07-24 09:20:07,014] [INFO] "GET /static/js/nav.js HTTP/1.1" 200 2257
2018-07-24 09:20:07,014 INFO "GET /static/js/nav.js HTTP/1.1" 200 2257
[2018-07-24 09:20:07,015] [INFO] "GET /static/js/home.js HTTP/1.1" 200 2065
2018-07-24 09:20:07,015 INFO "GET /static/js/home.js HTTP/1.1" 200 2065
[2018-07-24 09:20:07,161] [INFO] "GET /static/img/jsiji.png HTTP/1.1" 200 122656
2018-07-24 09:20:07,161 INFO "GET /static/img/jsiji.png HTTP/1.1" 200 122656
[2018-07-24 09:20:07,172] [INFO] "GET /static/img/iTstudio.png HTTP/1.1" 200 5310
2018-07-24 09:20:07,172 INFO "GET /static/img/iTstudio.png HTTP/1.1" 200 5310
[2018-07-24 09:20:07,230] [INFO] "GET /static/img/jj.png HTTP/1.1" 200 2931
2018-07-24 09:20:07,230 INFO "GET /static/img/jj.png HTTP/1.1" 200 2931
[2018-07-24 09:20:07,720] [INFO] "GET /static/img/shui.png HTTP/1.1" 200 488
2018-07-24 09:20:07,720 INFO "GET /static/img/shui.png HTTP/1.1" 200 488
[2018-07-24 09:20:07,721] [INFO] "GET /static/img/sahu.png HTTP/1.1" 200 108790
2018-07-24 09:20:07,721 INFO "GET /static/img/sahu.png HTTP/1.1" 200 108790
[2018-07-24 09:20:07,722] [INFO] "GET /static/img/shi.png HTTP/1.1" 200 1204
2018-07-24 09:20:07,722 INFO "GET /static/img/shi.png HTTP/1.1" 200 1204
[2018-07-24 09:20:08,352] [INFO] "GET /static/img/sji.png HTTP/1.1" 200 1715
2018-07-24 09:20:08,352 INFO "GET /static/img/sji.png HTTP/1.1" 200 1715
[2018-07-24 09:20:08,353] [INFO] "GET /static/img/shauis.png HTTP/1.1" 200 3046
2018-07-24 09:20:08,353 INFO "GET /static/img/shauis.png HTTP/1.1" 200 3046
[2018-07-24 09:20:08,756] [INFO] "GET /static/img/sabu.png HTTP/1.1" 200 2442
2018-07-24 09:20:08,756 INFO "GET /static/img/sabu.png HTTP/1.1" 200 2442
[2018-07-24 09:20:08,757] [INFO] "GET /static/img/suh.png HTTP/1.1" 200 3073
2018-07-24 09:20:08,757 INFO "GET /static/img/suh.png HTTP/1.1" 200 3073
[2018-07-24 09:20:09,093] [INFO] "GET /static/img/hhaj.png HTTP/1.1" 200 33689
2018-07-24 09:20:09,093 INFO "GET /static/img/hhaj.png HTTP/1.1" 200 33689
[2018-07-24 09:20:10,947] [INFO] "GET /static/js/jquery-3.2.1.min.js HTTP/1.1" 200 86659
2018-07-24 09:20:10,947 INFO "GET /static/js/jquery-3.2.1.min.js HTTP/1.1" 200 86659
[2018-07-24 09:20:12,651] [INFO] "GET /static/favicon.ico HTTP/1.1" 200 536
2018-07-24 09:20:12,651 INFO "GET /static/favicon.ico HTTP/1.1" 200 536
[2018-07-24 09:20:13,655] [INFO] "GET /static/img/cahui.png HTTP/1.1" 200 1632
2018-07-24 09:20:13,655 INFO "GET /static/img/cahui.png HTTP/1.1" 200 1632
[2018-07-24 09:20:17,400] [INFO] "GET /home/workshow/ HTTP/1.1" 200 3988
2018-07-24 09:20:17,400 INFO "GET /home/workshow/ HTTP/1.1" 200 3988
[2018-07-24 09:20:17,977] [INFO] "GET /static/img/ehng.png HTTP/1.1" 200 15213
2018-07-24 09:20:17,977 INFO "GET /static/img/ehng.png HTTP/1.1" 200 15213
[2018-07-24 09:20:17,978] [INFO] "GET /static/css/workshow.css HTTP/1.1" 200 1985
2018-07-24 09:20:17,978 INFO "GET /static/css/workshow.css HTTP/1.1" 200 1985
[2018-07-24 09:20:18,270] [INFO] "GET /static/img/down1.png HTTP/1.1" 200 758
2018-07-24 09:20:18,270 INFO "GET /static/img/down1.png HTTP/1.1" 200 758
[2018-07-24 09:20:18,271] [INFO] "GET /static/img/up1.png HTTP/1.1" 200 630
2018-07-24 09:20:18,271 INFO "GET /static/img/up1.png HTTP/1.1" 200 630
[2018-07-24 09:20:18,272] [INFO] "GET /static/img/quan.png HTTP/1.1" 200 44090
2018-07-24 09:20:18,272 INFO "GET /static/img/quan.png HTTP/1.1" 200 44090
[2018-07-24 09:20:18,325] [INFO] "GET /static/js/workshow.js HTTP/1.1" 200 4756
2018-07-24 09:20:18,325 INFO "GET /static/js/workshow.js HTTP/1.1" 200 4756
[2018-07-24 09:20:18,388] [INFO] "GET /static/img/huiji.png HTTP/1.1" 200 2248
2018-07-24 09:20:18,388 INFO "GET /static/img/huiji.png HTTP/1.1" 200 2248
[2018-07-24 09:20:18,612] [INFO] "GET /static/img/back.png HTTP/1.1" 200 81920
2018-07-24 09:20:18,612 INFO "GET /static/img/back.png HTTP/1.1" 200 81920
Traceback (most recent call last):
  File "/root/.pyenv/versions/3.5.5/lib/python3.5/wsgiref/handlers.py", line 138, in run
    self.finish_response()
  File "/root/.pyenv/versions/3.5.5/lib/python3.5/wsgiref/handlers.py", line 180, in finish_response
    self.write(data)
  File "/root/.pyenv/versions/3.5.5/lib/python3.5/wsgiref/handlers.py", line 279, in write
    self._write(data)
  File "/root/.pyenv/versions/3.5.5/lib/python3.5/wsgiref/handlers.py", line 463, in _write
    result = self.stdout.write(data)
  File "/root/.pyenv/versions/3.5.5/lib/python3.5/socket.py", line 594, in write
    return self._sock.send(b)
ConnectionResetError: [Errno 104] Connection reset by peer
[2018-07-24 09:20:18,613] [ERROR] "GET /static/img/back.png HTTP/1.1" 500 59
2018-07-24 09:20:18,613 ERROR "GET /static/img/back.png HTTP/1.1" 500 59
Traceback (most recent call last):
  File "/root/.pyenv/versions/3.5.5/lib/python3.5/wsgiref/handlers.py", line 138, in run
    self.finish_response()
  File "/root/.pyenv/versions/3.5.5/lib/python3.5/wsgiref/handlers.py", line 180, in finish_response
    self.write(data)
  File "/root/.pyenv/versions/3.5.5/lib/python3.5/wsgiref/handlers.py", line 279, in write
    self._write(data)
  File "/root/.pyenv/versions/3.5.5/lib/python3.5/wsgiref/handlers.py", line 463, in _write
    result = self.stdout.write(data)
  File "/root/.pyenv/versions/3.5.5/lib/python3.5/socket.py", line 594, in write
    return self._sock.send(b)
ConnectionResetError: [Errno 104] Connection reset by peer

During handling of the above exception, another exception occurred:

Traceback (most recent call last):
  File "/root/.pyenv/versions/3.5.5/lib/python3.5/wsgiref/handlers.py", line 141, in run
    self.handle_error()
  File "/root/.pyenv/versions/3.5.5/lib/python3.5/site-packages/django/core/servers/basehttp.py", line 88, in handle_error
    super(ServerHandler, self).handle_error()
  File "/root/.pyenv/versions/3.5.5/lib/python3.5/wsgiref/handlers.py", line 368, in handle_error
    self.finish_response()
  File "/root/.pyenv/versions/3.5.5/lib/python3.5/wsgiref/handlers.py", line 180, in finish_response
    self.write(data)
  File "/root/.pyenv/versions/3.5.5/lib/python3.5/wsgiref/handlers.py", line 274, in write
    self.send_headers()
  File "/root/.pyenv/versions/3.5.5/lib/python3.5/wsgiref/handlers.py", line 331, in send_headers
    if not self.origin_server or self.client_is_modern():
  File "/root/.pyenv/versions/3.5.5/lib/python3.5/wsgiref/handlers.py", line 344, in client_is_modern
    return self.environ['SERVER_PROTOCOL'].upper() != 'HTTP/0.9'
TypeError: 'NoneType' object is not subscriptable

During handling of the above exception, another exception occurred:

Traceback (most recent call last):
  File "/root/.pyenv/versions/3.5.5/lib/python3.5/socketserver.py", line 625, in process_request_thread
    self.finish_request(request, client_address)
  File "/root/.pyenv/versions/3.5.5/lib/python3.5/socketserver.py", line 354, in finish_request
    self.RequestHandlerClass(request, client_address, self)
  File "/root/.pyenv/versions/3.5.5/lib/python3.5/socketserver.py", line 681, in __init__
    self.handle()
  File "/root/.pyenv/versions/3.5.5/lib/python3.5/site-packages/django/core/servers/basehttp.py", line 155, in handle
    handler.run(self.server.get_app())
  File "/root/.pyenv/versions/3.5.5/lib/python3.5/wsgiref/handlers.py", line 144, in run
    self.close()
  File "/root/.pyenv/versions/3.5.5/lib/python3.5/wsgiref/simple_server.py", line 36, in close
    self.status.split(' ',1)[0], self.bytes_sent
AttributeError: 'NoneType' object has no attribute 'split'
[2018-07-24 09:20:18,952] [INFO] "GET /image/image/WorksShowPhoto/igem3.png HTTP/1.1" 200 34068
2018-07-24 09:20:18,952 INFO "GET /image/image/WorksShowPhoto/igem3.png HTTP/1.1" 200 34068
[2018-07-24 09:20:23,772] [INFO] "GET /image/image/WorksShowPhoto/%E7%88%B1%E7%89%B9%E5%B1%95%E7%A4%BA%E7%BD%91.png HTTP/1.1" 200 188416
2018-07-24 09:20:23,772 INFO "GET /image/image/WorksShowPhoto/%E7%88%B1%E7%89%B9%E5%B1%95%E7%A4%BA%E7%BD%91.png HTTP/1.1" 200 188416
Traceback (most recent call last):
  File "/root/.pyenv/versions/3.5.5/lib/python3.5/wsgiref/handlers.py", line 138, in run
    self.finish_response()
  File "/root/.pyenv/versions/3.5.5/lib/python3.5/wsgiref/handlers.py", line 180, in finish_response
    self.write(data)
  File "/root/.pyenv/versions/3.5.5/lib/python3.5/wsgiref/handlers.py", line 279, in write
    self._write(data)
  File "/root/.pyenv/versions/3.5.5/lib/python3.5/wsgiref/handlers.py", line 463, in _write
    result = self.stdout.write(data)
  File "/root/.pyenv/versions/3.5.5/lib/python3.5/socket.py", line 594, in write
    return self._sock.send(b)
ConnectionResetError: [Errno 104] Connection reset by peer
[2018-07-24 09:20:23,773] [ERROR] "GET /image/image/WorksShowPhoto/%E7%88%B1%E7%89%B9%E5%B1%95%E7%A4%BA%E7%BD%91.png HTTP/1.1" 500 59
2018-07-24 09:20:23,773 ERROR "GET /image/image/WorksShowPhoto/%E7%88%B1%E7%89%B9%E5%B1%95%E7%A4%BA%E7%BD%91.png HTTP/1.1" 500 59
Traceback (most recent call last):
  File "/root/.pyenv/versions/3.5.5/lib/python3.5/wsgiref/handlers.py", line 138, in run
    self.finish_response()
  File "/root/.pyenv/versions/3.5.5/lib/python3.5/wsgiref/handlers.py", line 180, in finish_response
    self.write(data)
  File "/root/.pyenv/versions/3.5.5/lib/python3.5/wsgiref/handlers.py", line 279, in write
    self._write(data)
  File "/root/.pyenv/versions/3.5.5/lib/python3.5/wsgiref/handlers.py", line 463, in _write
    result = self.stdout.write(data)
  File "/root/.pyenv/versions/3.5.5/lib/python3.5/socket.py", line 594, in write
    return self._sock.send(b)
ConnectionResetError: [Errno 104] Connection reset by peer

During handling of the above exception, another exception occurred:

Traceback (most recent call last):
  File "/root/.pyenv/versions/3.5.5/lib/python3.5/wsgiref/handlers.py", line 141, in run
    self.handle_error()
  File "/root/.pyenv/versions/3.5.5/lib/python3.5/site-packages/django/core/servers/basehttp.py", line 88, in handle_error
    super(ServerHandler, self).handle_error()
  File "/root/.pyenv/versions/3.5.5/lib/python3.5/wsgiref/handlers.py", line 368, in handle_error
    self.finish_response()
  File "/root/.pyenv/versions/3.5.5/lib/python3.5/wsgiref/handlers.py", line 180, in finish_response
    self.write(data)
  File "/root/.pyenv/versions/3.5.5/lib/python3.5/wsgiref/handlers.py", line 274, in write
    self.send_headers()
  File "/root/.pyenv/versions/3.5.5/lib/python3.5/wsgiref/handlers.py", line 331, in send_headers
    if not self.origin_server or self.client_is_modern():
  File "/root/.pyenv/versions/3.5.5/lib/python3.5/wsgiref/handlers.py", line 344, in client_is_modern
    return self.environ['SERVER_PROTOCOL'].upper() != 'HTTP/0.9'
TypeError: 'NoneType' object is not subscriptable

During handling of the above exception, another exception occurred:

Traceback (most recent call last):
  File "/root/.pyenv/versions/3.5.5/lib/python3.5/socketserver.py", line 625, in process_request_thread
    self.finish_request(request, client_address)
  File "/root/.pyenv/versions/3.5.5/lib/python3.5/socketserver.py", line 354, in finish_request
    self.RequestHandlerClass(request, client_address, self)
  File "/root/.pyenv/versions/3.5.5/lib/python3.5/socketserver.py", line 681, in __init__
    self.handle()
  File "/root/.pyenv/versions/3.5.5/lib/python3.5/site-packages/django/core/servers/basehttp.py", line 155, in handle
    handler.run(self.server.get_app())
  File "/root/.pyenv/versions/3.5.5/lib/python3.5/wsgiref/handlers.py", line 144, in run
    self.close()
  File "/root/.pyenv/versions/3.5.5/lib/python3.5/wsgiref/simple_server.py", line 36, in close
    self.status.split(' ',1)[0], self.bytes_sent
AttributeError: 'NoneType' object has no attribute 'split'
[2018-07-24 09:20:23,945] [INFO] "GET /home/story/ HTTP/1.1" 200 3671
2018-07-24 09:20:23,945 INFO "GET /home/story/ HTTP/1.1" 200 3671
[2018-07-24 09:20:24,294] [INFO] "GET /static/css/scrollbar.css HTTP/1.1" 200 53807
2018-07-24 09:20:24,294 INFO "GET /static/css/scrollbar.css HTTP/1.1" 200 53807
[2018-07-24 09:20:24,380] [INFO] "GET /static/css/bigevent.css HTTP/1.1" 200 4957
2018-07-24 09:20:24,380 INFO "GET /static/css/bigevent.css HTTP/1.1" 200 4957
[2018-07-24 09:20:24,381] [INFO] "GET /static/images/qiu.png HTTP/1.1" 200 32501
2018-07-24 09:20:24,381 INFO "GET /static/images/qiu.png HTTP/1.1" 200 32501
[2018-07-24 09:20:24,512] [INFO] "GET /static/images/eventword.png HTTP/1.1" 200 3551
2018-07-24 09:20:24,512 INFO "GET /static/images/eventword.png HTTP/1.1" 200 3551
[2018-07-24 09:20:24,514] [INFO] "GET /static/images/orangeball.png HTTP/1.1" 200 9708
2018-07-24 09:20:24,514 INFO "GET /static/images/orangeball.png HTTP/1.1" 200 9708
[2018-07-24 09:20:24,592] [INFO] "GET /static/images/close.png HTTP/1.1" 200 486
2018-07-24 09:20:24,592 INFO "GET /static/images/close.png HTTP/1.1" 200 486
[2018-07-24 09:20:25,473] [INFO] "GET /static/js/mCustomScrollbar.js HTTP/1.1" 200 44715
2018-07-24 09:20:25,473 INFO "GET /static/js/mCustomScrollbar.js HTTP/1.1" 200 44715
[2018-07-24 09:20:25,474] [INFO] "GET /static/js/bigevent2.js HTTP/1.1" 200 15568
2018-07-24 09:20:25,474 INFO "GET /static/js/bigevent2.js HTTP/1.1" 200 15568
[2018-07-24 09:20:26,121] [INFO] "GET /home/story/ HTTP/1.1" 200 3671
2018-07-24 09:20:26,121 INFO "GET /home/story/ HTTP/1.1" 200 3671
[2018-07-24 09:20:26,323] [INFO] "GET /home/story/ HTTP/1.1" 200 3671
2018-07-24 09:20:26,323 INFO "GET /home/story/ HTTP/1.1" 200 3671
[2018-07-24 09:20:26,947] [INFO] "GET /static/js/mCustomScrollbar.js HTTP/1.1" 200 44715
2018-07-24 09:20:26,947 INFO "GET /static/js/mCustomScrollbar.js HTTP/1.1" 200 44715
[2018-07-24 09:20:28,991] [INFO] "GET /home/story/ HTTP/1.1" 200 3671
2018-07-24 09:20:28,991 INFO "GET /home/story/ HTTP/1.1" 200 3671
[2018-07-24 09:20:29,283] [INFO] "GET /static/css/nav.css HTTP/1.1" 304 0
2018-07-24 09:20:29,283 INFO "GET /static/css/nav.css HTTP/1.1" 304 0
[2018-07-24 09:20:29,559] [INFO] "GET /static/css/d.css HTTP/1.1" 304 0
2018-07-24 09:20:29,559 INFO "GET /static/css/d.css HTTP/1.1" 304 0
[2018-07-24 09:20:29,824] [INFO] "GET /static/css/scrollbar.css HTTP/1.1" 304 0
2018-07-24 09:20:29,824 INFO "GET /static/css/scrollbar.css HTTP/1.1" 304 0
[2018-07-24 09:20:30,020] [INFO] "GET /static/css/bigevent.css HTTP/1.1" 304 0
2018-07-24 09:20:30,020 INFO "GET /static/css/bigevent.css HTTP/1.1" 304 0
[2018-07-24 09:20:30,222] [INFO] "GET /static/img/logo.png HTTP/1.1" 304 0
2018-07-24 09:20:30,222 INFO "GET /static/img/logo.png HTTP/1.1" 304 0
[2018-07-24 09:20:30,234] [INFO] "GET /static/images/qiu.png HTTP/1.1" 304 0
2018-07-24 09:20:30,234 INFO "GET /static/images/qiu.png HTTP/1.1" 304 0
[2018-07-24 09:20:30,508] [INFO] "GET /static/images/eventword.png HTTP/1.1" 304 0
2018-07-24 09:20:30,508 INFO "GET /static/images/eventword.png HTTP/1.1" 304 0
[2018-07-24 09:20:30,509] [INFO] "GET /static/images/orangeball.png HTTP/1.1" 304 0
2018-07-24 09:20:30,509 INFO "GET /static/images/orangeball.png HTTP/1.1" 304 0
[2018-07-24 09:20:30,510] [INFO] "GET /static/images/close.png HTTP/1.1" 304 0
2018-07-24 09:20:30,510 INFO "GET /static/images/close.png HTTP/1.1" 304 0
[2018-07-24 09:20:30,511] [INFO] "GET /static/js/jquery-3.2.1.min.js HTTP/1.1" 304 0
2018-07-24 09:20:30,511 INFO "GET /static/js/jquery-3.2.1.min.js HTTP/1.1" 304 0
[2018-07-24 09:20:31,635] [INFO] "GET /static/js/nav.js HTTP/1.1" 304 0
2018-07-24 09:20:31,635 INFO "GET /static/js/nav.js HTTP/1.1" 304 0
[2018-07-24 09:20:37,573] [INFO] "GET /static/js/bigevent2.js HTTP/1.1" 304 0
2018-07-24 09:20:37,573 INFO "GET /static/js/bigevent2.js HTTP/1.1" 304 0
[2018-07-24 09:20:38,243] [INFO] "GET /static/js/mCustomScrollbar.js HTTP/1.1" 304 0
2018-07-24 09:20:38,243 INFO "GET /static/js/mCustomScrollbar.js HTTP/1.1" 304 0
[2018-07-24 09:21:11,623] [INFO] "GET /home/member/ HTTP/1.1" 200 10807
2018-07-24 09:21:11,623 INFO "GET /home/member/ HTTP/1.1" 200 10807
[2018-07-24 09:21:11,730] [INFO] "GET /static/css/member.css HTTP/1.1" 200 4960
2018-07-24 09:21:11,730 INFO "GET /static/css/member.css HTTP/1.1" 200 4960
[2018-07-24 09:21:11,859] [INFO] "GET /static/img/backac.png HTTP/1.1" 200 19879
2018-07-24 09:21:11,859 INFO "GET /static/img/backac.png HTTP/1.1" 200 19879
[2018-07-24 09:21:11,860] [INFO] "GET /static/img/mountain.png HTTP/1.1" 200 50502
2018-07-24 09:21:11,860 INFO "GET /static/img/mountain.png HTTP/1.1" 200 50502
[2018-07-24 09:21:11,893] [INFO] "GET /static/img/asdabj.png HTTP/1.1" 200 37963
2018-07-24 09:21:11,893 INFO "GET /static/img/asdabj.png HTTP/1.1" 200 37963
[2018-07-24 09:21:11,895] [INFO] "GET /static/img/cha.png HTTP/1.1" 200 486
2018-07-24 09:21:11,895 INFO "GET /static/img/cha.png HTTP/1.1" 200 486
[2018-07-24 09:21:11,896] [INFO] "GET /static/img/left.png HTTP/1.1" 200 632
2018-07-24 09:21:11,896 INFO "GET /static/img/left.png HTTP/1.1" 200 632
[2018-07-24 09:21:11,914] [INFO] "GET /static/img/right.png HTTP/1.1" 200 700
2018-07-24 09:21:11,914 INFO "GET /static/img/right.png HTTP/1.1" 200 700
[2018-07-24 09:21:12,575] [INFO] "GET /static/js/member.js HTTP/1.1" 200 9325
2018-07-24 09:21:12,575 INFO "GET /static/js/member.js HTTP/1.1" 200 9325
[2018-07-24 09:21:12,580] [WARNING] Not Found: /image/image/MemberPhoto/QQ图片20180104163308.png
2018-07-24 09:21:12,580 WARNING Not Found: /image/image/MemberPhoto/QQ图片20180104163308.png
[2018-07-24 09:21:12,580] [WARNING] "GET /image/image/MemberPhoto/QQ%E5%9B%BE%E7%89%8720180104163308.png HTTP/1.1" 404 1891
2018-07-24 09:21:12,580 WARNING "GET /image/image/MemberPhoto/QQ%E5%9B%BE%E7%89%8720180104163308.png HTTP/1.1" 404 1891
[2018-07-24 09:21:12,718] [WARNING] Not Found: /image/image/MemberPhoto/9150e4e5gy1fpwe2vs79fj20ku0kgdgz_XaKoYtt.jpg
2018-07-24 09:21:12,718 WARNING Not Found: /image/image/MemberPhoto/9150e4e5gy1fpwe2vs79fj20ku0kgdgz_XaKoYtt.jpg
[2018-07-24 09:21:12,718] [WARNING] "GET /image/image/MemberPhoto/9150e4e5gy1fpwe2vs79fj20ku0kgdgz_XaKoYtt.jpg HTTP/1.1" 404 1933
2018-07-24 09:21:12,718 WARNING "GET /image/image/MemberPhoto/9150e4e5gy1fpwe2vs79fj20ku0kgdgz_XaKoYtt.jpg HTTP/1.1" 404 1933
[2018-07-24 09:21:12,983] [WARNING] Not Found: /image/image/MemberPhoto/20165116592831174_eARRzC9.jpg
2018-07-24 09:21:12,983 WARNING Not Found: /image/image/MemberPhoto/20165116592831174_eARRzC9.jpg
[2018-07-24 09:21:12,984] [WARNING] "GET /image/image/MemberPhoto/20165116592831174_eARRzC9.jpg HTTP/1.1" 404 1888
2018-07-24 09:21:12,984 WARNING "GET /image/image/MemberPhoto/20165116592831174_eARRzC9.jpg HTTP/1.1" 404 1888
[2018-07-24 09:21:12,986] [INFO] "GET /image/image/MemberPhoto/9150e4e5gy1fpwe2vs79fj20ku0kgdgz.jpg HTTP/1.1" 200 52247
2018-07-24 09:21:12,986 INFO "GET /image/image/MemberPhoto/9150e4e5gy1fpwe2vs79fj20ku0kgdgz.jpg HTTP/1.1" 200 52247
[2018-07-24 09:21:14,090] [INFO] "GET /static/js/jquery-3.3.1.min.js HTTP/1.1" 200 86927
2018-07-24 09:21:14,090 INFO "GET /static/js/jquery-3.3.1.min.js HTTP/1.1" 200 86927
[2018-07-24 09:21:16,499] [INFO] "GET /static/img/page2.png HTTP/1.1" 200 1288
2018-07-24 09:21:16,499 INFO "GET /static/img/page2.png HTTP/1.1" 200 1288
[2018-07-24 09:21:16,500] [INFO] "GET /static/img/page1.png HTTP/1.1" 200 1472
2018-07-24 09:21:16,500 INFO "GET /static/img/page1.png HTTP/1.1" 200 1472
[2018-07-24 09:21:33,474] [INFO] "GET /home/member/ HTTP/1.1" 200 10807
2018-07-24 09:21:33,474 INFO "GET /home/member/ HTTP/1.1" 200 10807
[2018-07-24 09:21:34,166] [INFO] "GET /home/story/ HTTP/1.1" 200 3671
2018-07-24 09:21:34,166 INFO "GET /home/story/ HTTP/1.1" 200 3671
[2018-07-24 09:21:38,938] [INFO] "GET /home/member/ HTTP/1.1" 200 10807
2018-07-24 09:21:38,938 INFO "GET /home/member/ HTTP/1.1" 200 10807
[2018-07-24 09:21:39,281] [WARNING] Not Found: /image/image/MemberPhoto/QQ图片20180104163308.png
2018-07-24 09:21:39,281 WARNING Not Found: /image/image/MemberPhoto/QQ图片20180104163308.png
[2018-07-24 09:21:39,281] [WARNING] "GET /image/image/MemberPhoto/QQ%E5%9B%BE%E7%89%8720180104163308.png HTTP/1.1" 404 1891
2018-07-24 09:21:39,281 WARNING "GET /image/image/MemberPhoto/QQ%E5%9B%BE%E7%89%8720180104163308.png HTTP/1.1" 404 1891
[2018-07-24 09:21:39,290] [WARNING] Not Found: /image/image/MemberPhoto/9150e4e5gy1fpwe2vs79fj20ku0kgdgz_XaKoYtt.jpg
2018-07-24 09:21:39,290 WARNING Not Found: /image/image/MemberPhoto/9150e4e5gy1fpwe2vs79fj20ku0kgdgz_XaKoYtt.jpg
[2018-07-24 09:21:39,290] [WARNING] "GET /image/image/MemberPhoto/9150e4e5gy1fpwe2vs79fj20ku0kgdgz_XaKoYtt.jpg HTTP/1.1" 404 1933
2018-07-24 09:21:39,290 WARNING "GET /image/image/MemberPhoto/9150e4e5gy1fpwe2vs79fj20ku0kgdgz_XaKoYtt.jpg HTTP/1.1" 404 1933
[2018-07-24 09:21:39,309] [WARNING] Not Found: /image/image/MemberPhoto/20165116592831174_eARRzC9.jpg
2018-07-24 09:21:39,309 WARNING Not Found: /image/image/MemberPhoto/20165116592831174_eARRzC9.jpg
[2018-07-24 09:21:39,309] [WARNING] "GET /image/image/MemberPhoto/20165116592831174_eARRzC9.jpg HTTP/1.1" 404 1888
2018-07-24 09:21:39,309 WARNING "GET /image/image/MemberPhoto/20165116592831174_eARRzC9.jpg HTTP/1.1" 404 1888
[2018-07-24 09:22:16,360] [INFO] "GET /admin/ HTTP/1.1" 200 9818
2018-07-24 09:22:16,360 INFO "GET /admin/ HTTP/1.1" 200 9818
[2018-07-24 09:22:16,456] [INFO] "GET /admin/ HTTP/1.1" 200 9818
2018-07-24 09:22:16,456 INFO "GET /admin/ HTTP/1.1" 200 9818
[2018-07-24 09:22:16,760] [WARNING] Not Found: /favicon.ico
2018-07-24 09:22:16,760 WARNING Not Found: /favicon.ico
[2018-07-24 09:22:16,761] [WARNING] "GET /favicon.ico HTTP/1.1" 404 1762
2018-07-24 09:22:16,761 WARNING "GET /favicon.ico HTTP/1.1" 404 1762
[2018-07-24 09:22:23,923] [INFO] "GET /home/workshow/ HTTP/1.1" 200 3988
2018-07-24 09:22:23,923 INFO "GET /home/workshow/ HTTP/1.1" 200 3988
[2018-07-24 09:22:25,399] [INFO] "GET /home/member/ HTTP/1.1" 200 10807
2018-07-24 09:22:25,399 INFO "GET /home/member/ HTTP/1.1" 200 10807
[2018-07-24 09:22:25,579] [WARNING] Not Found: /image/image/MemberPhoto/9150e4e5gy1fpwe2vs79fj20ku0kgdgz_XaKoYtt.jpg
2018-07-24 09:22:25,579 WARNING Not Found: /image/image/MemberPhoto/9150e4e5gy1fpwe2vs79fj20ku0kgdgz_XaKoYtt.jpg
[2018-07-24 09:22:25,579] [WARNING] "GET /image/image/MemberPhoto/9150e4e5gy1fpwe2vs79fj20ku0kgdgz_XaKoYtt.jpg HTTP/1.1" 404 1933
2018-07-24 09:22:25,579 WARNING "GET /image/image/MemberPhoto/9150e4e5gy1fpwe2vs79fj20ku0kgdgz_XaKoYtt.jpg HTTP/1.1" 404 1933
[2018-07-24 09:22:25,583] [WARNING] Not Found: /image/image/MemberPhoto/QQ图片20180104163308.png
2018-07-24 09:22:25,583 WARNING Not Found: /image/image/MemberPhoto/QQ图片20180104163308.png
[2018-07-24 09:22:25,584] [WARNING] "GET /image/image/MemberPhoto/QQ%E5%9B%BE%E7%89%8720180104163308.png HTTP/1.1" 404 1891
2018-07-24 09:22:25,584 WARNING "GET /image/image/MemberPhoto/QQ%E5%9B%BE%E7%89%8720180104163308.png HTTP/1.1" 404 1891
[2018-07-24 09:22:25,587] [WARNING] Not Found: /image/image/MemberPhoto/20165116592831174_eARRzC9.jpg
2018-07-24 09:22:25,587 WARNING Not Found: /image/image/MemberPhoto/20165116592831174_eARRzC9.jpg
[2018-07-24 09:22:25,588] [WARNING] "GET /image/image/MemberPhoto/20165116592831174_eARRzC9.jpg HTTP/1.1" 404 1888
2018-07-24 09:22:25,588 WARNING "GET /image/image/MemberPhoto/20165116592831174_eARRzC9.jpg HTTP/1.1" 404 1888
[2018-07-24 09:22:25,588] [INFO] "GET /image/image/WorksShowPhoto/%E7%88%B1%E7%89%B9%E5%B1%95%E7%A4%BA%E7%BD%91.png HTTP/1.1" 200 221184
2018-07-24 09:22:25,588 INFO "GET /image/image/WorksShowPhoto/%E7%88%B1%E7%89%B9%E5%B1%95%E7%A4%BA%E7%BD%91.png HTTP/1.1" 200 221184
[2018-07-24 09:22:25,731] [INFO] "GET /static/img/back.png HTTP/1.1" 200 344064
2018-07-24 09:22:25,731 INFO "GET /static/img/back.png HTTP/1.1" 200 344064
[2018-07-24 09:22:27,830] [INFO] "GET /home/story/ HTTP/1.1" 200 3671
2018-07-24 09:22:27,830 INFO "GET /home/story/ HTTP/1.1" 200 3671
[2018-07-24 09:22:28,853] [INFO] "GET /home/member/ HTTP/1.1" 200 10807
2018-07-24 09:22:28,853 INFO "GET /home/member/ HTTP/1.1" 200 10807
[2018-07-24 09:22:28,971] [WARNING] Not Found: /image/image/MemberPhoto/QQ图片20180104163308.png
2018-07-24 09:22:28,971 WARNING Not Found: /image/image/MemberPhoto/QQ图片20180104163308.png
[2018-07-24 09:22:28,972] [WARNING] "GET /image/image/MemberPhoto/QQ%E5%9B%BE%E7%89%8720180104163308.png HTTP/1.1" 404 1891
2018-07-24 09:22:28,972 WARNING "GET /image/image/MemberPhoto/QQ%E5%9B%BE%E7%89%8720180104163308.png HTTP/1.1" 404 1891
[2018-07-24 09:22:29,016] [WARNING] Not Found: /image/image/MemberPhoto/9150e4e5gy1fpwe2vs79fj20ku0kgdgz_XaKoYtt.jpg
2018-07-24 09:22:29,016 WARNING Not Found: /image/image/MemberPhoto/9150e4e5gy1fpwe2vs79fj20ku0kgdgz_XaKoYtt.jpg
[2018-07-24 09:22:29,017] [WARNING] "GET /image/image/MemberPhoto/9150e4e5gy1fpwe2vs79fj20ku0kgdgz_XaKoYtt.jpg HTTP/1.1" 404 1933
2018-07-24 09:22:29,017 WARNING "GET /image/image/MemberPhoto/9150e4e5gy1fpwe2vs79fj20ku0kgdgz_XaKoYtt.jpg HTTP/1.1" 404 1933
[2018-07-24 09:22:29,020] [WARNING] Not Found: /image/image/MemberPhoto/20165116592831174_eARRzC9.jpg
2018-07-24 09:22:29,020 WARNING Not Found: /image/image/MemberPhoto/20165116592831174_eARRzC9.jpg
[2018-07-24 09:22:29,020] [WARNING] "GET /image/image/MemberPhoto/20165116592831174_eARRzC9.jpg HTTP/1.1" 404 1888
2018-07-24 09:22:29,020 WARNING "GET /image/image/MemberPhoto/20165116592831174_eARRzC9.jpg HTTP/1.1" 404 1888
[2018-07-24 09:22:32,165] [INFO] "GET /home/index/ HTTP/1.1" 200 4446
2018-07-24 09:22:32,165 INFO "GET /home/index/ HTTP/1.1" 200 4446
[2018-07-24 09:22:32,260] [INFO] "GET /static/js/home.js HTTP/1.1" 200 2065
2018-07-24 09:22:32,260 INFO "GET /static/js/home.js HTTP/1.1" 200 2065
[2018-07-24 09:22:32,262] [INFO] "GET /static/css/home.css HTTP/1.1" 200 2905
2018-07-24 09:22:32,262 INFO "GET /static/css/home.css HTTP/1.1" 200 2905
[2018-07-24 09:22:32,264] [INFO] "GET /static/img/jhio.png HTTP/1.1" 200 21919
2018-07-24 09:22:32,264 INFO "GET /static/img/jhio.png HTTP/1.1" 200 21919
[2018-07-24 09:22:32,266] [INFO] "GET /static/img/asca.png HTTP/1.1" 200 10489
2018-07-24 09:22:32,266 INFO "GET /static/img/asca.png HTTP/1.1" 200 10489
[2018-07-24 09:22:32,360] [INFO] "GET /static/img/sji.png HTTP/1.1" 200 1715
2018-07-24 09:22:32,360 INFO "GET /static/img/sji.png HTTP/1.1" 200 1715
[2018-07-24 09:22:32,367] [INFO] "GET /static/img/shui.png HTTP/1.1" 200 488
2018-07-24 09:22:32,367 INFO "GET /static/img/shui.png HTTP/1.1" 200 488
[2018-07-24 09:22:32,367] [INFO] "GET /static/img/sahu.png HTTP/1.1" 200 108790
2018-07-24 09:22:32,367 INFO "GET /static/img/sahu.png HTTP/1.1" 200 108790
[2018-07-24 09:22:32,370] [INFO] "GET /static/img/iTstudio.png HTTP/1.1" 200 5310
2018-07-24 09:22:32,370 INFO "GET /static/img/iTstudio.png HTTP/1.1" 200 5310
[2018-07-24 09:22:32,407] [INFO] "GET /static/img/jsiji.png HTTP/1.1" 200 122656
2018-07-24 09:22:32,407 INFO "GET /static/img/jsiji.png HTTP/1.1" 200 122656
[2018-07-24 09:22:32,408] [INFO] "GET /static/img/jj.png HTTP/1.1" 200 2931
2018-07-24 09:22:32,408 INFO "GET /static/img/jj.png HTTP/1.1" 200 2931
[2018-07-24 09:22:32,445] [INFO] "GET /static/img/shi.png HTTP/1.1" 200 1204
2018-07-24 09:22:32,445 INFO "GET /static/img/shi.png HTTP/1.1" 200 1204
[2018-07-24 09:22:32,448] [INFO] "GET /static/img/shauis.png HTTP/1.1" 200 3046
2018-07-24 09:22:32,448 INFO "GET /static/img/shauis.png HTTP/1.1" 200 3046
[2018-07-24 09:22:32,557] [INFO] "GET /static/img/sabu.png HTTP/1.1" 200 2442
2018-07-24 09:22:32,557 INFO "GET /static/img/sabu.png HTTP/1.1" 200 2442
[2018-07-24 09:22:32,822] [INFO] "GET /static/img/suh.png HTTP/1.1" 200 3073
2018-07-24 09:22:32,822 INFO "GET /static/img/suh.png HTTP/1.1" 200 3073
[2018-07-24 09:22:32,907] [INFO] "GET /static/img/hhaj.png HTTP/1.1" 200 33689
2018-07-24 09:22:32,907 INFO "GET /static/img/hhaj.png HTTP/1.1" 200 33689
[2018-07-24 09:22:33,722] [INFO] "GET /home/department/ HTTP/1.1" 200 5267
2018-07-24 09:22:33,722 INFO "GET /home/department/ HTTP/1.1" 200 5267
[2018-07-24 09:22:33,839] [INFO] "GET /static/css/department.css HTTP/1.1" 200 1802
2018-07-24 09:22:33,839 INFO "GET /static/css/department.css HTTP/1.1" 200 1802
[2018-07-24 09:22:33,840] [INFO] "GET /static/img/whitecircle.png HTTP/1.1" 200 24605
2018-07-24 09:22:33,840 INFO "GET /static/img/whitecircle.png HTTP/1.1" 200 24605
[2018-07-24 09:22:33,843] [INFO] "GET /static/img/%E5%89%8D%E7%AB%AF%E5%BC%80%E5%8F%91.png HTTP/1.1" 200 9489
2018-07-24 09:22:33,843 INFO "GET /static/img/%E5%89%8D%E7%AB%AF%E5%BC%80%E5%8F%91.png HTTP/1.1" 200 9489
[2018-07-24 09:22:34,287] [INFO] "GET /static/img/person.png HTTP/1.1" 200 20074
2018-07-24 09:22:34,287 INFO "GET /static/img/person.png HTTP/1.1" 200 20074
[2018-07-24 09:22:34,924] [INFO] "GET /static/js/department.js HTTP/1.1" 200 5269
2018-07-24 09:22:34,924 INFO "GET /static/js/department.js HTTP/1.1" 200 5269
[2018-07-24 09:22:35,089] [INFO] "GET /static/img/UI%E8%AE%BE%E8%AE%A1logo.png HTTP/1.1" 200 2642
2018-07-24 09:22:35,089 INFO "GET /static/img/UI%E8%AE%BE%E8%AE%A1logo.png HTTP/1.1" 200 2642
[2018-07-24 09:22:35,159] [INFO] "GET /static/img/UI%E8%AE%BE%E8%AE%A1.png HTTP/1.1" 200 16066
2018-07-24 09:22:35,159 INFO "GET /static/img/UI%E8%AE%BE%E8%AE%A1.png HTTP/1.1" 200 16066
[2018-07-24 09:22:35,240] [INFO] "GET /static/img/%E7%A8%8B%E5%BA%8F%E5%BC%80%E5%8F%91logo.png HTTP/1.1" 200 2993
2018-07-24 09:22:35,240 INFO "GET /static/img/%E7%A8%8B%E5%BA%8F%E5%BC%80%E5%8F%91logo.png HTTP/1.1" 200 2993
[2018-07-24 09:22:35,295] [INFO] "GET /static/img/%E7%A8%8B%E5%BA%8F%E5%BC%80%E5%8F%91.png HTTP/1.1" 200 10906
2018-07-24 09:22:35,295 INFO "GET /static/img/%E7%A8%8B%E5%BA%8F%E5%BC%80%E5%8F%91.png HTTP/1.1" 200 10906
[2018-07-24 09:22:35,331] [INFO] "GET /home/workshow/ HTTP/1.1" 200 3988
2018-07-24 09:22:35,331 INFO "GET /home/workshow/ HTTP/1.1" 200 3988
[2018-07-24 09:22:35,412] [INFO] "GET /static/img/dpbg2.png HTTP/1.1" 200 106496
2018-07-24 09:22:35,412 INFO "GET /static/img/dpbg2.png HTTP/1.1" 200 106496
[2018-07-24 09:22:35,565] [INFO] "GET /static/img/leftplanet.png HTTP/1.1" 200 106496
2018-07-24 09:22:35,565 INFO "GET /static/img/leftplanet.png HTTP/1.1" 200 106496
[2018-07-24 09:22:36,373] [INFO] "GET /home/department/ HTTP/1.1" 200 5267
2018-07-24 09:22:36,373 INFO "GET /home/department/ HTTP/1.1" 200 5267
[2018-07-24 09:22:36,465] [INFO] "GET /static/img/whitecircle.png HTTP/1.1" 200 24605
2018-07-24 09:22:36,465 INFO "GET /static/img/whitecircle.png HTTP/1.1" 200 24605
[2018-07-24 09:22:36,471] [INFO] "GET /static/img/%E5%89%8D%E7%AB%AF%E5%BC%80%E5%8F%91logo.png HTTP/1.1" 200 6683
2018-07-24 09:22:36,471 INFO "GET /static/img/%E5%89%8D%E7%AB%AF%E5%BC%80%E5%8F%91logo.png HTTP/1.1" 200 6683
[2018-07-24 09:22:36,510] [INFO] "GET /static/img/back.png HTTP/1.1" 200 139264
2018-07-24 09:22:36,510 INFO "GET /static/img/back.png HTTP/1.1" 200 139264
[2018-07-24 09:22:36,778] [INFO] "GET /image/image/WorksShowPhoto/%E7%88%B1%E7%89%B9%E5%B1%95%E7%A4%BA%E7%BD%91.png HTTP/1.1" 200 49152
2018-07-24 09:22:36,778 INFO "GET /image/image/WorksShowPhoto/%E7%88%B1%E7%89%B9%E5%B1%95%E7%A4%BA%E7%BD%91.png HTTP/1.1" 200 49152
[2018-07-24 09:22:36,990] [INFO] "GET /static/img/APP%E5%BC%80%E5%8F%91.png HTTP/1.1" 200 12801
2018-07-24 09:22:36,990 INFO "GET /static/img/APP%E5%BC%80%E5%8F%91.png HTTP/1.1" 200 12801
[2018-07-24 09:22:36,992] [INFO] "GET /static/img/APP%E5%BC%80%E5%8F%91logo.png HTTP/1.1" 200 3281
2018-07-24 09:22:36,992 INFO "GET /static/img/APP%E5%BC%80%E5%8F%91logo.png HTTP/1.1" 200 3281
[2018-07-24 09:22:37,792] [INFO] "GET /static/img/%E7%A8%8B%E5%BA%8F%E5%BC%80%E5%8F%91.png HTTP/1.1" 200 10906
2018-07-24 09:22:37,792 INFO "GET /static/img/%E7%A8%8B%E5%BA%8F%E5%BC%80%E5%8F%91.png HTTP/1.1" 200 10906
[2018-07-24 09:22:37,871] [INFO] "GET /static/img/UI%E8%AE%BE%E8%AE%A1.png HTTP/1.1" 200 16066
2018-07-24 09:22:37,871 INFO "GET /static/img/UI%E8%AE%BE%E8%AE%A1.png HTTP/1.1" 200 16066
[2018-07-24 09:22:39,240] [INFO] "GET /home/member/ HTTP/1.1" 200 10807
2018-07-24 09:22:39,240 INFO "GET /home/member/ HTTP/1.1" 200 10807
[2018-07-24 09:22:39,366] [INFO] "GET /static/img/dpbg2.png HTTP/1.1" 200 278528
2018-07-24 09:22:39,366 INFO "GET /static/img/dpbg2.png HTTP/1.1" 200 278528
[2018-07-24 09:22:39,407] [INFO] "GET /static/img/leftplanet.png HTTP/1.1" 200 81920
2018-07-24 09:22:39,407 INFO "GET /static/img/leftplanet.png HTTP/1.1" 200 81920
[2018-07-24 09:22:39,698] [WARNING] Not Found: /image/image/MemberPhoto/QQ图片20180104163308.png
2018-07-24 09:22:39,698 WARNING Not Found: /image/image/MemberPhoto/QQ图片20180104163308.png
[2018-07-24 09:22:39,699] [WARNING] "GET /image/image/MemberPhoto/QQ%E5%9B%BE%E7%89%8720180104163308.png HTTP/1.1" 404 1891
2018-07-24 09:22:39,699 WARNING "GET /image/image/MemberPhoto/QQ%E5%9B%BE%E7%89%8720180104163308.png HTTP/1.1" 404 1891
[2018-07-24 09:22:39,704] [WARNING] Not Found: /image/image/MemberPhoto/9150e4e5gy1fpwe2vs79fj20ku0kgdgz_XaKoYtt.jpg
2018-07-24 09:22:39,704 WARNING Not Found: /image/image/MemberPhoto/9150e4e5gy1fpwe2vs79fj20ku0kgdgz_XaKoYtt.jpg
[2018-07-24 09:22:39,705] [WARNING] "GET /image/image/MemberPhoto/9150e4e5gy1fpwe2vs79fj20ku0kgdgz_XaKoYtt.jpg HTTP/1.1" 404 1933
2018-07-24 09:22:39,705 WARNING "GET /image/image/MemberPhoto/9150e4e5gy1fpwe2vs79fj20ku0kgdgz_XaKoYtt.jpg HTTP/1.1" 404 1933
[2018-07-24 09:22:39,709] [WARNING] Not Found: /image/image/MemberPhoto/20165116592831174_eARRzC9.jpg
2018-07-24 09:22:39,709 WARNING Not Found: /image/image/MemberPhoto/20165116592831174_eARRzC9.jpg
[2018-07-24 09:22:39,709] [WARNING] "GET /image/image/MemberPhoto/20165116592831174_eARRzC9.jpg HTTP/1.1" 404 1888
2018-07-24 09:22:39,709 WARNING "GET /image/image/MemberPhoto/20165116592831174_eARRzC9.jpg HTTP/1.1" 404 1888
[2018-07-24 09:22:40,154] [INFO] "GET /home/comment/ HTTP/1.1" 200 5174
2018-07-24 09:22:40,154 INFO "GET /home/comment/ HTTP/1.1" 200 5174
[2018-07-24 09:22:40,248] [INFO] "GET /static/css/comment3.css HTTP/1.1" 200 12510
2018-07-24 09:22:40,248 INFO "GET /static/css/comment3.css HTTP/1.1" 200 12510
[2018-07-24 09:22:40,257] [INFO] "GET /image/image/HeadPicture/20165116592831174_xQtMPwV.jpg HTTP/1.1" 200 24992
2018-07-24 09:22:40,257 INFO "GET /image/image/HeadPicture/20165116592831174_xQtMPwV.jpg HTTP/1.1" 200 24992
[2018-07-24 09:22:40,258] [INFO] "GET /static/images/leftarrow.png HTTP/1.1" 200 632
2018-07-24 09:22:40,258 INFO "GET /static/images/leftarrow.png HTTP/1.1" 200 632
[2018-07-24 09:22:40,260] [INFO] "GET /image/image/HeadPicture/head1.png HTTP/1.1" 200 5629
2018-07-24 09:22:40,260 INFO "GET /image/image/HeadPicture/head1.png HTTP/1.1" 200 5629
[2018-07-24 09:22:40,327] [INFO] "GET /static/css/jquery.mCustomScrollbar.css HTTP/1.1" 200 53485
2018-07-24 09:22:40,327 INFO "GET /static/css/jquery.mCustomScrollbar.css HTTP/1.1" 200 53485
[2018-07-24 09:22:40,333] [INFO] "GET /image/image/HeadPicture/head2.png HTTP/1.1" 200 4498
2018-07-24 09:22:40,333 INFO "GET /image/image/HeadPicture/head2.png HTTP/1.1" 200 4498
[2018-07-24 09:22:40,338] [INFO] "GET /image/image/HeadPicture/head3.png HTTP/1.1" 200 6700
2018-07-24 09:22:40,338 INFO "GET /image/image/HeadPicture/head3.png HTTP/1.1" 200 6700
[2018-07-24 09:22:40,343] [INFO] "GET /image/image/HeadPicture/head4.png HTTP/1.1" 200 9739
2018-07-24 09:22:40,343 INFO "GET /image/image/HeadPicture/head4.png HTTP/1.1" 200 9739
[2018-07-24 09:22:40,826] [INFO] "GET /image/image/HeadPicture/head5.png HTTP/1.1" 200 12328
2018-07-24 09:22:40,826 INFO "GET /image/image/HeadPicture/head5.png HTTP/1.1" 200 12328
[2018-07-24 09:22:40,952] [INFO] "GET /image/image/HeadPicture/head6.png HTTP/1.1" 200 15111
2018-07-24 09:22:40,952 INFO "GET /image/image/HeadPicture/head6.png HTTP/1.1" 200 15111
[2018-07-24 09:22:41,546] [INFO] "GET /static/js/comment3.js HTTP/1.1" 200 81980
2018-07-24 09:22:41,546 INFO "GET /static/js/comment3.js HTTP/1.1" 200 81980
[2018-07-24 09:22:41,979] [INFO] "GET /image/image/HeadPicture/0723_2.JPG HTTP/1.1" 200 42844
2018-07-24 09:22:41,979 INFO "GET /image/image/HeadPicture/0723_2.JPG HTTP/1.1" 200 42844
[2018-07-24 09:22:42,143] [INFO] "GET /static/images/%E8%83%8C%E6%99%AF1.png HTTP/1.1" 200 123673
2018-07-24 09:22:42,143 INFO "GET /static/images/%E8%83%8C%E6%99%AF1.png HTTP/1.1" 200 123673
[2018-07-24 09:22:42,885] [INFO] "GET /image/image/HeadPicture/9150e4e5gy1fpwe2vs79fj20ku0kgdgz.jpg HTTP/1.1" 200 52247
2018-07-24 09:22:42,885 INFO "GET /image/image/HeadPicture/9150e4e5gy1fpwe2vs79fj20ku0kgdgz.jpg HTTP/1.1" 200 52247
[2018-07-24 09:22:43,058] [INFO] "GET /static/images/rightarrow.png HTTP/1.1" 200 700
2018-07-24 09:22:43,058 INFO "GET /static/images/rightarrow.png HTTP/1.1" 200 700
2018-07-24 09:22:43,163 DEBUG 随机串：KaGg
[2018-07-24 09:22:43,196] [INFO] "GET /api/identifyPic HTTP/1.1" 200 1157
2018-07-24 09:22:43,196 INFO "GET /api/identifyPic HTTP/1.1" 200 1157
[2018-07-24 09:22:43,658] [INFO] "GET /api/comment/get?code=0 HTTP/1.1" 200 1981
2018-07-24 09:22:43,658 INFO "GET /api/comment/get?code=0 HTTP/1.1" 200 1981
[2018-07-24 09:22:44,336] [INFO] "GET /image/image/HeadPicture/0723_2_Vh82NUn.JPG HTTP/1.1" 200 42844
2018-07-24 09:22:44,336 INFO "GET /image/image/HeadPicture/0723_2_Vh82NUn.JPG HTTP/1.1" 200 42844
[2018-07-24 09:22:44,482] [INFO] "GET /fresher/new/ HTTP/1.1" 200 4793
2018-07-24 09:22:44,482 INFO "GET /fresher/new/ HTTP/1.1" 200 4793
[2018-07-24 09:22:44,589] [INFO] "GET /static/css/apform2.css HTTP/1.1" 200 10038
2018-07-24 09:22:44,589 INFO "GET /static/css/apform2.css HTTP/1.1" 200 10038
[2018-07-24 09:22:44,592] [INFO] "GET /static/js/apform2.js HTTP/1.1" 200 15553
2018-07-24 09:22:44,592 INFO "GET /static/js/apform2.js HTTP/1.1" 200 15553
[2018-07-24 09:22:44,721] [INFO] "GET /static/images/check_process.png HTTP/1.1" 200 3715
2018-07-24 09:22:44,721 INFO "GET /static/images/check_process.png HTTP/1.1" 200 3715
[2018-07-24 09:22:44,722] [INFO] "GET /static/images/submit.png HTTP/1.1" 200 3121
2018-07-24 09:22:44,722 INFO "GET /static/images/submit.png HTTP/1.1" 200 3121
[2018-07-24 09:22:44,775] [INFO] "GET /static/images/check2.png HTTP/1.1" 200 2835
2018-07-24 09:22:44,775 INFO "GET /static/images/check2.png HTTP/1.1" 200 2835
[2018-07-24 09:22:44,778] [INFO] "GET /static/images/back.png HTTP/1.1" 200 2824
2018-07-24 09:22:44,778 INFO "GET /static/images/back.png HTTP/1.1" 200 2824
[2018-07-24 09:22:45,475] [INFO] "GET /static/images/%E8%83%8C%E6%99%AF.png HTTP/1.1" 200 244730
2018-07-24 09:22:45,475 INFO "GET /static/images/%E8%83%8C%E6%99%AF.png HTTP/1.1" 200 244730
[2018-07-24 09:22:46,206] [INFO] "GET /image/image/HeadPicture/head5.png HTTP/1.1" 200 12328
2018-07-24 09:22:46,206 INFO "GET /image/image/HeadPicture/head5.png HTTP/1.1" 200 12328
[2018-07-24 09:22:47,698] [INFO] "GET /home/story/ HTTP/1.1" 200 3671
2018-07-24 09:22:47,698 INFO "GET /home/story/ HTTP/1.1" 200 3671
[2018-07-24 09:22:53,157] [INFO] "GET /home/member/ HTTP/1.1" 200 10807
2018-07-24 09:22:53,157 INFO "GET /home/member/ HTTP/1.1" 200 10807
[2018-07-24 09:22:53,311] [WARNING] Not Found: /image/image/MemberPhoto/QQ图片20180104163308.png
2018-07-24 09:22:53,311 WARNING Not Found: /image/image/MemberPhoto/QQ图片20180104163308.png
[2018-07-24 09:22:53,311] [WARNING] "GET /image/image/MemberPhoto/QQ%E5%9B%BE%E7%89%8720180104163308.png HTTP/1.1" 404 1891
2018-07-24 09:22:53,311 WARNING "GET /image/image/MemberPhoto/QQ%E5%9B%BE%E7%89%8720180104163308.png HTTP/1.1" 404 1891
[2018-07-24 09:22:53,314] [WARNING] Not Found: /image/image/MemberPhoto/9150e4e5gy1fpwe2vs79fj20ku0kgdgz_XaKoYtt.jpg
2018-07-24 09:22:53,314 WARNING Not Found: /image/image/MemberPhoto/9150e4e5gy1fpwe2vs79fj20ku0kgdgz_XaKoYtt.jpg
[2018-07-24 09:22:53,314] [WARNING] "GET /image/image/MemberPhoto/9150e4e5gy1fpwe2vs79fj20ku0kgdgz_XaKoYtt.jpg HTTP/1.1" 404 1933
2018-07-24 09:22:53,314 WARNING "GET /image/image/MemberPhoto/9150e4e5gy1fpwe2vs79fj20ku0kgdgz_XaKoYtt.jpg HTTP/1.1" 404 1933
[2018-07-24 09:22:53,317] [WARNING] Not Found: /image/image/MemberPhoto/20165116592831174_eARRzC9.jpg
2018-07-24 09:22:53,317 WARNING Not Found: /image/image/MemberPhoto/20165116592831174_eARRzC9.jpg
[2018-07-24 09:22:53,318] [WARNING] "GET /image/image/MemberPhoto/20165116592831174_eARRzC9.jpg HTTP/1.1" 404 1888
2018-07-24 09:22:53,318 WARNING "GET /image/image/MemberPhoto/20165116592831174_eARRzC9.jpg HTTP/1.1" 404 1888
[2018-07-24 09:23:37,416] [INFO] "GET /fresher/new/ HTTP/1.1" 200 4793
2018-07-24 09:23:37,416 INFO "GET /fresher/new/ HTTP/1.1" 200 4793
[2018-07-24 09:23:39,988] [INFO] "GET /home/comment/ HTTP/1.1" 200 5174
2018-07-24 09:23:39,988 INFO "GET /home/comment/ HTTP/1.1" 200 5174
[2018-07-24 09:23:40,176] [INFO] "GET /api/comment/get?code=0 HTTP/1.1" 200 1981
2018-07-24 09:23:40,176 INFO "GET /api/comment/get?code=0 HTTP/1.1" 200 1981
2018-07-24 09:23:40,178 DEBUG 随机串：69VY
[2018-07-24 09:23:40,196] [INFO] "GET /api/identifyPic HTTP/1.1" 200 975
2018-07-24 09:23:40,196 INFO "GET /api/identifyPic HTTP/1.1" 200 975
[2018-07-24 09:23:43,020] [INFO] "GET /home/department/ HTTP/1.1" 200 5267
2018-07-24 09:23:43,020 INFO "GET /home/department/ HTTP/1.1" 200 5267
[2018-07-24 09:23:43,285] [INFO] "GET /static/img/leftplanet.png HTTP/1.1" 200 115596
2018-07-24 09:23:43,285 INFO "GET /static/img/leftplanet.png HTTP/1.1" 200 115596
[2018-07-24 09:23:44,731] [INFO] "GET /home/workshow/ HTTP/1.1" 200 3988
2018-07-24 09:23:44,731 INFO "GET /home/workshow/ HTTP/1.1" 200 3988
[2018-07-24 09:23:44,798] [INFO] "GET /static/img/dpbg2.png HTTP/1.1" 200 262144
2018-07-24 09:23:44,798 INFO "GET /static/img/dpbg2.png HTTP/1.1" 200 262144
[2018-07-24 09:23:45,698] [INFO] "GET /home/index/ HTTP/1.1" 200 4446
2018-07-24 09:23:45,698 INFO "GET /home/index/ HTTP/1.1" 200 4446
[2018-07-24 09:23:46,195] [INFO] "GET /home/member/ HTTP/1.1" 200 10807
2018-07-24 09:23:46,195 INFO "GET /home/member/ HTTP/1.1" 200 10807
[2018-07-24 09:23:46,214] [INFO] "GET /image/image/WorksShowPhoto/%E7%88%B1%E7%89%B9%E5%B1%95%E7%A4%BA%E7%BD%91.png HTTP/1.1" 200 180224
2018-07-24 09:23:46,214 INFO "GET /image/image/WorksShowPhoto/%E7%88%B1%E7%89%B9%E5%B1%95%E7%A4%BA%E7%BD%91.png HTTP/1.1" 200 180224
[2018-07-24 09:23:46,294] [INFO] "GET /static/img/hhaj.png HTTP/1.1" 200 33689
2018-07-24 09:23:46,294 INFO "GET /static/img/hhaj.png HTTP/1.1" 200 33689
[2018-07-24 09:23:46,469] [INFO] "GET /static/img/back.png HTTP/1.1" 200 81920
2018-07-24 09:23:46,469 INFO "GET /static/img/back.png HTTP/1.1" 200 81920
[2018-07-24 09:23:46,867] [INFO] "GET /static/css/member.css HTTP/1.1" 200 4960
2018-07-24 09:23:46,867 INFO "GET /static/css/member.css HTTP/1.1" 200 4960
[2018-07-24 09:23:46,900] [INFO] "GET /static/img/left.png HTTP/1.1" 200 632
2018-07-24 09:23:46,900 INFO "GET /static/img/left.png HTTP/1.1" 200 632
[2018-07-24 09:23:46,905] [INFO] "GET /static/img/backac.png HTTP/1.1" 200 19879
2018-07-24 09:23:46,905 INFO "GET /static/img/backac.png HTTP/1.1" 200 19879
[2018-07-24 09:23:46,957] [INFO] "GET /static/js/member.js HTTP/1.1" 200 9325
2018-07-24 09:23:46,957 INFO "GET /static/js/member.js HTTP/1.1" 200 9325
[2018-07-24 09:23:46,991] [INFO] "GET /static/img/right.png HTTP/1.1" 200 700
2018-07-24 09:23:46,991 INFO "GET /static/img/right.png HTTP/1.1" 200 700
[2018-07-24 09:23:47,095] [WARNING] Not Found: /image/image/MemberPhoto/QQ图片20180104163308.png
2018-07-24 09:23:47,095 WARNING Not Found: /image/image/MemberPhoto/QQ图片20180104163308.png
[2018-07-24 09:23:47,096] [WARNING] "GET /image/image/MemberPhoto/QQ%E5%9B%BE%E7%89%8720180104163308.png HTTP/1.1" 404 1896
2018-07-24 09:23:47,096 WARNING "GET /image/image/MemberPhoto/QQ%E5%9B%BE%E7%89%8720180104163308.png HTTP/1.1" 404 1896
[2018-07-24 09:23:47,187] [INFO] "GET /home/story/ HTTP/1.1" 200 3671
2018-07-24 09:23:47,187 INFO "GET /home/story/ HTTP/1.1" 200 3671
[2018-07-24 09:23:47,200] [WARNING] Not Found: /image/image/MemberPhoto/9150e4e5gy1fpwe2vs79fj20ku0kgdgz_XaKoYtt.jpg
2018-07-24 09:23:47,200 WARNING Not Found: /image/image/MemberPhoto/9150e4e5gy1fpwe2vs79fj20ku0kgdgz_XaKoYtt.jpg
[2018-07-24 09:23:47,201] [WARNING] "GET /image/image/MemberPhoto/9150e4e5gy1fpwe2vs79fj20ku0kgdgz_XaKoYtt.jpg HTTP/1.1" 404 1938
2018-07-24 09:23:47,201 WARNING "GET /image/image/MemberPhoto/9150e4e5gy1fpwe2vs79fj20ku0kgdgz_XaKoYtt.jpg HTTP/1.1" 404 1938
[2018-07-24 09:23:47,247] [INFO] "GET /static/img/jsiji.png HTTP/1.1" 200 73728
2018-07-24 09:23:47,247 INFO "GET /static/img/jsiji.png HTTP/1.1" 200 73728
[2018-07-24 09:23:47,293] [WARNING] Not Found: /image/image/MemberPhoto/20165116592831174_eARRzC9.jpg
2018-07-24 09:23:47,293 WARNING Not Found: /image/image/MemberPhoto/20165116592831174_eARRzC9.jpg
[2018-07-24 09:23:47,293] [WARNING] "GET /image/image/MemberPhoto/20165116592831174_eARRzC9.jpg HTTP/1.1" 404 1893
2018-07-24 09:23:47,293 WARNING "GET /image/image/MemberPhoto/20165116592831174_eARRzC9.jpg HTTP/1.1" 404 1893
[2018-07-24 09:23:47,481] [INFO] "GET /static/img/asdabj.png HTTP/1.1" 200 37963
2018-07-24 09:23:47,481 INFO "GET /static/img/asdabj.png HTTP/1.1" 200 37963
[2018-07-24 09:23:48,114] [INFO] "GET /static/img/mountain.png HTTP/1.1" 200 50502
2018-07-24 09:23:48,114 INFO "GET /static/img/mountain.png HTTP/1.1" 200 50502
[2018-07-24 09:23:48,223] [INFO] "GET /image/image/MemberPhoto/9150e4e5gy1fpwe2vs79fj20ku0kgdgz.jpg HTTP/1.1" 200 52247
2018-07-24 09:23:48,223 INFO "GET /image/image/MemberPhoto/9150e4e5gy1fpwe2vs79fj20ku0kgdgz.jpg HTTP/1.1" 200 52247
[2018-07-24 09:23:48,561] [INFO] "GET /home/index/ HTTP/1.1" 200 4446
2018-07-24 09:23:48,561 INFO "GET /home/index/ HTTP/1.1" 200 4446
[2018-07-24 09:23:48,956] [INFO] "GET /static/js/jquery-3.3.1.min.js HTTP/1.1" 200 86927
2018-07-24 09:23:48,956 INFO "GET /static/js/jquery-3.3.1.min.js HTTP/1.1" 200 86927
[2018-07-24 09:23:49,802] [INFO] "GET /static/img/page2.png HTTP/1.1" 200 1288
2018-07-24 09:23:49,802 INFO "GET /static/img/page2.png HTTP/1.1" 200 1288
[2018-07-24 09:23:49,805] [INFO] "GET /static/img/page1.png HTTP/1.1" 200 1472
2018-07-24 09:23:49,805 INFO "GET /static/img/page1.png HTTP/1.1" 200 1472
[2018-07-24 09:23:49,884] [INFO] "GET /static/img/jsiji.png HTTP/1.1" 200 122656
2018-07-24 09:23:49,884 INFO "GET /static/img/jsiji.png HTTP/1.1" 200 122656
[2018-07-24 09:23:51,362] [INFO] "GET /home/story/ HTTP/1.1" 200 3671
2018-07-24 09:23:51,362 INFO "GET /home/story/ HTTP/1.1" 200 3671
[2018-07-24 09:23:52,373] [INFO] "GET /home/member/ HTTP/1.1" 200 10807
2018-07-24 09:23:52,373 INFO "GET /home/member/ HTTP/1.1" 200 10807
[2018-07-24 09:23:52,489] [WARNING] Not Found: /image/image/MemberPhoto/QQ图片20180104163308.png
2018-07-24 09:23:52,489 WARNING Not Found: /image/image/MemberPhoto/QQ图片20180104163308.png
[2018-07-24 09:23:52,490] [WARNING] "GET /image/image/MemberPhoto/QQ%E5%9B%BE%E7%89%8720180104163308.png HTTP/1.1" 404 1891
2018-07-24 09:23:52,490 WARNING "GET /image/image/MemberPhoto/QQ%E5%9B%BE%E7%89%8720180104163308.png HTTP/1.1" 404 1891
[2018-07-24 09:23:52,492] [WARNING] Not Found: /image/image/MemberPhoto/9150e4e5gy1fpwe2vs79fj20ku0kgdgz_XaKoYtt.jpg
2018-07-24 09:23:52,492 WARNING Not Found: /image/image/MemberPhoto/9150e4e5gy1fpwe2vs79fj20ku0kgdgz_XaKoYtt.jpg
[2018-07-24 09:23:52,493] [WARNING] "GET /image/image/MemberPhoto/9150e4e5gy1fpwe2vs79fj20ku0kgdgz_XaKoYtt.jpg HTTP/1.1" 404 1933
2018-07-24 09:23:52,493 WARNING "GET /image/image/MemberPhoto/9150e4e5gy1fpwe2vs79fj20ku0kgdgz_XaKoYtt.jpg HTTP/1.1" 404 1933
[2018-07-24 09:23:52,496] [WARNING] Not Found: /image/image/MemberPhoto/20165116592831174_eARRzC9.jpg
2018-07-24 09:23:52,496 WARNING Not Found: /image/image/MemberPhoto/20165116592831174_eARRzC9.jpg
[2018-07-24 09:23:52,496] [WARNING] "GET /image/image/MemberPhoto/20165116592831174_eARRzC9.jpg HTTP/1.1" 404 1888
2018-07-24 09:23:52,496 WARNING "GET /image/image/MemberPhoto/20165116592831174_eARRzC9.jpg HTTP/1.1" 404 1888
[2018-07-24 09:23:53,999] [INFO] "GET /home/comment/ HTTP/1.1" 200 5174
2018-07-24 09:23:53,999 INFO "GET /home/comment/ HTTP/1.1" 200 5174
2018-07-24 09:23:54,143 DEBUG 随机串：7E2E
[2018-07-24 09:23:54,159] [INFO] "GET /api/identifyPic HTTP/1.1" 200 1111
2018-07-24 09:23:54,159 INFO "GET /api/identifyPic HTTP/1.1" 200 1111
[2018-07-24 09:23:54,208] [INFO] "GET /api/comment/get?code=0 HTTP/1.1" 200 1981
2018-07-24 09:23:54,208 INFO "GET /api/comment/get?code=0 HTTP/1.1" 200 1981
[2018-07-24 09:23:55,472] [INFO] "GET /home/member/ HTTP/1.1" 200 10807
2018-07-24 09:23:55,472 INFO "GET /home/member/ HTTP/1.1" 200 10807
[2018-07-24 09:23:55,564] [WARNING] Not Found: /image/image/MemberPhoto/QQ图片20180104163308.png
2018-07-24 09:23:55,564 WARNING Not Found: /image/image/MemberPhoto/QQ图片20180104163308.png
[2018-07-24 09:23:55,565] [WARNING] "GET /image/image/MemberPhoto/QQ%E5%9B%BE%E7%89%8720180104163308.png HTTP/1.1" 404 1891
2018-07-24 09:23:55,565 WARNING "GET /image/image/MemberPhoto/QQ%E5%9B%BE%E7%89%8720180104163308.png HTTP/1.1" 404 1891
[2018-07-24 09:23:55,568] [WARNING] Not Found: /image/image/MemberPhoto/9150e4e5gy1fpwe2vs79fj20ku0kgdgz_XaKoYtt.jpg
2018-07-24 09:23:55,568 WARNING Not Found: /image/image/MemberPhoto/9150e4e5gy1fpwe2vs79fj20ku0kgdgz_XaKoYtt.jpg
[2018-07-24 09:23:55,569] [WARNING] "GET /image/image/MemberPhoto/9150e4e5gy1fpwe2vs79fj20ku0kgdgz_XaKoYtt.jpg HTTP/1.1" 404 1933
2018-07-24 09:23:55,569 WARNING "GET /image/image/MemberPhoto/9150e4e5gy1fpwe2vs79fj20ku0kgdgz_XaKoYtt.jpg HTTP/1.1" 404 1933
[2018-07-24 09:23:55,573] [WARNING] Not Found: /image/image/MemberPhoto/20165116592831174_eARRzC9.jpg
2018-07-24 09:23:55,573 WARNING Not Found: /image/image/MemberPhoto/20165116592831174_eARRzC9.jpg
[2018-07-24 09:23:55,573] [WARNING] "GET /image/image/MemberPhoto/20165116592831174_eARRzC9.jpg HTTP/1.1" 404 1888
2018-07-24 09:23:55,573 WARNING "GET /image/image/MemberPhoto/20165116592831174_eARRzC9.jpg HTTP/1.1" 404 1888
[2018-07-24 09:23:57,866] [INFO] "GET /home/story/ HTTP/1.1" 200 3671
2018-07-24 09:23:57,866 INFO "GET /home/story/ HTTP/1.1" 200 3671
[2018-07-24 09:23:59,369] [INFO] "GET /home/comment/ HTTP/1.1" 200 5174
2018-07-24 09:23:59,369 INFO "GET /home/comment/ HTTP/1.1" 200 5174
2018-07-24 09:23:59,499 DEBUG 随机串：Oo8x
[2018-07-24 09:23:59,521] [INFO] "GET /api/identifyPic HTTP/1.1" 200 1023
2018-07-24 09:23:59,521 INFO "GET /api/identifyPic HTTP/1.1" 200 1023
[2018-07-24 09:23:59,612] [INFO] "GET /api/comment/get?code=0 HTTP/1.1" 200 1981
2018-07-24 09:23:59,612 INFO "GET /api/comment/get?code=0 HTTP/1.1" 200 1981
[2018-07-24 09:24:31,162] [INFO] "GET /home/story/ HTTP/1.1" 200 3671
2018-07-24 09:24:31,162 INFO "GET /home/story/ HTTP/1.1" 200 3671
[2018-07-24 09:24:31,305] [INFO] "GET /static/css/nav.css HTTP/1.1" 200 968
2018-07-24 09:24:31,305 INFO "GET /static/css/nav.css HTTP/1.1" 200 968
[2018-07-24 09:24:31,309] [INFO] "GET /static/css/d.css HTTP/1.1" 200 309
2018-07-24 09:24:31,309 INFO "GET /static/css/d.css HTTP/1.1" 200 309
[2018-07-24 09:24:31,316] [INFO] "GET /static/css/bigevent.css HTTP/1.1" 200 4957
2018-07-24 09:24:31,316 INFO "GET /static/css/bigevent.css HTTP/1.1" 200 4957
[2018-07-24 09:24:31,322] [INFO] "GET /static/img/logo.png HTTP/1.1" 200 1593
2018-07-24 09:24:31,322 INFO "GET /static/img/logo.png HTTP/1.1" 200 1593
[2018-07-24 09:24:31,324] [INFO] "GET /static/images/qiu.png HTTP/1.1" 200 32501
2018-07-24 09:24:31,324 INFO "GET /static/images/qiu.png HTTP/1.1" 200 32501
[2018-07-24 09:24:31,429] [INFO] "GET /static/css/scrollbar.css HTTP/1.1" 200 53807
2018-07-24 09:24:31,429 INFO "GET /static/css/scrollbar.css HTTP/1.1" 200 53807
[2018-07-24 09:24:31,433] [INFO] "GET /static/js/nav.js HTTP/1.1" 200 2257
2018-07-24 09:24:31,433 INFO "GET /static/js/nav.js HTTP/1.1" 200 2257
[2018-07-24 09:24:31,437] [INFO] "GET /static/js/bigevent2.js HTTP/1.1" 200 15568
2018-07-24 09:24:31,437 INFO "GET /static/js/bigevent2.js HTTP/1.1" 200 15568
[2018-07-24 09:24:31,454] [INFO] "GET /static/js/mCustomScrollbar.js HTTP/1.1" 200 44715
2018-07-24 09:24:31,454 INFO "GET /static/js/mCustomScrollbar.js HTTP/1.1" 200 44715
[2018-07-24 09:24:31,552] [INFO] "GET /static/images/eventword.png HTTP/1.1" 200 3551
2018-07-24 09:24:31,552 INFO "GET /static/images/eventword.png HTTP/1.1" 200 3551
[2018-07-24 09:24:31,558] [INFO] "GET /static/images/orangeball.png HTTP/1.1" 200 9708
2018-07-24 09:24:31,558 INFO "GET /static/images/orangeball.png HTTP/1.1" 200 9708
[2018-07-24 09:24:31,611] [INFO] "GET /static/images/close.png HTTP/1.1" 200 486
2018-07-24 09:24:31,611 INFO "GET /static/images/close.png HTTP/1.1" 200 486
[2018-07-24 09:24:31,899] [INFO] "GET /static/js/jquery-3.2.1.min.js HTTP/1.1" 200 86659
2018-07-24 09:24:31,899 INFO "GET /static/js/jquery-3.2.1.min.js HTTP/1.1" 200 86659
[2018-07-24 09:24:32,960] [INFO] "GET /static/favicon.ico HTTP/1.1" 200 536
2018-07-24 09:24:32,960 INFO "GET /static/favicon.ico HTTP/1.1" 200 536
[2018-07-24 09:28:41,133] [INFO] "GET /fresher/new/ HTTP/1.1" 200 4793
2018-07-24 09:28:41,133 INFO "GET /fresher/new/ HTTP/1.1" 200 4793
[2018-07-24 09:28:41,255] [INFO] "GET /static/css/apform2.css HTTP/1.1" 304 0
2018-07-24 09:28:41,255 INFO "GET /static/css/apform2.css HTTP/1.1" 304 0
[2018-07-24 09:28:41,256] [INFO] "GET /static/js/apform2.js HTTP/1.1" 304 0
2018-07-24 09:28:41,256 INFO "GET /static/js/apform2.js HTTP/1.1" 304 0
[2018-07-24 09:28:41,360] [INFO] "GET /static/images/%E8%83%8C%E6%99%AF.png HTTP/1.1" 304 0
2018-07-24 09:28:41,360 INFO "GET /static/images/%E8%83%8C%E6%99%AF.png HTTP/1.1" 304 0
[2018-07-24 09:28:41,364] [INFO] "GET /static/images/check_process.png HTTP/1.1" 304 0
2018-07-24 09:28:41,364 INFO "GET /static/images/check_process.png HTTP/1.1" 304 0
[2018-07-24 09:28:41,365] [INFO] "GET /static/images/submit.png HTTP/1.1" 304 0
2018-07-24 09:28:41,365 INFO "GET /static/images/submit.png HTTP/1.1" 304 0
[2018-07-24 09:28:41,370] [INFO] "GET /static/images/check2.png HTTP/1.1" 304 0
2018-07-24 09:28:41,370 INFO "GET /static/images/check2.png HTTP/1.1" 304 0
[2018-07-24 09:28:41,375] [INFO] "GET /static/images/back.png HTTP/1.1" 304 0
2018-07-24 09:28:41,375 INFO "GET /static/images/back.png HTTP/1.1" 304 0
[2018-07-24 09:28:43,545] [INFO] "GET /home/story/ HTTP/1.1" 200 3671
2018-07-24 09:28:43,545 INFO "GET /home/story/ HTTP/1.1" 200 3671
[2018-07-24 09:28:45,162] [INFO] "GET /api/event/get?year=2016 HTTP/1.1" 200 118
2018-07-24 09:28:45,162 INFO "GET /api/event/get?year=2016 HTTP/1.1" 200 118
